2026-05-22 17:35:31,593 [INFO] Activator:176 - 


2026-05-22 17:35:31,600 [INFO] Activator:177 - !SESSION log4j initialized
2026-05-22 17:35:40,362 [INFO] LogOutputStream:77 - [STDOUT_REDIRECT] 
2026-05-22 17:35:44,103 [INFO] ApplicationProperties:184 - Using Application install path: C:\ST\STM32CubeIDE_1.19.0\STM32CubeIDE\plugins\com.st.stm32cube.common.mx_6.15.0.202507011659
2026-05-22 17:35:44,128 [INFO] DbMcusXml:78 - Set database path to: C:\ST\STM32CubeIDE_1.19.0\STM32CubeIDE\plugins\com.st.stm32cube.common.mx_6.15.0.202507011659\\db\/mcu/
2026-05-22 17:35:44,128 [INFO] ApiDb:274 - Set plugin database path to: C:\ST\STM32CubeIDE_1.19.0\STM32CubeIDE\plugins\com.st.stm32cube.common.mx_6.15.0.202507011659\\db\/plugins/boardmanager/
2026-05-22 17:35:44,129 [WARN] ApiDb:259 - Overriding images path with different value:  => C:\ST\STM32CubeIDE_1.19.0\STM32CubeIDE\plugins\com.st.stm32cube.common.mx_6.15.0.202507011659\\db\/plugins/mcufinder/images/
2026-05-22 17:35:44,152 [INFO] ApiDb:250 - Set database path to: C:\Users\Admin\.stmcufinder\plugins\mcufinder//mcu/
2026-05-22 17:35:44,155 [INFO] DbMcusAds:125 - Set database path to: C:\Users\Admin\.stmcufinder\plugins\mcufinder//mcu/
2026-05-22 17:35:44,159 [INFO] CrossReferenceDbSqlite:203 - Set database path to: C:\Users\Admin\.stmcufinder\plugins\mcufinder//mcu/cs/
2026-05-22 17:35:44,306 [INFO] RulesReader:64 - Compatibility file has been processed (317 Rules)
2026-05-22 17:35:44,420 [INFO] DbMcusXml:78 - Set database path to: C:\ST\STM32CubeIDE_1.19.0\STM32CubeIDE\plugins\com.st.stm32cube.common.mx_6.15.0.202507011659\\db\/mcu/
2026-05-22 17:35:44,420 [INFO] ApiDb:274 - Set plugin database path to: C:\ST\STM32CubeIDE_1.19.0\STM32CubeIDE\plugins\com.st.stm32cube.common.mx_6.15.0.202507011659\\db\/plugins/boardmanager/
2026-05-22 17:35:44,420 [INFO] ApiDb:261 - Set plugin images path to: C:\ST\STM32CubeIDE_1.19.0\STM32CubeIDE\plugins\com.st.stm32cube.common.mx_6.15.0.202507011659\\db\/plugins/mcufinder/images/
2026-05-22 17:35:44,420 [WARN] DbFile:41 - Overriding database path with different value: C:\Users\Admin\.stmcufinder\plugins\mcufinder/ => C:\Users\Admin\.stmcufinder\plugins\mcufinder
2026-05-22 17:35:44,420 [INFO] ApiDb:250 - Set database path to: C:\Users\Admin\.stmcufinder\plugins\mcufinder//mcu/
2026-05-22 17:35:44,420 [WARN] DbFile:41 - Overriding database path with different value: C:\Users\Admin\.stmcufinder\plugins\mcufinder/ => C:\Users\Admin\.stmcufinder\plugins\mcufinder
2026-05-22 17:35:44,420 [INFO] DbMcusAds:125 - Set database path to: C:\Users\Admin\.stmcufinder\plugins\mcufinder//mcu/
2026-05-22 17:35:44,420 [WARN] DbFile:41 - Overriding database path with different value: C:\Users\Admin\.stmcufinder\plugins\mcufinder/ => C:\Users\Admin\.stmcufinder\plugins\mcufinder
2026-05-22 17:35:44,420 [WARN] DbFile:41 - Overriding database path with different value: C:\Users\Admin\.stmcufinder\plugins\mcufinder/ => C:\Users\Admin\.stmcufinder\plugins\mcufinder
2026-05-22 17:35:44,420 [INFO] CrossReferenceDbSqlite:203 - Set database path to: C:\Users\Admin\.stmcufinder\plugins\mcufinder//mcu/cs/
2026-05-22 17:35:44,517 [INFO] MainPanel:274 - HeapMemory: 268435456
2026-05-22 17:35:44,675 [INFO] DbMcusXml:78 - Set database path to: C:\ST\STM32CubeIDE_1.19.0\STM32CubeIDE\plugins\com.st.stm32cube.common.mx_6.15.0.202507011659\\db\/mcu/
2026-05-22 17:35:44,675 [INFO] ApiDb:274 - Set plugin database path to: C:\ST\STM32CubeIDE_1.19.0\STM32CubeIDE\plugins\com.st.stm32cube.common.mx_6.15.0.202507011659\\db\/plugins/boardmanager/
2026-05-22 17:35:44,675 [INFO] ApiDb:261 - Set plugin images path to: C:\ST\STM32CubeIDE_1.19.0\STM32CubeIDE\plugins\com.st.stm32cube.common.mx_6.15.0.202507011659\\db\/plugins/mcufinder/images/
2026-05-22 17:35:44,676 [WARN] DbFile:41 - Overriding database path with different value: C:\Users\Admin\.stmcufinder\plugins\mcufinder/ => C:\Users\Admin\.stmcufinder\plugins\mcufinder
2026-05-22 17:35:44,676 [INFO] ApiDb:250 - Set database path to: C:\Users\Admin\.stmcufinder\plugins\mcufinder//mcu/
2026-05-22 17:35:44,676 [WARN] DbFile:41 - Overriding database path with different value: C:\Users\Admin\.stmcufinder\plugins\mcufinder/ => C:\Users\Admin\.stmcufinder\plugins\mcufinder
2026-05-22 17:35:44,676 [INFO] DbMcusAds:125 - Set database path to: C:\Users\Admin\.stmcufinder\plugins\mcufinder//mcu/
2026-05-22 17:35:44,676 [WARN] DbFile:41 - Overriding database path with different value: C:\Users\Admin\.stmcufinder\plugins\mcufinder/ => C:\Users\Admin\.stmcufinder\plugins\mcufinder
2026-05-22 17:35:44,676 [WARN] DbFile:41 - Overriding database path with different value: C:\Users\Admin\.stmcufinder\plugins\mcufinder/ => C:\Users\Admin\.stmcufinder\plugins\mcufinder
2026-05-22 17:35:44,676 [INFO] CrossReferenceDbSqlite:203 - Set database path to: C:\Users\Admin\.stmcufinder\plugins\mcufinder//mcu/cs/
2026-05-22 17:35:44,699 [INFO] ApplicationProperties:184 - Using Application install path: C:\ST\STM32CubeIDE_1.19.0\STM32CubeIDE\plugins\com.st.stm32cube.common.mx_6.15.0.202507011659
2026-05-22 17:35:44,700 [INFO] PluginManage:196 - Search for loadable plugins [exclusion list=, ]
2026-05-22 17:35:44,702 [INFO] PluginManage:310 - Check plugin analytics
2026-05-22 17:35:45,007 [INFO] AnalyticsPlugin:253 - Accepted Software Licenses: STM32CubeMX.6.15.0,STM32CubeMX.6.4.0,STM32CubeMX.6.12.0,STM32CubeMX.6.16.0,STM32CubeMX.6.17.0
2026-05-22 17:35:45,008 [INFO] AnalyticsPlugin:255 - Accepted CMSIS Pack Licenses: STMicroelectronics.X-CUBE-DISPLAY.2.0.0,STMicroelectronics.X-CUBE-TOUCHGFX.4.18.0
2026-05-22 17:35:45,008 [INFO] AnalyticsPlugin:257 - Accepted Firmware Licenses: FW.F4.1.27.0,FW.G4.1.5.0,FW.G4.1.6.0,FW.F4.1.28.0,FW.F7.1.17.0,FW.G0.1.6.0,FW.H5.1.3.0,FW.H7.1.11.0,FW.L4.1.18.0,FW.L5.1.5.0,FW.U5.1.6.0,FW.WB.1.20.0,FW.H7.1.12.0,FW.G4.1.6.2
2026-05-22 17:35:45,011 [INFO] PluginManage:359 - Loaded plugin analytics (category:tool,tabindex:-1)
2026-05-22 17:35:45,011 [INFO] PluginManage:310 - Check plugin cadmodel
2026-05-22 17:35:45,036 [INFO] CADModel:105 - Init CAD model plugin
2026-05-22 17:35:45,037 [INFO] PluginManage:359 - Loaded plugin cadmodel (category:power,tabindex:5)
2026-05-22 17:35:45,037 [INFO] PluginManage:310 - Check plugin clock
2026-05-22 17:35:45,075 [INFO] PluginManage:359 - Loaded plugin clock (category:base,tabindex:2)
2026-05-22 17:35:45,075 [INFO] PluginManage:310 - Check plugin ddr
2026-05-22 17:35:45,078 [INFO] PluginManage:359 - Loaded plugin ddr (category:tool,tabindex:6)
2026-05-22 17:35:45,079 [INFO] PluginManage:310 - Check plugin filemanager
2026-05-22 17:35:45,264 [INFO] PluginManage:359 - Loaded plugin filemanager (category:base,tabindex:10)
2026-05-22 17:35:45,264 [INFO] PluginManage:310 - Check plugin ipmanager
2026-05-22 17:35:45,272 [INFO] PluginManage:359 - Loaded plugin ipmanager (category:base,tabindex:5)
2026-05-22 17:35:45,273 [INFO] PluginManage:310 - Check plugin lpbam
2026-05-22 17:35:45,302 [INFO] PluginManage:359 - Loaded plugin lpbam (category:base,tabindex:0)
2026-05-22 17:35:45,302 [INFO] PluginManage:310 - Check plugin memorymap
2026-05-22 17:35:45,346 [INFO] PluginManage:359 - Loaded plugin memorymap (category:base,tabindex:4)
2026-05-22 17:35:45,346 [INFO] PluginManage:310 - Check plugin pinoutandconfiguration
2026-05-22 17:35:45,379 [INFO] PluginManage:359 - Loaded plugin pinoutandconfiguration (category:base,tabindex:1)
2026-05-22 17:35:45,380 [INFO] PluginManage:310 - Check plugin pinoutconfig
2026-05-22 17:35:45,533 [WARN] SupportedApi:132 - Cannot load RTOS API schema: s4s-elt-must-match.1: The content of 'definitions' must match (annotation?, (simpleType | complexType)?, (unique | key | keyref)*)). A problem was found starting at: attribute.
2026-05-22 17:35:45,731 [INFO] PluginManage:359 - Loaded plugin pinoutconfig (category:base,tabindex:0)
2026-05-22 17:35:45,731 [INFO] PluginManage:310 - Check plugin power
2026-05-22 17:35:45,756 [INFO] PluginManage:359 - Loaded plugin power (category:power,tabindex:4)
2026-05-22 17:35:45,758 [INFO] PluginManage:310 - Check plugin projectmanager
2026-05-22 17:35:45,782 [INFO] PluginManage:359 - Loaded plugin projectmanager (category:projectmanager,tabindex:4)
2026-05-22 17:35:45,782 [INFO] PluginManage:310 - Check plugin rif
2026-05-22 17:35:45,813 [INFO] PluginManage:359 - Loaded plugin rif (category:base,tabindex:3)
2026-05-22 17:35:45,813 [INFO] PluginManage:310 - Check plugin thirdparty
2026-05-22 17:35:46,276 [INFO] PluginManage:359 - Loaded plugin thirdparty (category:base,tabindex:-1)
2026-05-22 17:35:46,276 [WARN] IntegrityCheckThread:84 - waiting for thirdparty lock release [integrity check]
2026-05-22 17:35:46,276 [INFO] IntegrityCheckThread:86 - entering critical section [integrity check]
2026-05-22 17:35:46,276 [INFO] PluginManage:310 - Check plugin tools
2026-05-22 17:35:46,278 [INFO] ThirdPartyUpdaterWithRetryManager:70 - Updater plugin not ready yet. [1/15]
2026-05-22 17:35:46,369 [INFO] PluginManage:359 - Loaded plugin tools (category:base,tabindex:7)
2026-05-22 17:35:46,369 [INFO] PluginManage:310 - Check plugin tutovideos
2026-05-22 17:35:46,686 [INFO] PluginManage:359 - Loaded plugin tutovideos (category:base,tabindex:-1)
2026-05-22 17:35:46,686 [INFO] PluginManage:310 - Check plugin updater
2026-05-22 17:35:46,713 [INFO] PluginManage:359 - Loaded plugin updater (category:base,tabindex:12)
2026-05-22 17:35:46,713 [INFO] PluginManage:310 - Check plugin userauth
2026-05-22 17:35:46,717 [INFO] UserAuth:118 - Init User Auth plugin
2026-05-22 17:35:46,719 [INFO] PluginManage:359 - Loaded plugin userauth (category:base,tabindex:14)
2026-05-22 17:35:46,719 [INFO] PluginManage:283 - PluginManage : Loaded plugins [18]
2026-05-22 17:35:46,998 [INFO] PinOutPanel:1589 - setPackage(No Configuration,No Configuration)
2026-05-22 17:35:47,112 [INFO] CADModel:165 - CPN selected for project level
2026-05-22 17:35:47,112 [INFO] CADModel:114 - Register for checkConnection events
2026-05-22 17:35:47,150 [INFO] IPUIPlugin:80 - create IPUIPlugin
2026-05-22 17:35:47,150 [INFO] PluginManager:220 - loadIPPluginJar : add adc
2026-05-22 17:35:47,239 [INFO] IPUIPlugin:80 - create IPUIPlugin
2026-05-22 17:35:47,240 [INFO] PluginManager:220 - loadIPPluginJar : add aes
2026-05-22 17:35:47,324 [INFO] IPUIPlugin:80 - create IPUIPlugin
2026-05-22 17:35:47,324 [INFO] PluginManager:220 - loadIPPluginJar : add can
2026-05-22 17:35:47,370 [INFO] IPUIPlugin:80 - create IPUIPlugin
2026-05-22 17:35:47,370 [INFO] PluginManager:220 - loadIPPluginJar : add comp
2026-05-22 17:35:47,461 [INFO] IPUIPlugin:80 - create IPUIPlugin
2026-05-22 17:35:47,461 [INFO] PluginManager:220 - loadIPPluginJar : add cryp
2026-05-22 17:35:47,487 [INFO] IPUIPlugin:80 - create IPUIPlugin
2026-05-22 17:35:47,487 [INFO] PluginManager:220 - loadIPPluginJar : add ddr_ctrl_phy
2026-05-22 17:35:47,568 [INFO] IPUIPlugin:80 - create IPUIPlugin
2026-05-22 17:35:47,568 [INFO] PluginManager:220 - loadIPPluginJar : add dfsdm
2026-05-22 17:35:47,599 [INFO] IPUIPlugin:80 - create IPUIPlugin
2026-05-22 17:35:47,600 [INFO] PluginManager:220 - loadIPPluginJar : add dma
2026-05-22 17:35:47,707 [INFO] IPUIPlugin:80 - create IPUIPlugin
2026-05-22 17:35:47,707 [INFO] PluginManager:220 - loadIPPluginJar : add dma3
2026-05-22 17:35:47,828 [INFO] IPUIPlugin:80 - create IPUIPlugin
2026-05-22 17:35:47,828 [INFO] PluginManager:220 - loadIPPluginJar : add extmemmanager
2026-05-22 17:35:47,879 [INFO] IPUIPlugin:80 - create IPUIPlugin
2026-05-22 17:35:47,880 [INFO] PluginManager:220 - loadIPPluginJar : add fatfs
2026-05-22 17:35:48,003 [INFO] IPUIPlugin:80 - create IPUIPlugin
2026-05-22 17:35:48,003 [INFO] PluginManager:220 - loadIPPluginJar : add fmc
2026-05-22 17:35:48,036 [INFO] IPUIPlugin:80 - create IPUIPlugin
2026-05-22 17:35:48,036 [INFO] PluginManager:220 - loadIPPluginJar : add freertos
2026-05-22 17:35:48,092 [INFO] IPUIPlugin:80 - create IPUIPlugin
2026-05-22 17:35:48,092 [INFO] PluginManager:220 - loadIPPluginJar : add genericplugin
2026-05-22 17:35:48,347 [INFO] IPUIPlugin:80 - create IPUIPlugin
2026-05-22 17:35:48,347 [INFO] PluginManager:220 - loadIPPluginJar : add gfxmmu
2026-05-22 17:35:48,691 [INFO] IPUIPlugin:80 - create IPUIPlugin
2026-05-22 17:35:48,691 [INFO] PluginManager:220 - loadIPPluginJar : add gic
2026-05-22 17:35:48,713 [INFO] IPUIPlugin:80 - create IPUIPlugin
2026-05-22 17:35:48,713 [INFO] PluginManager:220 - loadIPPluginJar : add gpio
2026-05-22 17:35:48,943 [INFO] IPUIPlugin:80 - create IPUIPlugin
2026-05-22 17:35:48,943 [INFO] PluginManager:220 - loadIPPluginJar : add gtzc
2026-05-22 17:35:49,030 [INFO] IPUIPlugin:80 - create IPUIPlugin
2026-05-22 17:35:49,030 [INFO] PluginManager:220 - loadIPPluginJar : add hash
2026-05-22 17:35:49,172 [INFO] IPUIPlugin:80 - create IPUIPlugin
2026-05-22 17:35:49,172 [INFO] PluginManager:220 - loadIPPluginJar : add i2c
2026-05-22 17:35:49,279 [INFO] ThirdPartyUpdaterWithRetryManager:70 - Updater plugin not ready yet. [2/15]
2026-05-22 17:35:49,280 [INFO] IPUIPlugin:80 - create IPUIPlugin
2026-05-22 17:35:49,280 [INFO] PluginManager:220 - loadIPPluginJar : add i2s
2026-05-22 17:35:49,388 [INFO] IPUIPlugin:80 - create IPUIPlugin
2026-05-22 17:35:49,389 [INFO] PluginManager:220 - loadIPPluginJar : add i3c
2026-05-22 17:35:49,651 [INFO] IPUIPlugin:80 - create IPUIPlugin
2026-05-22 17:35:49,653 [INFO] PluginManager:220 - loadIPPluginJar : add ipddr
2026-05-22 17:35:49,888 [INFO] IPUIPlugin:80 - create IPUIPlugin
2026-05-22 17:35:49,889 [INFO] PluginManager:220 - loadIPPluginJar : add linkedlist
2026-05-22 17:35:49,980 [INFO] IPUIPlugin:80 - create IPUIPlugin
2026-05-22 17:35:49,980 [INFO] PluginManager:220 - loadIPPluginJar : add lorawan
2026-05-22 17:35:50,079 [INFO] IPUIPlugin:80 - create IPUIPlugin
2026-05-22 17:35:50,079 [INFO] PluginManager:220 - loadIPPluginJar : add ltdc
2026-05-22 17:35:50,109 [INFO] IPUIPlugin:80 - create IPUIPlugin
2026-05-22 17:35:50,109 [INFO] PluginManager:220 - loadIPPluginJar : add mdma
2026-05-22 17:35:50,127 [INFO] IPUIPlugin:80 - create IPUIPlugin
2026-05-22 17:35:50,127 [INFO] PluginManager:220 - loadIPPluginJar : add nvic
2026-05-22 17:35:50,212 [INFO] IPUIPlugin:80 - create IPUIPlugin
2026-05-22 17:35:50,212 [INFO] PluginManager:220 - loadIPPluginJar : add opamp
2026-05-22 17:35:50,377 [INFO] IPUIPlugin:80 - create IPUIPlugin
2026-05-22 17:35:50,378 [INFO] PluginManager:220 - loadIPPluginJar : add openamp
2026-05-22 17:35:50,484 [INFO] IPUIPlugin:80 - create IPUIPlugin
2026-05-22 17:35:50,484 [INFO] PluginManager:220 - loadIPPluginJar : add pdm2pcm
2026-05-22 17:35:50,510 [INFO] IPUIPlugin:80 - create IPUIPlugin
2026-05-22 17:35:50,514 [INFO] PluginManager:220 - loadIPPluginJar : add plateformsettings
2026-05-22 17:35:50,558 [INFO] IPUIPlugin:80 - create IPUIPlugin
2026-05-22 17:35:50,559 [INFO] PluginManager:220 - loadIPPluginJar : add quadspi
2026-05-22 17:35:50,610 [INFO] IPUIPlugin:80 - create IPUIPlugin
2026-05-22 17:35:50,611 [INFO] PluginManager:220 - loadIPPluginJar : add radio
2026-05-22 17:35:50,629 [INFO] IPUIPlugin:80 - create IPUIPlugin
2026-05-22 17:35:50,629 [INFO] PluginManager:220 - loadIPPluginJar : add resmgrutility
2026-05-22 17:35:50,710 [INFO] IPUIPlugin:80 - create IPUIPlugin
2026-05-22 17:35:50,710 [INFO] PluginManager:220 - loadIPPluginJar : add sai
2026-05-22 17:35:50,791 [INFO] IPUIPlugin:80 - create IPUIPlugin
2026-05-22 17:35:50,791 [INFO] PluginManager:220 - loadIPPluginJar : add spi
2026-05-22 17:35:50,983 [INFO] IPUIPlugin:80 - create IPUIPlugin
2026-05-22 17:35:50,983 [INFO] PluginManager:220 - loadIPPluginJar : add stm32_wpan
2026-05-22 17:35:51,045 [INFO] IPUIPlugin:80 - create IPUIPlugin
2026-05-22 17:35:51,045 [INFO] PluginManager:220 - loadIPPluginJar : add tim
2026-05-22 17:35:51,199 [INFO] IPUIPlugin:80 - create IPUIPlugin
2026-05-22 17:35:51,199 [INFO] PluginManager:220 - loadIPPluginJar : add touchsensing
2026-05-22 17:35:51,251 [INFO] IPUIPlugin:80 - create IPUIPlugin
2026-05-22 17:35:51,251 [INFO] PluginManager:220 - loadIPPluginJar : add tracer_emb
2026-05-22 17:35:51,303 [INFO] IPUIPlugin:80 - create IPUIPlugin
2026-05-22 17:35:51,303 [INFO] PluginManager:220 - loadIPPluginJar : add ts
2026-05-22 17:35:51,347 [INFO] IPUIPlugin:80 - create IPUIPlugin
2026-05-22 17:35:51,347 [INFO] PluginManager:220 - loadIPPluginJar : add tsc
2026-05-22 17:35:51,383 [INFO] IPUIPlugin:80 - create IPUIPlugin
2026-05-22 17:35:51,383 [INFO] PluginManager:220 - loadIPPluginJar : add ucpd
2026-05-22 17:35:51,476 [INFO] IPUIPlugin:80 - create IPUIPlugin
2026-05-22 17:35:51,476 [INFO] PluginManager:220 - loadIPPluginJar : add usart
2026-05-22 17:35:51,597 [INFO] IPUIPlugin:80 - create IPUIPlugin
2026-05-22 17:35:51,597 [INFO] PluginManager:220 - loadIPPluginJar : add usbx
2026-05-22 17:35:51,739 [FATAL] Updater:351 - Updater called before beeing initialized
2026-05-22 17:35:51,767 [INFO] RulesReader:64 - Compatibility file has been processed (317 Rules)
2026-05-22 17:35:51,776 [INFO] RulesReader:64 - Compatibility file has been processed (317 Rules)
2026-05-22 17:35:51,787 [INFO] CADModel:165 - CPN selected for project level
2026-05-22 17:35:51,787 [INFO] CADModel:114 - Register for checkConnection events
2026-05-22 17:35:51,787 [FATAL] Updater:351 - Updater called before beeing initialized
2026-05-22 17:35:51,787 [ERROR] CADModel:125 - Updater not yet initialized, retry later 
2026-05-22 17:35:51,972 [FATAL] Updater:351 - Updater called before beeing initialized
2026-05-22 17:35:51,974 [INFO] CADModel:165 - CPN selected for project level
2026-05-22 17:35:51,974 [INFO] CADModel:114 - Register for checkConnection events
2026-05-22 17:35:51,974 [FATAL] Updater:351 - Updater called before beeing initialized
2026-05-22 17:35:51,975 [ERROR] CADModel:125 - Updater not yet initialized, retry later 
2026-05-22 17:35:51,978 [FATAL] Updater:351 - Updater called before beeing initialized
2026-05-22 17:35:52,100 [FATAL] Updater:351 - Updater called before beeing initialized
2026-05-22 17:35:52,118 [INFO] DbMcusAds:53 - JSON generation date=Mon Apr 27 10:14:29 CEST 2026 (1777277669683)
2026-05-22 17:35:52,119 [FATAL] Updater:351 - Updater called before beeing initialized
2026-05-22 17:35:52,166 [WARN] DetailPanel:346 - Failed to get advertising image, set to default
2026-05-22 17:35:52,272 [FATAL] Updater:351 - Updater called before beeing initialized
2026-05-22 17:35:52,274 [FATAL] Updater:351 - Updater called before beeing initialized
2026-05-22 17:35:52,275 [FATAL] Updater:351 - Updater called before beeing initialized
2026-05-22 17:35:52,275 [WARN] DetailPanel:346 - Failed to get advertising image, set to default
2026-05-22 17:35:52,275 [FATAL] Updater:351 - Updater called before beeing initialized
2026-05-22 17:35:52,280 [INFO] ThirdPartyUpdaterWithRetryManager:70 - Updater plugin not ready yet. [3/15]
2026-05-22 17:35:52,379 [ERROR] Updater:1198 - MainUpdater not yet initialized. External WinMGr cannot be set.
2026-05-22 17:35:52,402 [INFO] Updater:1134 - Updater Version found : 6.15.0
2026-05-22 17:35:52,431 [INFO] ApplicationProperties:184 - Using Application install path: C:\ST\STM32CubeIDE_1.19.0\STM32CubeIDE\plugins\com.st.stm32cube.common.mx_6.15.0.202507011659
2026-05-22 17:35:53,241 [INFO] MainUpdater:2872 - connection check result : 10
2026-05-22 17:35:53,241 [INFO] MainUpdater:3604 - Updater definition file requires update
2026-05-22 17:35:53,242 [INFO] MainUpdater:289 - Updater Check For Update Now.
2026-05-22 17:35:53,242 [INFO] MicroXplorer:498 - Change Database Version : DB.6.0.150
2026-05-22 17:35:53,285 [INFO] McuFinderGlobals:63 - Set McuFinder mode to 2 (CubeIDE integrated)
2026-05-22 17:35:53,285 [INFO] UserAuth:171 - activating auth plugin
2026-05-22 17:35:53,288 [INFO] UserAuth:487 - Internet connection configuration mode: 1
2026-05-22 17:35:53,331 [INFO] JxBrowserEngine:152 - Initiate JxBrowser Engine with user profile folder
2026-05-22 17:35:53,638 [INFO] ServerAccessManage:452 - Complete download http(s) 200
2026-05-22 17:35:53,639 [INFO] ServerAccessManage:509 - Download File updaters.zip
2026-05-22 17:35:53,790 [INFO] FileExtend:248 - Unzip File : updaters.zip
2026-05-22 17:35:53,791 [INFO] FileExtend:263 - Standard Zip Deflate
2026-05-22 17:35:55,140 [INFO] WebApp:169 - Instantiating new browser for Auth
2026-05-22 17:35:55,174 [INFO] ServerAccessManage:452 - Complete download http(s) 200
2026-05-22 17:35:55,174 [INFO] ServerAccessManage:509 - Download File PacksControlFlags.xml
2026-05-22 17:35:55,281 [WARN] MainUpdater:1193 - Updater busy. Cannot search thirdparties
2026-05-22 17:35:55,281 [INFO] ThirdPartyUpdaterWithRetryManager:96 - Updater plugin is busy. [1/15]
2026-05-22 17:35:55,399 [INFO] ServerAccessManage:452 - Complete download http(s) 200
2026-05-22 17:35:55,399 [INFO] ServerAccessManage:509 - Download File cubemx.pidx
2026-05-22 17:35:56,366 [INFO] WebApp:463 - Apply proxy settings
2026-05-22 17:35:56,366 [INFO] WebApp:548 - Chromium requires no authentication
2026-05-22 17:35:56,381 [INFO] WebApp:491 - Direct internet connection detected
2026-05-22 17:35:56,432 [INFO] WebApp:900 - Register for checkConnection events
2026-05-22 17:35:56,432 [INFO] WebApp:463 - Apply proxy settings
2026-05-22 17:35:56,432 [INFO] WebApp:548 - Chromium requires no authentication
2026-05-22 17:35:56,433 [INFO] WebApp:491 - Direct internet connection detected
2026-05-22 17:35:56,620 [INFO] WebApp:191 - Connection restablished
2026-05-22 17:35:56,988 [INFO] WebApp:225 - Starting web application
2026-05-22 17:35:56,989 [INFO] WebApp:593 - Web application path used C:\ST\STM32CubeIDE_1.19.0\STM32CubeIDE\plugins\com.st.stm32cube.common.mx_6.15.0.202507011659\db\plugins\mcufinder\reactClient1\index.html
2026-05-22 17:35:57,267 [INFO] ServerAccessManage:452 - Complete download http(s) 200
2026-05-22 17:35:57,268 [INFO] ServerAccessManage:509 - Download File STMicroelectronics.X-CUBE-ALGOBUILD.pdsc
2026-05-22 17:35:58,283 [WARN] MainUpdater:1193 - Updater busy. Cannot search thirdparties
2026-05-22 17:35:58,284 [INFO] ThirdPartyUpdaterWithRetryManager:96 - Updater plugin is busy. [2/15]
2026-05-22 17:35:59,295 [WARN] PackLoader:240 - Cannot read IP mode file for STMicroelectronics.X-CUBE-ALGOBUILD.1.5.0
2026-05-22 17:35:59,298 [INFO] PopulateThirdPartyThread:66 - Ending populate Thread
2026-05-22 17:35:59,300 [INFO] ThirdParty:1030 - CMSIS Pack Vendor :STMicroelectronics X-CUBE-ALGOBUILD 1.5.0
2026-05-22 17:35:59,300 [INFO] LoadServerUpdatesThread:375 - End of LoadServerUpdate Thread
2026-05-22 17:35:59,440 [INFO] CheckServerUpdateThread:120 - End of CheckServer Thread
2026-05-22 17:36:01,621 [WARN] PackLoader:240 - Cannot read IP mode file for STMicroelectronics.X-CUBE-AZRTOS-H7.3.5.0
2026-05-22 17:36:01,646 [WARN] PackLoader:240 - Cannot read IP mode file for STMicroelectronics.FP-SNS-MOTENVWB1.1.4.0
2026-05-22 17:36:01,656 [WARN] PackLoader:240 - Cannot read IP mode file for STMicroelectronics.FP-ATR-ASTRA1.2.0.2
2026-05-22 17:36:01,680 [WARN] PackLoader:240 - Cannot read IP mode file for STMicroelectronics.X-CUBE-SMBUS.2.1.0
2026-05-22 17:36:01,719 [WARN] PackLoader:240 - Cannot read IP mode file for STMicroelectronics.X-CUBE-AZRTOS-F7.1.1.0
2026-05-22 17:36:01,741 [WARN] PackLoader:240 - Cannot read IP mode file for STMicroelectronics.FP-SNS-MOTENV1.5.1.0
2026-05-22 17:36:01,764 [WARN] PackLoader:240 - Cannot read IP mode file for WES.I-CUBE-Cesium.1.4.0
2026-05-22 17:36:01,804 [WARN] PackLoader:240 - Cannot read IP mode file for STMicroelectronics.X-CUBE-AZRTOS-H7.3.4.0
2026-05-22 17:36:01,829 [WARN] PackLoader:240 - Cannot read IP mode file for STMicroelectronics.X-CUBE-DISPLAY.3.0.0
2026-05-22 17:36:01,856 [WARN] PackLoader:240 - Cannot read IP mode file for STMicroelectronics.X-CUBE-GNSS1.7.1.1
2026-05-22 17:36:01,864 [WARN] PackLoader:240 - Cannot read IP mode file for STMicroelectronics.FP-SNS-MOTENVWB1.1.5.0
2026-05-22 17:36:01,887 [WARN] PackLoader:240 - Cannot read IP mode file for STMicroelectronics.X-CUBE-NFC10.1.0.0
2026-05-22 17:36:01,907 [WARN] PackLoader:240 - Cannot read IP mode file for STMicroelectronics.X-CUBE-ST60.1.1.0
2026-05-22 17:36:01,931 [WARN] PackLoader:240 - Cannot read IP mode file for emotas.I-CUBE-CANOPEN.1.3.0
2026-05-22 17:36:01,948 [WARN] PackLoader:240 - Cannot read IP mode file for STMicroelectronics.X-CUBE-GNSS1.7.1.0
2026-05-22 17:36:01,976 [WARN] PackLoader:240 - Cannot read IP mode file for STMicroelectronics.FP-SNS-STBOX1.2.1.0
2026-05-22 17:36:02,001 [WARN] PackLoader:240 - Cannot read IP mode file for STMicroelectronics.FP-SNS-SMARTAG2.1.2.0
2026-05-22 17:36:02,008 [WARN] PackLoader:240 - Cannot read IP mode file for STMicroelectronics.FP-SNS-FLIGHT1.5.1.0
2026-05-22 17:36:02,036 [INFO] LogOutputStream:77 - [STDOUT_REDIRECT] 1 : Invalid condition id : UX_CORESTACK_Condition cause : null
2026-05-22 17:36:02,036 [INFO] LogOutputStream:77 - [STDOUT_REDIRECT] 1 : Invalid condition id : UX_CORESTACK_Condition cause : null
2026-05-22 17:36:02,038 [INFO] LogOutputStream:77 - [STDOUT_REDIRECT] 1 : Invalid condition id : UX_CORESTACK_Condition cause : null
2026-05-22 17:36:02,040 [INFO] LogOutputStream:77 - [STDOUT_REDIRECT] 1 : Invalid condition id : UX_CORESTACK_Condition cause : null
2026-05-22 17:36:02,041 [INFO] LogOutputStream:77 - [STDOUT_REDIRECT] 1 : Invalid condition id : UX_CORESTACK_Condition cause : null
2026-05-22 17:36:02,044 [WARN] PackLoader:240 - Cannot read IP mode file for STMicroelectronics.X-CUBE-AZRTOS-WL.2.0.0
2026-05-22 17:36:02,080 [WARN] PackLoader:240 - Cannot read IP mode file for STMicroelectronics.X-CUBE-AZRTOS-H7RS.1.2.0
2026-05-22 17:36:02,106 [WARN] PackLoader:240 - Cannot read IP mode file for STMicroelectronics.X-CUBE-BLE2.3.3.0
2026-05-22 17:36:02,171 [WARN] PackLoader:240 - Cannot read IP mode file for Infineon.AIROC-Wi-Fi-Bluetooth-STM32.1.8.0
2026-05-22 17:36:02,196 [WARN] PackLoader:240 - Cannot read IP mode file for STMicroelectronics.X-CUBE-NFC9.1.0.0
2026-05-22 17:36:02,220 [WARN] PackLoader:240 - Cannot read IP mode file for STMicroelectronics.X-CUBE-BLE1.7.1.0
2026-05-22 17:36:02,228 [WARN] PackLoader:240 - Cannot read IP mode file for wolfSSL.I-CUBE-wolfMQTT.1.19.2
2026-05-22 17:36:02,246 [WARN] PackLoader:240 - Cannot read IP mode file for STMicroelectronics.X-CUBE-FREERTOS.1.4.0
2026-05-22 17:36:02,270 [WARN] PackLoader:240 - Cannot read IP mode file for STMicroelectronics.X-CUBE-EEPRMA1.5.2.0
2026-05-22 17:36:02,289 [WARN] PackLoader:240 - Cannot read IP mode file for wolfSSL.I-CUBE-wolfSSL.5.8.4
2026-05-22 17:36:02,298 [WARN] PackLoader:240 - Cannot read IP mode file for Cesanta.I-CUBE-Mongoose.7.20.0
2026-05-22 17:36:02,320 [WARN] PackLoader:240 - Cannot read IP mode file for STMicroelectronics.FP-SNS-STAIOTCFT.1.1.0
2026-05-22 17:36:02,405 [WARN] PackLoader:240 - Cannot read IP mode file for STMicroelectronics.X-CUBE-MEMS1.12.0.0
2026-05-22 17:36:02,507 [WARN] PackLoader:240 - Cannot read IP mode file for STMicroelectronics.X-CUBE-AZRTOS-G0.1.1.0
2026-05-22 17:36:02,531 [WARN] PackLoader:240 - Cannot read IP mode file for STMicroelectronics.X-CUBE-NFC4.3.0.0
2026-05-22 17:36:02,556 [WARN] PackLoader:240 - Cannot read IP mode file for EmbeddedOffice.I-CUBE-FS-RTOS.1.0.1
2026-05-22 17:36:02,575 [WARN] PackLoader:240 - Cannot read IP mode file for STMicroelectronics.X-CUBE-WB05N.2.0.0
2026-05-22 17:36:02,588 [WARN] PackLoader:240 - Cannot read IP mode file for wolfSSL.I-CUBE-wolfTPM.3.8.0
2026-05-22 17:36:02,609 [WARN] PackLoader:240 - Cannot read IP mode file for STMicroelectronics.X-CUBE-TCPP.4.2.0
2026-05-22 17:36:02,631 [WARN] PackLoader:240 - Cannot read IP mode file for RealThread.X-CUBE-RT-Thread_Nano.4.1.1
2026-05-22 17:36:02,637 [WARN] PackLoader:240 - Cannot read IP mode file for STMicroelectronics.FP-ATR-SIGFOX1.3.2.0
2026-05-22 17:36:02,656 [WARN] PackLoader:240 - Cannot read IP mode file for STMicroelectronics.X-CUBE-FREERTOS.1.5.0
2026-05-22 17:36:02,678 [WARN] PackLoader:240 - Cannot read IP mode file for ITTIA_DB.I-CUBE-ITTIADB.8.9.0
2026-05-22 17:36:02,698 [WARN] PackLoader:240 - Cannot read IP mode file for STMicroelectronics.X-CUBE-NFC6.3.2.0
2026-05-22 17:36:02,718 [WARN] PackLoader:240 - Cannot read IP mode file for STMicroelectronics.X-CUBE-AI.10.2.0
2026-05-22 17:36:02,770 [WARN] PackLoader:240 - Cannot read IP mode file for STMicroelectronics.X-CUBE-MEMS1.12.1.0
2026-05-22 17:36:02,855 [WARN] PackLoader:240 - Cannot read IP mode file for SEGGER.I-CUBE-embOS.1.3.1
2026-05-22 17:36:02,895 [WARN] PackLoader:240 - Cannot read IP mode file for STMicroelectronics.X-CUBE-ALGOBUILD.1.4.0
2026-05-22 17:36:02,914 [WARN] PackLoader:240 - Cannot read IP mode file for STMicroelectronics.X-CUBE-PM33A1.1.0.0
2026-05-22 17:36:02,946 [WARN] PackLoader:240 - Cannot read IP mode file for STMicroelectronics.X-CUBE-AZRTOS-F4.1.1.0
2026-05-22 17:36:02,969 [WARN] PackLoader:240 - Cannot read IP mode file for STMicroelectronics.X-CUBE-ISPU.2.1.0
2026-05-22 17:36:02,992 [WARN] PackLoader:240 - Cannot read IP mode file for STMicroelectronics.X-CUBE-IPS.3.2.0
2026-05-22 17:36:03,003 [WARN] PackLoader:240 - Cannot read IP mode file for STMicroelectronics.eDS-WB_DPC_TT-BIDIR.2.1.1
2026-05-22 17:36:03,023 [WARN] PackLoader:240 - Cannot read IP mode file for STMicroelectronics.X-CUBE-NFC12.1.0.0
2026-05-22 17:36:03,058 [WARN] PackLoader:240 - Cannot read IP mode file for STMicroelectronics.X-CUBE-AZRTOS-L5.2.0.0
2026-05-22 17:36:03,065 [WARN] PackLoader:240 - Cannot read IP mode file for STMicroelectronics.X-CUBE-ALGOBUILD.1.5.0
2026-05-22 17:36:03,071 [WARN] PackLoader:240 - Cannot read IP mode file for STMicroelectronics.eDS-WB_DPC_VIENNA.1.2.0
2026-05-22 17:36:03,089 [WARN] PackLoader:240 - Cannot read IP mode file for STMicroelectronics.eDS-WB_DPC_3PH2L-BIDIR.1.1.1
2026-05-22 17:36:03,108 [ERROR] Engine:466 - C:\Users\Admin\.stm32cubemx\thirdparties\pdsc\STMicroelectronics.X-CUBE-ST67W61.1.3.0.pdsc: PDSC version is not supported
2026-05-22 17:36:03,128 [WARN] PackLoader:240 - Cannot read IP mode file for STMicroelectronics.X-CUBE-TOUCHGFX.4.26.0
2026-05-22 17:36:03,146 [WARN] PackLoader:240 - Cannot read IP mode file for STMicroelectronics.X-CUBE-TOUCHGFX.4.26.1
2026-05-22 17:36:03,164 [WARN] PackLoader:240 - Cannot read IP mode file for STMicroelectronics.FP-SNS-STAIOTCFT.1.0.0
2026-05-22 17:36:03,183 [WARN] PackLoader:240 - Cannot read IP mode file for STMicroelectronics.X-CUBE-DPower.1.3.0
2026-05-22 17:36:03,218 [WARN] ConditionMgr:438 - getConditionDescription Invalid condition id : LAN8742 Phy interface Condition cause : null
2026-05-22 17:36:03,218 [WARN] PackLoader:240 - Cannot read IP mode file for STMicroelectronics.X-CUBE-AZRTOS-L4.2.0.0
2026-05-22 17:36:03,220 [WARN] ConditionMgr:1044 - genDependencies : Invalid condition id : LAN8742 Phy interface Condition cause : null
2026-05-22 17:36:03,220 [WARN] ConditionMgr:1044 - genDependencies : Invalid condition id : LAN8742 Phy interface Condition cause : null
2026-05-22 17:36:03,220 [WARN] ConditionMgr:1044 - genDependencies : Invalid condition id : LAN8742 Phy interface Condition cause : null
2026-05-22 17:36:03,244 [WARN] PackLoader:240 - Cannot read IP mode file for STMicroelectronics.X-CUBE-SFXS2LP1.4.0.0
2026-05-22 17:36:03,263 [WARN] PackLoader:240 - Cannot read IP mode file for STMicroelectronics.X-CUBE-WB05N.2.1.0
2026-05-22 17:36:03,290 [WARN] PackLoader:240 - Cannot read IP mode file for STMicroelectronics.X-CUBE-ST67W61.1.2.0
2026-05-22 17:36:03,316 [WARN] PackLoader:240 - Cannot read IP mode file for STMicroelectronics.X-CUBE-BLEMGR.4.1.0
2026-05-22 17:36:03,354 [WARN] ConditionMgr:438 - getConditionDescription Invalid condition id : UX DEVICE CLASS RTOS Condition cause : null
2026-05-22 17:36:03,355 [WARN] ConditionMgr:438 - getConditionDescription Invalid condition id : UX DEVICE CLASS RTOS Condition cause : null
2026-05-22 17:36:03,356 [WARN] PackLoader:240 - Cannot read IP mode file for STMicroelectronics.X-CUBE-AZRTOS-WB.2.0.0
2026-05-22 17:36:03,357 [WARN] ConditionMgr:1044 - genDependencies : Invalid condition id : UX DEVICE CLASS RTOS Condition cause : null
2026-05-22 17:36:03,357 [WARN] ConditionMgr:1044 - genDependencies : Invalid condition id : UX DEVICE CLASS RTOS Condition cause : null
2026-05-22 17:36:03,357 [WARN] ConditionMgr:1044 - genDependencies : Invalid condition id : UX DEVICE CLASS RTOS Condition cause : null
2026-05-22 17:36:03,357 [WARN] ConditionMgr:1044 - genDependencies : Invalid condition id : UX DEVICE CLASS RTOS Condition cause : null
2026-05-22 17:36:03,357 [WARN] ConditionMgr:1044 - genDependencies : Invalid condition id : UX DEVICE CLASS RTOS Condition cause : null
2026-05-22 17:36:03,365 [WARN] ConditionMgr:438 - getConditionDescription Invalid condition id : Cortex-A Device cause : null
2026-05-22 17:36:03,390 [WARN] ConditionMgr:1044 - genDependencies : Invalid condition id : Cortex-A Device cause : null
2026-05-22 17:36:03,390 [WARN] ConditionMgr:1044 - genDependencies : Invalid condition id : Cortex-A Device cause : null
2026-05-22 17:36:03,390 [WARN] ConditionMgr:1044 - genDependencies : Invalid condition id : Cortex-A Device cause : null
2026-05-22 17:36:03,413 [WARN] PackLoader:240 - Cannot read IP mode file for STMicroelectronics.X-CUBE-STSE01.2.0.0
2026-05-22 17:36:03,439 [WARN] PackLoader:240 - Cannot read IP mode file for STMicroelectronics.X-CUBE-SUBG2.5.0.0
2026-05-22 17:36:03,471 [WARN] PackLoader:240 - Cannot read IP mode file for STMicroelectronics.X-CUBE-AZRTOS-G4.2.0.0
2026-05-22 17:36:03,479 [WARN] PackLoader:240 - Cannot read IP mode file for wolfSSL.I-CUBE-wolfSSH.1.4.20
2026-05-22 17:36:03,501 [WARN] PackLoader:240 - Cannot read IP mode file for STMicroelectronics.X-CUBE-NFC7.2.0.0
2026-05-22 17:36:03,522 [WARN] PackLoader:240 - Cannot read IP mode file for STMicroelectronics.X-CUBE-ALS.1.0.2
2026-05-22 17:36:03,547 [WARN] PackLoader:240 - Cannot read IP mode file for STMicroelectronics.X-CUBE-TOF1.3.4.3
2026-05-22 17:36:03,555 [INFO] ThirdParty:978 - Integrity check success = true
2026-05-22 17:36:03,555 [INFO] IntegrityCheckThread:100 - exiting critical section [integrity check]
2026-05-22 17:36:03,555 [INFO] IntegrityCheckThread:103 - End integrity checks thread
2026-05-22 17:48:28,033 [ERROR] LogOutputStream:75 - [STDERR_REDIRECT] 
