2026-02-05 19:35:25,680 [INFO] Activator:176 - 


2026-02-05 19:35:25,683 [INFO] Activator:177 - !SESSION log4j initialized
2026-02-05 19:35:30,683 [INFO] LogOutputStream:77 - [STDOUT_REDIRECT] 
2026-02-05 19:35:34,077 [INFO] ApplicationProperties:184 - Using Application install path: C:\ST\STM32CubeIDE_1.19.0\STM32CubeIDE\plugins\com.st.stm32cube.common.mx_6.15.0.202507011659
2026-02-05 19:35:34,102 [INFO] DbMcusXml:78 - Set database path to: C:\ST\STM32CubeIDE_1.19.0\STM32CubeIDE\plugins\com.st.stm32cube.common.mx_6.15.0.202507011659\\db\/mcu/
2026-02-05 19:35:34,103 [INFO] ApiDb:274 - Set plugin database path to: C:\ST\STM32CubeIDE_1.19.0\STM32CubeIDE\plugins\com.st.stm32cube.common.mx_6.15.0.202507011659\\db\/plugins/boardmanager/
2026-02-05 19:35:34,103 [WARN] ApiDb:259 - Overriding images path with different value:  => C:\ST\STM32CubeIDE_1.19.0\STM32CubeIDE\plugins\com.st.stm32cube.common.mx_6.15.0.202507011659\\db\/plugins/mcufinder/images/
2026-02-05 19:35:34,113 [INFO] ApiDb:250 - Set database path to: C:\Users\Admin\.stmcufinder\plugins\mcufinder//mcu/
2026-02-05 19:35:34,115 [INFO] DbMcusAds:125 - Set database path to: C:\Users\Admin\.stmcufinder\plugins\mcufinder//mcu/
2026-02-05 19:35:34,118 [INFO] CrossReferenceDbSqlite:203 - Set database path to: C:\Users\Admin\.stmcufinder\plugins\mcufinder//mcu/cs/
2026-02-05 19:35:34,334 [INFO] RulesReader:64 - Compatibility file has been processed (317 Rules)
2026-02-05 19:35:34,538 [INFO] DbMcusXml:78 - Set database path to: C:\ST\STM32CubeIDE_1.19.0\STM32CubeIDE\plugins\com.st.stm32cube.common.mx_6.15.0.202507011659\\db\/mcu/
2026-02-05 19:35:34,538 [INFO] ApiDb:274 - Set plugin database path to: C:\ST\STM32CubeIDE_1.19.0\STM32CubeIDE\plugins\com.st.stm32cube.common.mx_6.15.0.202507011659\\db\/plugins/boardmanager/
2026-02-05 19:35:34,539 [INFO] ApiDb:261 - Set plugin images path to: C:\ST\STM32CubeIDE_1.19.0\STM32CubeIDE\plugins\com.st.stm32cube.common.mx_6.15.0.202507011659\\db\/plugins/mcufinder/images/
2026-02-05 19:35:34,540 [WARN] DbFile:41 - Overriding database path with different value: C:\Users\Admin\.stmcufinder\plugins\mcufinder/ => C:\Users\Admin\.stmcufinder\plugins\mcufinder
2026-02-05 19:35:34,540 [INFO] ApiDb:250 - Set database path to: C:\Users\Admin\.stmcufinder\plugins\mcufinder//mcu/
2026-02-05 19:35:34,541 [WARN] DbFile:41 - Overriding database path with different value: C:\Users\Admin\.stmcufinder\plugins\mcufinder/ => C:\Users\Admin\.stmcufinder\plugins\mcufinder
2026-02-05 19:35:34,541 [INFO] DbMcusAds:125 - Set database path to: C:\Users\Admin\.stmcufinder\plugins\mcufinder//mcu/
2026-02-05 19:35:34,541 [WARN] DbFile:41 - Overriding database path with different value: C:\Users\Admin\.stmcufinder\plugins\mcufinder/ => C:\Users\Admin\.stmcufinder\plugins\mcufinder
2026-02-05 19:35:34,542 [WARN] DbFile:41 - Overriding database path with different value: C:\Users\Admin\.stmcufinder\plugins\mcufinder/ => C:\Users\Admin\.stmcufinder\plugins\mcufinder
2026-02-05 19:35:34,542 [INFO] CrossReferenceDbSqlite:203 - Set database path to: C:\Users\Admin\.stmcufinder\plugins\mcufinder//mcu/cs/
2026-02-05 19:35:34,706 [INFO] MainPanel:274 - HeapMemory: 268435456
2026-02-05 19:35:34,888 [INFO] DbMcusXml:78 - Set database path to: C:\ST\STM32CubeIDE_1.19.0\STM32CubeIDE\plugins\com.st.stm32cube.common.mx_6.15.0.202507011659\\db\/mcu/
2026-02-05 19:35:34,888 [INFO] ApiDb:274 - Set plugin database path to: C:\ST\STM32CubeIDE_1.19.0\STM32CubeIDE\plugins\com.st.stm32cube.common.mx_6.15.0.202507011659\\db\/plugins/boardmanager/
2026-02-05 19:35:34,888 [INFO] ApiDb:261 - Set plugin images path to: C:\ST\STM32CubeIDE_1.19.0\STM32CubeIDE\plugins\com.st.stm32cube.common.mx_6.15.0.202507011659\\db\/plugins/mcufinder/images/
2026-02-05 19:35:34,889 [WARN] DbFile:41 - Overriding database path with different value: C:\Users\Admin\.stmcufinder\plugins\mcufinder/ => C:\Users\Admin\.stmcufinder\plugins\mcufinder
2026-02-05 19:35:34,889 [INFO] ApiDb:250 - Set database path to: C:\Users\Admin\.stmcufinder\plugins\mcufinder//mcu/
2026-02-05 19:35:34,890 [WARN] DbFile:41 - Overriding database path with different value: C:\Users\Admin\.stmcufinder\plugins\mcufinder/ => C:\Users\Admin\.stmcufinder\plugins\mcufinder
2026-02-05 19:35:34,890 [INFO] DbMcusAds:125 - Set database path to: C:\Users\Admin\.stmcufinder\plugins\mcufinder//mcu/
2026-02-05 19:35:34,890 [WARN] DbFile:41 - Overriding database path with different value: C:\Users\Admin\.stmcufinder\plugins\mcufinder/ => C:\Users\Admin\.stmcufinder\plugins\mcufinder
2026-02-05 19:35:34,890 [WARN] DbFile:41 - Overriding database path with different value: C:\Users\Admin\.stmcufinder\plugins\mcufinder/ => C:\Users\Admin\.stmcufinder\plugins\mcufinder
2026-02-05 19:35:34,890 [INFO] CrossReferenceDbSqlite:203 - Set database path to: C:\Users\Admin\.stmcufinder\plugins\mcufinder//mcu/cs/
2026-02-05 19:35:34,936 [INFO] ApplicationProperties:184 - Using Application install path: C:\ST\STM32CubeIDE_1.19.0\STM32CubeIDE\plugins\com.st.stm32cube.common.mx_6.15.0.202507011659
2026-02-05 19:35:34,939 [INFO] PluginManage:196 - Search for loadable plugins [exclusion list=, ]
2026-02-05 19:35:34,942 [INFO] PluginManage:310 - Check plugin analytics
2026-02-05 19:35:35,376 [INFO] AnalyticsPlugin:253 - Accepted Software Licenses: STM32CubeMX.6.15.0,STM32CubeMX.6.4.0,STM32CubeMX.6.12.0,STM32CubeMX.6.16.0
2026-02-05 19:35:35,377 [INFO] AnalyticsPlugin:255 - Accepted CMSIS Pack Licenses: STMicroelectronics.X-CUBE-DISPLAY.2.0.0,STMicroelectronics.X-CUBE-TOUCHGFX.4.18.0
2026-02-05 19:35:35,377 [INFO] AnalyticsPlugin:257 - Accepted Firmware Licenses: FW.F4.1.27.0,FW.G4.1.5.0,FW.G4.1.6.0,FW.F4.1.28.0,FW.F7.1.17.0,FW.G0.1.6.0,FW.H5.1.3.0,FW.H7.1.11.0,FW.L4.1.18.0,FW.L5.1.5.0,FW.U5.1.6.0,FW.WB.1.20.0
2026-02-05 19:35:35,387 [INFO] PluginManage:359 - Loaded plugin analytics (category:tool,tabindex:-1)
2026-02-05 19:35:35,387 [INFO] PluginManage:310 - Check plugin cadmodel
2026-02-05 19:35:35,419 [INFO] CADModel:105 - Init CAD model plugin
2026-02-05 19:35:35,420 [INFO] PluginManage:359 - Loaded plugin cadmodel (category:power,tabindex:5)
2026-02-05 19:35:35,421 [INFO] PluginManage:310 - Check plugin clock
2026-02-05 19:35:35,436 [INFO] PluginManage:359 - Loaded plugin clock (category:base,tabindex:2)
2026-02-05 19:35:35,436 [INFO] PluginManage:310 - Check plugin ddr
2026-02-05 19:35:35,440 [INFO] PluginManage:359 - Loaded plugin ddr (category:tool,tabindex:6)
2026-02-05 19:35:35,441 [INFO] PluginManage:310 - Check plugin filemanager
2026-02-05 19:35:35,735 [INFO] PluginManage:359 - Loaded plugin filemanager (category:base,tabindex:10)
2026-02-05 19:35:35,736 [INFO] PluginManage:310 - Check plugin ipmanager
2026-02-05 19:35:35,748 [INFO] PluginManage:359 - Loaded plugin ipmanager (category:base,tabindex:5)
2026-02-05 19:35:35,749 [INFO] PluginManage:310 - Check plugin lpbam
2026-02-05 19:35:35,764 [INFO] PluginManage:359 - Loaded plugin lpbam (category:base,tabindex:0)
2026-02-05 19:35:35,764 [INFO] PluginManage:310 - Check plugin memorymap
2026-02-05 19:35:35,785 [INFO] PluginManage:359 - Loaded plugin memorymap (category:base,tabindex:4)
2026-02-05 19:35:35,786 [INFO] PluginManage:310 - Check plugin pinoutandconfiguration
2026-02-05 19:35:35,798 [INFO] PluginManage:359 - Loaded plugin pinoutandconfiguration (category:base,tabindex:1)
2026-02-05 19:35:35,798 [INFO] PluginManage:310 - Check plugin pinoutconfig
2026-02-05 19:35:35,972 [WARN] SupportedApi:132 - Cannot load RTOS API schema: s4s-elt-must-match.1: The content of 'definitions' must match (annotation?, (simpleType | complexType)?, (unique | key | keyref)*)). A problem was found starting at: attribute.
2026-02-05 19:35:36,251 [INFO] PluginManage:359 - Loaded plugin pinoutconfig (category:base,tabindex:0)
2026-02-05 19:35:36,252 [INFO] PluginManage:310 - Check plugin power
2026-02-05 19:35:36,266 [INFO] PluginManage:359 - Loaded plugin power (category:power,tabindex:4)
2026-02-05 19:35:36,267 [INFO] PluginManage:310 - Check plugin projectmanager
2026-02-05 19:35:36,296 [INFO] PluginManage:359 - Loaded plugin projectmanager (category:projectmanager,tabindex:4)
2026-02-05 19:35:36,297 [INFO] PluginManage:310 - Check plugin rif
2026-02-05 19:35:36,309 [INFO] PluginManage:359 - Loaded plugin rif (category:base,tabindex:3)
2026-02-05 19:35:36,310 [INFO] PluginManage:310 - Check plugin thirdparty
2026-02-05 19:35:36,574 [INFO] PluginManage:359 - Loaded plugin thirdparty (category:base,tabindex:-1)
2026-02-05 19:35:36,575 [INFO] PluginManage:310 - Check plugin tools
2026-02-05 19:35:36,575 [WARN] IntegrityCheckThread:84 - waiting for thirdparty lock release [integrity check]
2026-02-05 19:35:36,576 [INFO] IntegrityCheckThread:86 - entering critical section [integrity check]
2026-02-05 19:35:36,576 [INFO] ThirdPartyUpdaterWithRetryManager:70 - Updater plugin not ready yet. [1/15]
2026-02-05 19:35:36,579 [INFO] PluginManage:359 - Loaded plugin tools (category:base,tabindex:7)
2026-02-05 19:35:36,579 [INFO] PluginManage:310 - Check plugin tutovideos
2026-02-05 19:35:36,911 [INFO] PluginManage:359 - Loaded plugin tutovideos (category:base,tabindex:-1)
2026-02-05 19:35:36,912 [INFO] PluginManage:310 - Check plugin updater
2026-02-05 19:35:36,956 [INFO] PluginManage:359 - Loaded plugin updater (category:base,tabindex:12)
2026-02-05 19:35:36,956 [INFO] PluginManage:310 - Check plugin userauth
2026-02-05 19:35:36,962 [INFO] UserAuth:118 - Init User Auth plugin
2026-02-05 19:35:36,964 [INFO] PluginManage:359 - Loaded plugin userauth (category:base,tabindex:14)
2026-02-05 19:35:36,965 [INFO] PluginManage:283 - PluginManage : Loaded plugins [18]
2026-02-05 19:35:37,405 [INFO] PinOutPanel:1589 - setPackage(No Configuration,No Configuration)
2026-02-05 19:35:37,558 [INFO] CADModel:165 - CPN selected for project level
2026-02-05 19:35:37,558 [INFO] CADModel:114 - Register for checkConnection events
2026-02-05 19:35:37,585 [INFO] IPUIPlugin:80 - create IPUIPlugin
2026-02-05 19:35:37,586 [INFO] PluginManager:220 - loadIPPluginJar : add adc
2026-02-05 19:35:37,590 [INFO] IPUIPlugin:80 - create IPUIPlugin
2026-02-05 19:35:37,590 [INFO] PluginManager:220 - loadIPPluginJar : add aes
2026-02-05 19:35:37,594 [INFO] IPUIPlugin:80 - create IPUIPlugin
2026-02-05 19:35:37,595 [INFO] PluginManager:220 - loadIPPluginJar : add can
2026-02-05 19:35:37,598 [INFO] IPUIPlugin:80 - create IPUIPlugin
2026-02-05 19:35:37,598 [INFO] PluginManager:220 - loadIPPluginJar : add comp
2026-02-05 19:35:37,601 [INFO] IPUIPlugin:80 - create IPUIPlugin
2026-02-05 19:35:37,602 [INFO] PluginManager:220 - loadIPPluginJar : add cryp
2026-02-05 19:35:37,606 [INFO] IPUIPlugin:80 - create IPUIPlugin
2026-02-05 19:35:37,606 [INFO] PluginManager:220 - loadIPPluginJar : add ddr_ctrl_phy
2026-02-05 19:35:37,610 [INFO] IPUIPlugin:80 - create IPUIPlugin
2026-02-05 19:35:37,610 [INFO] PluginManager:220 - loadIPPluginJar : add dfsdm
2026-02-05 19:35:37,619 [INFO] IPUIPlugin:80 - create IPUIPlugin
2026-02-05 19:35:37,620 [INFO] PluginManager:220 - loadIPPluginJar : add dma
2026-02-05 19:35:37,623 [INFO] IPUIPlugin:80 - create IPUIPlugin
2026-02-05 19:35:37,624 [INFO] PluginManager:220 - loadIPPluginJar : add dma3
2026-02-05 19:35:37,629 [INFO] IPUIPlugin:80 - create IPUIPlugin
2026-02-05 19:35:37,629 [INFO] PluginManager:220 - loadIPPluginJar : add extmemmanager
2026-02-05 19:35:37,631 [INFO] IPUIPlugin:80 - create IPUIPlugin
2026-02-05 19:35:37,632 [INFO] PluginManager:220 - loadIPPluginJar : add fatfs
2026-02-05 19:35:37,639 [INFO] IPUIPlugin:80 - create IPUIPlugin
2026-02-05 19:35:37,639 [INFO] PluginManager:220 - loadIPPluginJar : add fmc
2026-02-05 19:35:37,647 [INFO] IPUIPlugin:80 - create IPUIPlugin
2026-02-05 19:35:37,648 [INFO] PluginManager:220 - loadIPPluginJar : add freertos
2026-02-05 19:35:37,650 [INFO] IPUIPlugin:80 - create IPUIPlugin
2026-02-05 19:35:37,650 [INFO] PluginManager:220 - loadIPPluginJar : add genericplugin
2026-02-05 19:35:37,654 [INFO] IPUIPlugin:80 - create IPUIPlugin
2026-02-05 19:35:37,654 [INFO] PluginManager:220 - loadIPPluginJar : add gfxmmu
2026-02-05 19:35:37,661 [INFO] IPUIPlugin:80 - create IPUIPlugin
2026-02-05 19:35:37,662 [INFO] PluginManager:220 - loadIPPluginJar : add gic
2026-02-05 19:35:37,668 [INFO] IPUIPlugin:80 - create IPUIPlugin
2026-02-05 19:35:37,669 [INFO] PluginManager:220 - loadIPPluginJar : add gpio
2026-02-05 19:35:37,673 [INFO] IPUIPlugin:80 - create IPUIPlugin
2026-02-05 19:35:37,673 [INFO] PluginManager:220 - loadIPPluginJar : add gtzc
2026-02-05 19:35:37,677 [INFO] IPUIPlugin:80 - create IPUIPlugin
2026-02-05 19:35:37,677 [INFO] PluginManager:220 - loadIPPluginJar : add hash
2026-02-05 19:35:37,681 [INFO] IPUIPlugin:80 - create IPUIPlugin
2026-02-05 19:35:37,682 [INFO] PluginManager:220 - loadIPPluginJar : add i2c
2026-02-05 19:35:37,686 [INFO] IPUIPlugin:80 - create IPUIPlugin
2026-02-05 19:35:37,686 [INFO] PluginManager:220 - loadIPPluginJar : add i2s
2026-02-05 19:35:37,690 [INFO] IPUIPlugin:80 - create IPUIPlugin
2026-02-05 19:35:37,690 [INFO] PluginManager:220 - loadIPPluginJar : add i3c
2026-02-05 19:35:37,695 [INFO] IPUIPlugin:80 - create IPUIPlugin
2026-02-05 19:35:37,696 [INFO] PluginManager:220 - loadIPPluginJar : add ipddr
2026-02-05 19:35:37,707 [INFO] IPUIPlugin:80 - create IPUIPlugin
2026-02-05 19:35:37,707 [INFO] PluginManager:220 - loadIPPluginJar : add linkedlist
2026-02-05 19:35:37,712 [INFO] IPUIPlugin:80 - create IPUIPlugin
2026-02-05 19:35:37,712 [INFO] PluginManager:220 - loadIPPluginJar : add lorawan
2026-02-05 19:35:37,716 [INFO] IPUIPlugin:80 - create IPUIPlugin
2026-02-05 19:35:37,716 [INFO] PluginManager:220 - loadIPPluginJar : add ltdc
2026-02-05 19:35:37,725 [INFO] IPUIPlugin:80 - create IPUIPlugin
2026-02-05 19:35:37,726 [INFO] PluginManager:220 - loadIPPluginJar : add mdma
2026-02-05 19:35:37,731 [INFO] IPUIPlugin:80 - create IPUIPlugin
2026-02-05 19:35:37,731 [INFO] PluginManager:220 - loadIPPluginJar : add nvic
2026-02-05 19:35:37,737 [INFO] IPUIPlugin:80 - create IPUIPlugin
2026-02-05 19:35:37,737 [INFO] PluginManager:220 - loadIPPluginJar : add opamp
2026-02-05 19:35:37,742 [INFO] IPUIPlugin:80 - create IPUIPlugin
2026-02-05 19:35:37,743 [INFO] PluginManager:220 - loadIPPluginJar : add openamp
2026-02-05 19:35:37,748 [INFO] IPUIPlugin:80 - create IPUIPlugin
2026-02-05 19:35:37,748 [INFO] PluginManager:220 - loadIPPluginJar : add pdm2pcm
2026-02-05 19:35:37,758 [INFO] IPUIPlugin:80 - create IPUIPlugin
2026-02-05 19:35:37,762 [INFO] PluginManager:220 - loadIPPluginJar : add plateformsettings
2026-02-05 19:35:37,766 [INFO] IPUIPlugin:80 - create IPUIPlugin
2026-02-05 19:35:37,766 [INFO] PluginManager:220 - loadIPPluginJar : add quadspi
2026-02-05 19:35:37,770 [INFO] IPUIPlugin:80 - create IPUIPlugin
2026-02-05 19:35:37,771 [INFO] PluginManager:220 - loadIPPluginJar : add radio
2026-02-05 19:35:37,776 [INFO] IPUIPlugin:80 - create IPUIPlugin
2026-02-05 19:35:37,777 [INFO] PluginManager:220 - loadIPPluginJar : add resmgrutility
2026-02-05 19:35:37,781 [INFO] IPUIPlugin:80 - create IPUIPlugin
2026-02-05 19:35:37,781 [INFO] PluginManager:220 - loadIPPluginJar : add sai
2026-02-05 19:35:37,784 [INFO] IPUIPlugin:80 - create IPUIPlugin
2026-02-05 19:35:37,784 [INFO] PluginManager:220 - loadIPPluginJar : add spi
2026-02-05 19:35:37,793 [INFO] IPUIPlugin:80 - create IPUIPlugin
2026-02-05 19:35:37,795 [INFO] PluginManager:220 - loadIPPluginJar : add stm32_wpan
2026-02-05 19:35:37,797 [INFO] IPUIPlugin:80 - create IPUIPlugin
2026-02-05 19:35:37,797 [INFO] PluginManager:220 - loadIPPluginJar : add tim
2026-02-05 19:35:37,802 [INFO] IPUIPlugin:80 - create IPUIPlugin
2026-02-05 19:35:37,803 [INFO] PluginManager:220 - loadIPPluginJar : add touchsensing
2026-02-05 19:35:37,806 [INFO] IPUIPlugin:80 - create IPUIPlugin
2026-02-05 19:35:37,806 [INFO] PluginManager:220 - loadIPPluginJar : add tracer_emb
2026-02-05 19:35:37,809 [INFO] IPUIPlugin:80 - create IPUIPlugin
2026-02-05 19:35:37,809 [INFO] PluginManager:220 - loadIPPluginJar : add ts
2026-02-05 19:35:37,811 [INFO] IPUIPlugin:80 - create IPUIPlugin
2026-02-05 19:35:37,812 [INFO] PluginManager:220 - loadIPPluginJar : add tsc
2026-02-05 19:35:37,814 [INFO] IPUIPlugin:80 - create IPUIPlugin
2026-02-05 19:35:37,815 [INFO] PluginManager:220 - loadIPPluginJar : add ucpd
2026-02-05 19:35:37,819 [INFO] IPUIPlugin:80 - create IPUIPlugin
2026-02-05 19:35:37,819 [INFO] PluginManager:220 - loadIPPluginJar : add usart
2026-02-05 19:35:37,823 [INFO] IPUIPlugin:80 - create IPUIPlugin
2026-02-05 19:35:37,823 [INFO] PluginManager:220 - loadIPPluginJar : add usbx
2026-02-05 19:35:38,026 [FATAL] Updater:351 - Updater called before beeing initialized
2026-02-05 19:35:38,100 [INFO] RulesReader:64 - Compatibility file has been processed (317 Rules)
2026-02-05 19:35:38,121 [INFO] RulesReader:64 - Compatibility file has been processed (317 Rules)
2026-02-05 19:35:38,142 [INFO] CADModel:165 - CPN selected for project level
2026-02-05 19:35:38,143 [INFO] CADModel:114 - Register for checkConnection events
2026-02-05 19:35:38,143 [FATAL] Updater:351 - Updater called before beeing initialized
2026-02-05 19:35:38,145 [ERROR] CADModel:125 - Updater not yet initialized, retry later 
2026-02-05 19:35:38,436 [FATAL] Updater:351 - Updater called before beeing initialized
2026-02-05 19:35:38,438 [INFO] CADModel:165 - CPN selected for project level
2026-02-05 19:35:38,438 [INFO] CADModel:114 - Register for checkConnection events
2026-02-05 19:35:38,438 [FATAL] Updater:351 - Updater called before beeing initialized
2026-02-05 19:35:38,439 [ERROR] CADModel:125 - Updater not yet initialized, retry later 
2026-02-05 19:35:38,444 [FATAL] Updater:351 - Updater called before beeing initialized
2026-02-05 19:35:38,670 [FATAL] Updater:351 - Updater called before beeing initialized
2026-02-05 19:35:38,676 [INFO] DbMcusAds:53 - JSON generation date=Tue Nov 25 15:08:32 CET 2025 (1764079712175)
2026-02-05 19:35:38,678 [FATAL] Updater:351 - Updater called before beeing initialized
2026-02-05 19:35:38,741 [WARN] DetailPanel:346 - Failed to get advertising image, set to default
2026-02-05 19:35:38,910 [FATAL] Updater:351 - Updater called before beeing initialized
2026-02-05 19:35:38,913 [FATAL] Updater:351 - Updater called before beeing initialized
2026-02-05 19:35:38,914 [FATAL] Updater:351 - Updater called before beeing initialized
2026-02-05 19:35:38,914 [WARN] DetailPanel:346 - Failed to get advertising image, set to default
2026-02-05 19:35:38,916 [FATAL] Updater:351 - Updater called before beeing initialized
2026-02-05 19:35:39,012 [ERROR] Updater:1198 - MainUpdater not yet initialized. External WinMGr cannot be set.
2026-02-05 19:35:39,014 [INFO] Updater:1134 - Updater Version found : 6.15.0
2026-02-05 19:35:39,046 [INFO] ApplicationProperties:184 - Using Application install path: C:\ST\STM32CubeIDE_1.19.0\STM32CubeIDE\plugins\com.st.stm32cube.common.mx_6.15.0.202507011659
2026-02-05 19:35:39,578 [INFO] ThirdPartyUpdaterWithRetryManager:70 - Updater plugin not ready yet. [2/15]
2026-02-05 19:35:39,655 [INFO] MainUpdater:2872 - connection check result : 10
2026-02-05 19:35:39,657 [INFO] MainUpdater:289 - Updater Check For Update Now.
2026-02-05 19:35:39,657 [INFO] MicroXplorer:498 - Change Database Version : DB.6.0.150
2026-02-05 19:35:39,671 [INFO] McuFinderGlobals:63 - Set McuFinder mode to 2 (CubeIDE integrated)
2026-02-05 19:35:39,675 [INFO] UserAuth:487 - Internet connection configuration mode: 1
2026-02-05 19:35:39,754 [INFO] JxBrowserEngine:152 - Initiate JxBrowser Engine with user profile folder
2026-02-05 19:35:40,001 [INFO] CheckServerUpdateThread:120 - End of CheckServer Thread
2026-02-05 19:35:41,085 [INFO] WebApp:169 - Instantiating new browser for Auth
2026-02-05 19:35:42,470 [INFO] WebApp:463 - Apply proxy settings
2026-02-05 19:35:42,471 [INFO] WebApp:548 - Chromium requires no authentication
2026-02-05 19:35:42,487 [INFO] WebApp:491 - Direct internet connection detected
2026-02-05 19:35:42,543 [INFO] WebApp:900 - Register for checkConnection events
2026-02-05 19:35:42,544 [INFO] WebApp:463 - Apply proxy settings
2026-02-05 19:35:42,544 [INFO] WebApp:548 - Chromium requires no authentication
2026-02-05 19:35:42,545 [INFO] WebApp:491 - Direct internet connection detected
2026-02-05 19:35:42,966 [INFO] WebApp:225 - Starting web application
2026-02-05 19:35:42,967 [INFO] WebApp:593 - Web application path used C:\ST\STM32CubeIDE_1.19.0\STM32CubeIDE\plugins\com.st.stm32cube.common.mx_6.15.0.202507011659\db\plugins\mcufinder\reactClient1\index.html
2026-02-05 19:35:43,148 [WARN] PackLoader:240 - Cannot read IP mode file for STMicroelectronics.FP-SNS-MOTENVWB1.1.4.0
2026-02-05 19:35:43,165 [WARN] PackLoader:240 - Cannot read IP mode file for STMicroelectronics.FP-ATR-ASTRA1.2.0.2
2026-02-05 19:35:43,178 [WARN] PackLoader:240 - Cannot read IP mode file for STMicroelectronics.X-CUBE-SMBUS.2.1.0
2026-02-05 19:35:43,198 [INFO] UserAuth:487 - Internet connection configuration mode: 1
2026-02-05 19:35:43,272 [WARN] PackLoader:240 - Cannot read IP mode file for STMicroelectronics.X-CUBE-AZRTOS-F7.1.1.0
2026-02-05 19:35:43,290 [WARN] PackLoader:240 - Cannot read IP mode file for STMicroelectronics.FP-SNS-MOTENV1.5.1.0
2026-02-05 19:35:43,316 [WARN] PackLoader:240 - Cannot read IP mode file for WES.I-CUBE-Cesium.1.4.0
2026-02-05 19:35:43,376 [WARN] PackLoader:240 - Cannot read IP mode file for STMicroelectronics.X-CUBE-AZRTOS-H7.3.4.0
2026-02-05 19:35:43,396 [WARN] PackLoader:240 - Cannot read IP mode file for STMicroelectronics.X-CUBE-DISPLAY.3.0.0
2026-02-05 19:35:43,423 [WARN] PackLoader:240 - Cannot read IP mode file for STMicroelectronics.X-CUBE-NFC10.1.0.0
2026-02-05 19:35:43,437 [WARN] PackLoader:240 - Cannot read IP mode file for STMicroelectronics.X-CUBE-ST60.1.1.0
2026-02-05 19:35:43,450 [WARN] PackLoader:240 - Cannot read IP mode file for emotas.I-CUBE-CANOPEN.1.3.0
2026-02-05 19:35:43,462 [WARN] PackLoader:240 - Cannot read IP mode file for STMicroelectronics.X-CUBE-GNSS1.7.1.0
2026-02-05 19:35:43,477 [WARN] PackLoader:240 - Cannot read IP mode file for STMicroelectronics.FP-SNS-STBOX1.2.1.0
2026-02-05 19:35:43,489 [WARN] PackLoader:240 - Cannot read IP mode file for STMicroelectronics.FP-SNS-SMARTAG2.1.2.0
2026-02-05 19:35:43,496 [WARN] PackLoader:240 - Cannot read IP mode file for STMicroelectronics.FP-SNS-FLIGHT1.5.1.0
2026-02-05 19:35:43,528 [INFO] LogOutputStream:77 - [STDOUT_REDIRECT] 1 : Invalid condition id : UX_CORESTACK_Condition cause : null
2026-02-05 19:35:43,530 [INFO] LogOutputStream:77 - [STDOUT_REDIRECT] 1 : Invalid condition id : UX_CORESTACK_Condition cause : null
2026-02-05 19:35:43,533 [INFO] LogOutputStream:77 - [STDOUT_REDIRECT] 1 : Invalid condition id : UX_CORESTACK_Condition cause : null
2026-02-05 19:35:43,541 [INFO] LogOutputStream:77 - [STDOUT_REDIRECT] 1 : Invalid condition id : UX_CORESTACK_Condition cause : null
2026-02-05 19:35:43,543 [INFO] LogOutputStream:77 - [STDOUT_REDIRECT] 1 : Invalid condition id : UX_CORESTACK_Condition cause : null
2026-02-05 19:35:43,547 [WARN] PackLoader:240 - Cannot read IP mode file for STMicroelectronics.X-CUBE-AZRTOS-WL.2.0.0
2026-02-05 19:35:43,584 [WARN] PackLoader:240 - Cannot read IP mode file for STMicroelectronics.X-CUBE-AZRTOS-H7RS.1.2.0
2026-02-05 19:35:43,601 [WARN] PackLoader:240 - Cannot read IP mode file for STMicroelectronics.X-CUBE-BLE2.3.3.0
2026-02-05 19:35:43,708 [INFO] WebApp:191 - Connection restablished
2026-02-05 19:35:43,709 [WARN] PackLoader:240 - Cannot read IP mode file for Infineon.AIROC-Wi-Fi-Bluetooth-STM32.1.8.0
2026-02-05 19:35:43,730 [WARN] PackLoader:240 - Cannot read IP mode file for STMicroelectronics.X-CUBE-NFC9.1.0.0
2026-02-05 19:35:43,763 [WARN] PackLoader:240 - Cannot read IP mode file for wolfSSL.I-CUBE-wolfSSL.5.8.2
2026-02-05 19:35:43,778 [WARN] PackLoader:240 - Cannot read IP mode file for STMicroelectronics.X-CUBE-BLE1.7.1.0
2026-02-05 19:35:43,791 [WARN] PackLoader:240 - Cannot read IP mode file for wolfSSL.I-CUBE-wolfMQTT.1.19.2
2026-02-05 19:35:43,804 [WARN] PackLoader:240 - Cannot read IP mode file for STMicroelectronics.X-CUBE-FREERTOS.1.4.0
2026-02-05 19:35:43,816 [WARN] PackLoader:240 - Cannot read IP mode file for STMicroelectronics.X-CUBE-EEPRMA1.5.2.0
2026-02-05 19:35:43,832 [WARN] PackLoader:240 - Cannot read IP mode file for Cesanta.I-CUBE-Mongoose.7.20.0
2026-02-05 19:35:43,846 [WARN] PackLoader:240 - Cannot read IP mode file for STMicroelectronics.X-CUBE-ST67W61.1.1.0
2026-02-05 19:35:44,122 [WARN] PackLoader:240 - Cannot read IP mode file for STMicroelectronics.X-CUBE-MEMS1.12.0.0
2026-02-05 19:35:44,368 [WARN] PackLoader:240 - Cannot read IP mode file for STMicroelectronics.X-CUBE-AZRTOS-G0.1.1.0
2026-02-05 19:35:44,384 [WARN] PackLoader:240 - Cannot read IP mode file for STMicroelectronics.X-CUBE-NFC4.3.0.0
2026-02-05 19:35:44,407 [WARN] PackLoader:240 - Cannot read IP mode file for EmbeddedOffice.I-CUBE-FS-RTOS.1.0.1
2026-02-05 19:35:44,417 [WARN] PackLoader:240 - Cannot read IP mode file for STMicroelectronics.X-CUBE-WB05N.2.0.0
2026-02-05 19:35:44,430 [WARN] PackLoader:240 - Cannot read IP mode file for wolfSSL.I-CUBE-wolfTPM.3.8.0
2026-02-05 19:35:44,448 [WARN] PackLoader:240 - Cannot read IP mode file for STMicroelectronics.X-CUBE-TCPP.4.2.0
2026-02-05 19:35:44,463 [WARN] PackLoader:240 - Cannot read IP mode file for RealThread.X-CUBE-RT-Thread_Nano.4.1.1
2026-02-05 19:35:44,473 [WARN] PackLoader:240 - Cannot read IP mode file for STMicroelectronics.FP-ATR-SIGFOX1.3.2.0
2026-02-05 19:35:44,487 [WARN] PackLoader:240 - Cannot read IP mode file for ITTIA_DB.I-CUBE-ITTIADB.8.9.0
2026-02-05 19:35:44,507 [WARN] PackLoader:240 - Cannot read IP mode file for STMicroelectronics.X-CUBE-NFC6.3.2.0
2026-02-05 19:35:44,518 [WARN] PackLoader:240 - Cannot read IP mode file for STMicroelectronics.X-CUBE-AI.10.2.0
2026-02-05 19:35:44,589 [WARN] PackLoader:240 - Cannot read IP mode file for SEGGER.I-CUBE-embOS.1.3.1
2026-02-05 19:35:44,782 [WARN] PackLoader:240 - Cannot read IP mode file for STMicroelectronics.X-CUBE-ALGOBUILD.1.4.0
2026-02-05 19:35:44,806 [WARN] PackLoader:240 - Cannot read IP mode file for STMicroelectronics.X-CUBE-PM33A1.1.0.0
2026-02-05 19:35:44,842 [WARN] PackLoader:240 - Cannot read IP mode file for STMicroelectronics.X-CUBE-AZRTOS-F4.1.1.0
2026-02-05 19:35:44,856 [WARN] PackLoader:240 - Cannot read IP mode file for STMicroelectronics.X-CUBE-ISPU.2.1.0
2026-02-05 19:35:44,889 [WARN] PackLoader:240 - Cannot read IP mode file for STMicroelectronics.X-CUBE-IPS.3.2.0
2026-02-05 19:35:44,908 [WARN] PackLoader:240 - Cannot read IP mode file for STMicroelectronics.X-CUBE-NFC12.1.0.0
2026-02-05 19:35:44,932 [WARN] PackLoader:240 - Cannot read IP mode file for STMicroelectronics.X-CUBE-AZRTOS-L5.2.0.0
2026-02-05 19:35:44,947 [WARN] PackLoader:240 - Cannot read IP mode file for STMicroelectronics.X-CUBE-NFC6.3.1.0
2026-02-05 19:35:44,960 [WARN] PackLoader:240 - Cannot read IP mode file for STMicroelectronics.X-CUBE-TOUCHGFX.4.26.0
2026-02-05 19:35:44,968 [WARN] PackLoader:240 - Cannot read IP mode file for STMicroelectronics.FP-SNS-STAIOTCFT.1.0.0
2026-02-05 19:35:44,977 [WARN] PackLoader:240 - Cannot read IP mode file for STMicroelectronics.X-CUBE-DPower.1.3.0
2026-02-05 19:35:44,999 [WARN] ConditionMgr:438 - getConditionDescription Invalid condition id : LAN8742 Phy interface Condition cause : null
2026-02-05 19:35:45,000 [WARN] PackLoader:240 - Cannot read IP mode file for STMicroelectronics.X-CUBE-AZRTOS-L4.2.0.0
2026-02-05 19:35:45,004 [WARN] ConditionMgr:1044 - genDependencies : Invalid condition id : LAN8742 Phy interface Condition cause : null
2026-02-05 19:35:45,004 [WARN] ConditionMgr:1044 - genDependencies : Invalid condition id : LAN8742 Phy interface Condition cause : null
2026-02-05 19:35:45,005 [WARN] ConditionMgr:1044 - genDependencies : Invalid condition id : LAN8742 Phy interface Condition cause : null
2026-02-05 19:35:45,017 [WARN] PackLoader:240 - Cannot read IP mode file for STMicroelectronics.X-CUBE-SFXS2LP1.4.0.0
2026-02-05 19:35:45,026 [WARN] PackLoader:240 - Cannot read IP mode file for STMicroelectronics.X-CUBE-ST67W61.1.2.0
2026-02-05 19:35:45,041 [WARN] PackLoader:240 - Cannot read IP mode file for STMicroelectronics.X-CUBE-BLEMGR.4.1.0
2026-02-05 19:35:45,061 [WARN] ConditionMgr:438 - getConditionDescription Invalid condition id : UX DEVICE CLASS RTOS Condition cause : null
2026-02-05 19:35:45,061 [WARN] ConditionMgr:438 - getConditionDescription Invalid condition id : UX DEVICE CLASS RTOS Condition cause : null
2026-02-05 19:35:45,064 [WARN] PackLoader:240 - Cannot read IP mode file for STMicroelectronics.X-CUBE-AZRTOS-WB.2.0.0
2026-02-05 19:35:45,065 [WARN] ConditionMgr:1044 - genDependencies : Invalid condition id : UX DEVICE CLASS RTOS Condition cause : null
2026-02-05 19:35:45,065 [WARN] ConditionMgr:1044 - genDependencies : Invalid condition id : UX DEVICE CLASS RTOS Condition cause : null
2026-02-05 19:35:45,065 [WARN] ConditionMgr:1044 - genDependencies : Invalid condition id : UX DEVICE CLASS RTOS Condition cause : null
2026-02-05 19:35:45,066 [WARN] ConditionMgr:1044 - genDependencies : Invalid condition id : UX DEVICE CLASS RTOS Condition cause : null
2026-02-05 19:35:45,066 [WARN] ConditionMgr:1044 - genDependencies : Invalid condition id : UX DEVICE CLASS RTOS Condition cause : null
2026-02-05 19:35:45,076 [WARN] ConditionMgr:438 - getConditionDescription Invalid condition id : Cortex-A Device cause : null
2026-02-05 19:35:45,092 [WARN] ConditionMgr:1044 - genDependencies : Invalid condition id : Cortex-A Device cause : null
2026-02-05 19:35:45,092 [WARN] ConditionMgr:1044 - genDependencies : Invalid condition id : Cortex-A Device cause : null
2026-02-05 19:35:45,092 [WARN] ConditionMgr:1044 - genDependencies : Invalid condition id : Cortex-A Device cause : null
2026-02-05 19:35:45,105 [WARN] PackLoader:240 - Cannot read IP mode file for STMicroelectronics.X-CUBE-STSE01.2.0.0
2026-02-05 19:35:45,122 [WARN] PackLoader:240 - Cannot read IP mode file for STMicroelectronics.X-CUBE-SUBG2.5.0.0
2026-02-05 19:35:45,146 [WARN] PackLoader:240 - Cannot read IP mode file for STMicroelectronics.X-CUBE-AZRTOS-G4.2.0.0
2026-02-05 19:35:45,156 [WARN] PackLoader:240 - Cannot read IP mode file for wolfSSL.I-CUBE-wolfSSH.1.4.20
2026-02-05 19:35:45,163 [WARN] PackLoader:240 - Cannot read IP mode file for STMicroelectronics.X-CUBE-NFC7.2.0.0
2026-02-05 19:35:45,171 [WARN] PackLoader:240 - Cannot read IP mode file for STMicroelectronics.X-CUBE-ALS.1.0.2
2026-02-05 19:35:45,188 [WARN] PackLoader:240 - Cannot read IP mode file for STMicroelectronics.X-CUBE-STSE01.1.0.0
2026-02-05 19:35:45,204 [WARN] PackLoader:240 - Cannot read IP mode file for STMicroelectronics.X-CUBE-TOF1.3.4.3
2026-02-05 19:35:45,215 [INFO] ThirdParty:978 - Integrity check success = true
2026-02-05 19:35:45,216 [INFO] IntegrityCheckThread:100 - exiting critical section [integrity check]
2026-02-05 19:35:45,216 [INFO] IntegrityCheckThread:103 - End integrity checks thread
2026-02-05 19:44:50,579 [ERROR] LogOutputStream:75 - [STDERR_REDIRECT] 
2026-02-05 19:45:29,158 [INFO] Activator:176 - 


2026-02-05 19:45:29,159 [INFO] Activator:177 - !SESSION log4j initialized
2026-02-05 19:45:38,149 [INFO] LogOutputStream:77 - [STDOUT_REDIRECT] 
2026-02-05 19:45:39,827 [INFO] ApplicationProperties:184 - Using Application install path: C:\ST\STM32CubeIDE_1.19.0\STM32CubeIDE\plugins\com.st.stm32cube.common.mx_6.15.0.202507011659
2026-02-05 19:45:39,850 [INFO] DbMcusXml:78 - Set database path to: C:\ST\STM32CubeIDE_1.19.0\STM32CubeIDE\plugins\com.st.stm32cube.common.mx_6.15.0.202507011659\\db\/mcu/
2026-02-05 19:45:39,851 [INFO] ApiDb:274 - Set plugin database path to: C:\ST\STM32CubeIDE_1.19.0\STM32CubeIDE\plugins\com.st.stm32cube.common.mx_6.15.0.202507011659\\db\/plugins/boardmanager/
2026-02-05 19:45:39,851 [WARN] ApiDb:259 - Overriding images path with different value:  => C:\ST\STM32CubeIDE_1.19.0\STM32CubeIDE\plugins\com.st.stm32cube.common.mx_6.15.0.202507011659\\db\/plugins/mcufinder/images/
2026-02-05 19:45:39,861 [INFO] ApiDb:250 - Set database path to: C:\Users\Admin\.stmcufinder\plugins\mcufinder//mcu/
2026-02-05 19:45:39,863 [INFO] DbMcusAds:125 - Set database path to: C:\Users\Admin\.stmcufinder\plugins\mcufinder//mcu/
2026-02-05 19:45:39,866 [INFO] CrossReferenceDbSqlite:203 - Set database path to: C:\Users\Admin\.stmcufinder\plugins\mcufinder//mcu/cs/
2026-02-05 19:45:40,115 [INFO] RulesReader:64 - Compatibility file has been processed (317 Rules)
2026-02-05 19:45:40,294 [INFO] DbMcusXml:78 - Set database path to: C:\ST\STM32CubeIDE_1.19.0\STM32CubeIDE\plugins\com.st.stm32cube.common.mx_6.15.0.202507011659\\db\/mcu/
2026-02-05 19:45:40,295 [INFO] ApiDb:274 - Set plugin database path to: C:\ST\STM32CubeIDE_1.19.0\STM32CubeIDE\plugins\com.st.stm32cube.common.mx_6.15.0.202507011659\\db\/plugins/boardmanager/
2026-02-05 19:45:40,295 [INFO] ApiDb:261 - Set plugin images path to: C:\ST\STM32CubeIDE_1.19.0\STM32CubeIDE\plugins\com.st.stm32cube.common.mx_6.15.0.202507011659\\db\/plugins/mcufinder/images/
2026-02-05 19:45:40,296 [WARN] DbFile:41 - Overriding database path with different value: C:\Users\Admin\.stmcufinder\plugins\mcufinder/ => C:\Users\Admin\.stmcufinder\plugins\mcufinder
2026-02-05 19:45:40,296 [INFO] ApiDb:250 - Set database path to: C:\Users\Admin\.stmcufinder\plugins\mcufinder//mcu/
2026-02-05 19:45:40,297 [WARN] DbFile:41 - Overriding database path with different value: C:\Users\Admin\.stmcufinder\plugins\mcufinder/ => C:\Users\Admin\.stmcufinder\plugins\mcufinder
2026-02-05 19:45:40,297 [INFO] DbMcusAds:125 - Set database path to: C:\Users\Admin\.stmcufinder\plugins\mcufinder//mcu/
2026-02-05 19:45:40,298 [WARN] DbFile:41 - Overriding database path with different value: C:\Users\Admin\.stmcufinder\plugins\mcufinder/ => C:\Users\Admin\.stmcufinder\plugins\mcufinder
2026-02-05 19:45:40,298 [WARN] DbFile:41 - Overriding database path with different value: C:\Users\Admin\.stmcufinder\plugins\mcufinder/ => C:\Users\Admin\.stmcufinder\plugins\mcufinder
2026-02-05 19:45:40,298 [INFO] CrossReferenceDbSqlite:203 - Set database path to: C:\Users\Admin\.stmcufinder\plugins\mcufinder//mcu/cs/
2026-02-05 19:45:40,456 [INFO] MainPanel:274 - HeapMemory: 268435456
2026-02-05 19:45:40,607 [INFO] DbMcusXml:78 - Set database path to: C:\ST\STM32CubeIDE_1.19.0\STM32CubeIDE\plugins\com.st.stm32cube.common.mx_6.15.0.202507011659\\db\/mcu/
2026-02-05 19:45:40,607 [INFO] ApiDb:274 - Set plugin database path to: C:\ST\STM32CubeIDE_1.19.0\STM32CubeIDE\plugins\com.st.stm32cube.common.mx_6.15.0.202507011659\\db\/plugins/boardmanager/
2026-02-05 19:45:40,607 [INFO] ApiDb:261 - Set plugin images path to: C:\ST\STM32CubeIDE_1.19.0\STM32CubeIDE\plugins\com.st.stm32cube.common.mx_6.15.0.202507011659\\db\/plugins/mcufinder/images/
2026-02-05 19:45:40,608 [WARN] DbFile:41 - Overriding database path with different value: C:\Users\Admin\.stmcufinder\plugins\mcufinder/ => C:\Users\Admin\.stmcufinder\plugins\mcufinder
2026-02-05 19:45:40,608 [INFO] ApiDb:250 - Set database path to: C:\Users\Admin\.stmcufinder\plugins\mcufinder//mcu/
2026-02-05 19:45:40,608 [WARN] DbFile:41 - Overriding database path with different value: C:\Users\Admin\.stmcufinder\plugins\mcufinder/ => C:\Users\Admin\.stmcufinder\plugins\mcufinder
2026-02-05 19:45:40,608 [INFO] DbMcusAds:125 - Set database path to: C:\Users\Admin\.stmcufinder\plugins\mcufinder//mcu/
2026-02-05 19:45:40,608 [WARN] DbFile:41 - Overriding database path with different value: C:\Users\Admin\.stmcufinder\plugins\mcufinder/ => C:\Users\Admin\.stmcufinder\plugins\mcufinder
2026-02-05 19:45:40,609 [WARN] DbFile:41 - Overriding database path with different value: C:\Users\Admin\.stmcufinder\plugins\mcufinder/ => C:\Users\Admin\.stmcufinder\plugins\mcufinder
2026-02-05 19:45:40,609 [INFO] CrossReferenceDbSqlite:203 - Set database path to: C:\Users\Admin\.stmcufinder\plugins\mcufinder//mcu/cs/
2026-02-05 19:45:40,639 [INFO] ApplicationProperties:184 - Using Application install path: C:\ST\STM32CubeIDE_1.19.0\STM32CubeIDE\plugins\com.st.stm32cube.common.mx_6.15.0.202507011659
2026-02-05 19:45:40,641 [INFO] PluginManage:196 - Search for loadable plugins [exclusion list=, ]
2026-02-05 19:45:40,645 [INFO] PluginManage:310 - Check plugin analytics
2026-02-05 19:45:41,060 [INFO] AnalyticsPlugin:253 - Accepted Software Licenses: STM32CubeMX.6.15.0,STM32CubeMX.6.4.0,STM32CubeMX.6.12.0,STM32CubeMX.6.16.0
2026-02-05 19:45:41,061 [INFO] AnalyticsPlugin:255 - Accepted CMSIS Pack Licenses: STMicroelectronics.X-CUBE-DISPLAY.2.0.0,STMicroelectronics.X-CUBE-TOUCHGFX.4.18.0
2026-02-05 19:45:41,061 [INFO] AnalyticsPlugin:257 - Accepted Firmware Licenses: FW.F4.1.27.0,FW.G4.1.5.0,FW.G4.1.6.0,FW.F4.1.28.0,FW.F7.1.17.0,FW.G0.1.6.0,FW.H5.1.3.0,FW.H7.1.11.0,FW.L4.1.18.0,FW.L5.1.5.0,FW.U5.1.6.0,FW.WB.1.20.0
2026-02-05 19:45:41,071 [INFO] PluginManage:359 - Loaded plugin analytics (category:tool,tabindex:-1)
2026-02-05 19:45:41,072 [INFO] PluginManage:310 - Check plugin cadmodel
2026-02-05 19:45:41,080 [INFO] CADModel:105 - Init CAD model plugin
2026-02-05 19:45:41,080 [INFO] PluginManage:359 - Loaded plugin cadmodel (category:power,tabindex:5)
2026-02-05 19:45:41,081 [INFO] PluginManage:310 - Check plugin clock
2026-02-05 19:45:41,097 [INFO] PluginManage:359 - Loaded plugin clock (category:base,tabindex:2)
2026-02-05 19:45:41,098 [INFO] PluginManage:310 - Check plugin ddr
2026-02-05 19:45:41,103 [INFO] PluginManage:359 - Loaded plugin ddr (category:tool,tabindex:6)
2026-02-05 19:45:41,104 [INFO] PluginManage:310 - Check plugin filemanager
2026-02-05 19:45:41,415 [INFO] PluginManage:359 - Loaded plugin filemanager (category:base,tabindex:10)
2026-02-05 19:45:41,415 [INFO] PluginManage:310 - Check plugin ipmanager
2026-02-05 19:45:41,430 [INFO] PluginManage:359 - Loaded plugin ipmanager (category:base,tabindex:5)
2026-02-05 19:45:41,430 [INFO] PluginManage:310 - Check plugin lpbam
2026-02-05 19:45:41,463 [INFO] PluginManage:359 - Loaded plugin lpbam (category:base,tabindex:0)
2026-02-05 19:45:41,464 [INFO] PluginManage:310 - Check plugin memorymap
2026-02-05 19:45:41,502 [INFO] PluginManage:359 - Loaded plugin memorymap (category:base,tabindex:4)
2026-02-05 19:45:41,503 [INFO] PluginManage:310 - Check plugin pinoutandconfiguration
2026-02-05 19:45:41,514 [INFO] PluginManage:359 - Loaded plugin pinoutandconfiguration (category:base,tabindex:1)
2026-02-05 19:45:41,514 [INFO] PluginManage:310 - Check plugin pinoutconfig
2026-02-05 19:45:41,693 [WARN] SupportedApi:132 - Cannot load RTOS API schema: s4s-elt-must-match.1: The content of 'definitions' must match (annotation?, (simpleType | complexType)?, (unique | key | keyref)*)). A problem was found starting at: attribute.
2026-02-05 19:45:41,960 [INFO] PluginManage:359 - Loaded plugin pinoutconfig (category:base,tabindex:0)
2026-02-05 19:45:41,960 [INFO] PluginManage:310 - Check plugin power
2026-02-05 19:45:41,974 [INFO] PluginManage:359 - Loaded plugin power (category:power,tabindex:4)
2026-02-05 19:45:41,974 [INFO] PluginManage:310 - Check plugin projectmanager
2026-02-05 19:45:42,023 [INFO] PluginManage:359 - Loaded plugin projectmanager (category:projectmanager,tabindex:4)
2026-02-05 19:45:42,024 [INFO] PluginManage:310 - Check plugin rif
2026-02-05 19:45:42,039 [INFO] PluginManage:359 - Loaded plugin rif (category:base,tabindex:3)
2026-02-05 19:45:42,040 [INFO] PluginManage:310 - Check plugin thirdparty
2026-02-05 19:45:42,314 [INFO] PluginManage:359 - Loaded plugin thirdparty (category:base,tabindex:-1)
2026-02-05 19:45:42,314 [INFO] PluginManage:310 - Check plugin tools
2026-02-05 19:45:42,314 [WARN] IntegrityCheckThread:84 - waiting for thirdparty lock release [integrity check]
2026-02-05 19:45:42,315 [INFO] IntegrityCheckThread:86 - entering critical section [integrity check]
2026-02-05 19:45:42,316 [INFO] ThirdPartyUpdaterWithRetryManager:70 - Updater plugin not ready yet. [1/15]
2026-02-05 19:45:42,326 [INFO] PluginManage:359 - Loaded plugin tools (category:base,tabindex:7)
2026-02-05 19:45:42,326 [INFO] PluginManage:310 - Check plugin tutovideos
2026-02-05 19:45:42,723 [INFO] PluginManage:359 - Loaded plugin tutovideos (category:base,tabindex:-1)
2026-02-05 19:45:42,723 [INFO] PluginManage:310 - Check plugin updater
2026-02-05 19:45:42,760 [INFO] PluginManage:359 - Loaded plugin updater (category:base,tabindex:12)
2026-02-05 19:45:42,760 [INFO] PluginManage:310 - Check plugin userauth
2026-02-05 19:45:42,766 [INFO] UserAuth:118 - Init User Auth plugin
2026-02-05 19:45:42,768 [INFO] PluginManage:359 - Loaded plugin userauth (category:base,tabindex:14)
2026-02-05 19:45:42,768 [INFO] PluginManage:283 - PluginManage : Loaded plugins [18]
2026-02-05 19:45:43,157 [INFO] PinOutPanel:1589 - setPackage(No Configuration,No Configuration)
2026-02-05 19:45:43,323 [INFO] CADModel:165 - CPN selected for project level
2026-02-05 19:45:43,323 [INFO] CADModel:114 - Register for checkConnection events
2026-02-05 19:45:43,349 [INFO] IPUIPlugin:80 - create IPUIPlugin
2026-02-05 19:45:43,350 [INFO] PluginManager:220 - loadIPPluginJar : add adc
2026-02-05 19:45:43,355 [INFO] IPUIPlugin:80 - create IPUIPlugin
2026-02-05 19:45:43,356 [INFO] PluginManager:220 - loadIPPluginJar : add aes
2026-02-05 19:45:43,360 [INFO] IPUIPlugin:80 - create IPUIPlugin
2026-02-05 19:45:43,360 [INFO] PluginManager:220 - loadIPPluginJar : add can
2026-02-05 19:45:43,362 [INFO] IPUIPlugin:80 - create IPUIPlugin
2026-02-05 19:45:43,363 [INFO] PluginManager:220 - loadIPPluginJar : add comp
2026-02-05 19:45:43,367 [INFO] IPUIPlugin:80 - create IPUIPlugin
2026-02-05 19:45:43,367 [INFO] PluginManager:220 - loadIPPluginJar : add cryp
2026-02-05 19:45:43,371 [INFO] IPUIPlugin:80 - create IPUIPlugin
2026-02-05 19:45:43,372 [INFO] PluginManager:220 - loadIPPluginJar : add ddr_ctrl_phy
2026-02-05 19:45:43,396 [INFO] IPUIPlugin:80 - create IPUIPlugin
2026-02-05 19:45:43,396 [INFO] PluginManager:220 - loadIPPluginJar : add dfsdm
2026-02-05 19:45:43,404 [INFO] IPUIPlugin:80 - create IPUIPlugin
2026-02-05 19:45:43,405 [INFO] PluginManager:220 - loadIPPluginJar : add dma
2026-02-05 19:45:43,409 [INFO] IPUIPlugin:80 - create IPUIPlugin
2026-02-05 19:45:43,409 [INFO] PluginManager:220 - loadIPPluginJar : add dma3
2026-02-05 19:45:43,413 [INFO] IPUIPlugin:80 - create IPUIPlugin
2026-02-05 19:45:43,414 [INFO] PluginManager:220 - loadIPPluginJar : add extmemmanager
2026-02-05 19:45:43,417 [INFO] IPUIPlugin:80 - create IPUIPlugin
2026-02-05 19:45:43,420 [INFO] PluginManager:220 - loadIPPluginJar : add fatfs
2026-02-05 19:45:43,428 [INFO] IPUIPlugin:80 - create IPUIPlugin
2026-02-05 19:45:43,428 [INFO] PluginManager:220 - loadIPPluginJar : add fmc
2026-02-05 19:45:43,439 [INFO] IPUIPlugin:80 - create IPUIPlugin
2026-02-05 19:45:43,439 [INFO] PluginManager:220 - loadIPPluginJar : add freertos
2026-02-05 19:45:43,442 [INFO] IPUIPlugin:80 - create IPUIPlugin
2026-02-05 19:45:43,442 [INFO] PluginManager:220 - loadIPPluginJar : add genericplugin
2026-02-05 19:45:43,446 [INFO] IPUIPlugin:80 - create IPUIPlugin
2026-02-05 19:45:43,446 [INFO] PluginManager:220 - loadIPPluginJar : add gfxmmu
2026-02-05 19:45:43,454 [INFO] IPUIPlugin:80 - create IPUIPlugin
2026-02-05 19:45:43,454 [INFO] PluginManager:220 - loadIPPluginJar : add gic
2026-02-05 19:45:43,462 [INFO] IPUIPlugin:80 - create IPUIPlugin
2026-02-05 19:45:43,462 [INFO] PluginManager:220 - loadIPPluginJar : add gpio
2026-02-05 19:45:43,467 [INFO] IPUIPlugin:80 - create IPUIPlugin
2026-02-05 19:45:43,467 [INFO] PluginManager:220 - loadIPPluginJar : add gtzc
2026-02-05 19:45:43,471 [INFO] IPUIPlugin:80 - create IPUIPlugin
2026-02-05 19:45:43,471 [INFO] PluginManager:220 - loadIPPluginJar : add hash
2026-02-05 19:45:43,475 [INFO] IPUIPlugin:80 - create IPUIPlugin
2026-02-05 19:45:43,475 [INFO] PluginManager:220 - loadIPPluginJar : add i2c
2026-02-05 19:45:43,479 [INFO] IPUIPlugin:80 - create IPUIPlugin
2026-02-05 19:45:43,479 [INFO] PluginManager:220 - loadIPPluginJar : add i2s
2026-02-05 19:45:43,484 [INFO] IPUIPlugin:80 - create IPUIPlugin
2026-02-05 19:45:43,485 [INFO] PluginManager:220 - loadIPPluginJar : add i3c
2026-02-05 19:45:43,489 [INFO] IPUIPlugin:80 - create IPUIPlugin
2026-02-05 19:45:43,490 [INFO] PluginManager:220 - loadIPPluginJar : add ipddr
2026-02-05 19:45:43,500 [INFO] IPUIPlugin:80 - create IPUIPlugin
2026-02-05 19:45:43,501 [INFO] PluginManager:220 - loadIPPluginJar : add linkedlist
2026-02-05 19:45:43,505 [INFO] IPUIPlugin:80 - create IPUIPlugin
2026-02-05 19:45:43,505 [INFO] PluginManager:220 - loadIPPluginJar : add lorawan
2026-02-05 19:45:43,507 [INFO] IPUIPlugin:80 - create IPUIPlugin
2026-02-05 19:45:43,507 [INFO] PluginManager:220 - loadIPPluginJar : add ltdc
2026-02-05 19:45:43,515 [INFO] IPUIPlugin:80 - create IPUIPlugin
2026-02-05 19:45:43,516 [INFO] PluginManager:220 - loadIPPluginJar : add mdma
2026-02-05 19:45:43,520 [INFO] IPUIPlugin:80 - create IPUIPlugin
2026-02-05 19:45:43,521 [INFO] PluginManager:220 - loadIPPluginJar : add nvic
2026-02-05 19:45:43,525 [INFO] IPUIPlugin:80 - create IPUIPlugin
2026-02-05 19:45:43,525 [INFO] PluginManager:220 - loadIPPluginJar : add opamp
2026-02-05 19:45:43,529 [INFO] IPUIPlugin:80 - create IPUIPlugin
2026-02-05 19:45:43,529 [INFO] PluginManager:220 - loadIPPluginJar : add openamp
2026-02-05 19:45:43,533 [INFO] IPUIPlugin:80 - create IPUIPlugin
2026-02-05 19:45:43,534 [INFO] PluginManager:220 - loadIPPluginJar : add pdm2pcm
2026-02-05 19:45:43,542 [INFO] IPUIPlugin:80 - create IPUIPlugin
2026-02-05 19:45:43,546 [INFO] PluginManager:220 - loadIPPluginJar : add plateformsettings
2026-02-05 19:45:43,549 [INFO] IPUIPlugin:80 - create IPUIPlugin
2026-02-05 19:45:43,549 [INFO] PluginManager:220 - loadIPPluginJar : add quadspi
2026-02-05 19:45:43,551 [INFO] IPUIPlugin:80 - create IPUIPlugin
2026-02-05 19:45:43,552 [INFO] PluginManager:220 - loadIPPluginJar : add radio
2026-02-05 19:45:43,557 [INFO] IPUIPlugin:80 - create IPUIPlugin
2026-02-05 19:45:43,557 [INFO] PluginManager:220 - loadIPPluginJar : add resmgrutility
2026-02-05 19:45:43,561 [INFO] IPUIPlugin:80 - create IPUIPlugin
2026-02-05 19:45:43,562 [INFO] PluginManager:220 - loadIPPluginJar : add sai
2026-02-05 19:45:43,565 [INFO] IPUIPlugin:80 - create IPUIPlugin
2026-02-05 19:45:43,565 [INFO] PluginManager:220 - loadIPPluginJar : add spi
2026-02-05 19:45:43,574 [INFO] IPUIPlugin:80 - create IPUIPlugin
2026-02-05 19:45:43,574 [INFO] PluginManager:220 - loadIPPluginJar : add stm32_wpan
2026-02-05 19:45:43,577 [INFO] IPUIPlugin:80 - create IPUIPlugin
2026-02-05 19:45:43,577 [INFO] PluginManager:220 - loadIPPluginJar : add tim
2026-02-05 19:45:43,581 [INFO] IPUIPlugin:80 - create IPUIPlugin
2026-02-05 19:45:43,582 [INFO] PluginManager:220 - loadIPPluginJar : add touchsensing
2026-02-05 19:45:43,585 [INFO] IPUIPlugin:80 - create IPUIPlugin
2026-02-05 19:45:43,586 [INFO] PluginManager:220 - loadIPPluginJar : add tracer_emb
2026-02-05 19:45:43,588 [INFO] IPUIPlugin:80 - create IPUIPlugin
2026-02-05 19:45:43,588 [INFO] PluginManager:220 - loadIPPluginJar : add ts
2026-02-05 19:45:43,591 [INFO] IPUIPlugin:80 - create IPUIPlugin
2026-02-05 19:45:43,591 [INFO] PluginManager:220 - loadIPPluginJar : add tsc
2026-02-05 19:45:43,594 [INFO] IPUIPlugin:80 - create IPUIPlugin
2026-02-05 19:45:43,594 [INFO] PluginManager:220 - loadIPPluginJar : add ucpd
2026-02-05 19:45:43,597 [INFO] IPUIPlugin:80 - create IPUIPlugin
2026-02-05 19:45:43,597 [INFO] PluginManager:220 - loadIPPluginJar : add usart
2026-02-05 19:45:43,602 [INFO] IPUIPlugin:80 - create IPUIPlugin
2026-02-05 19:45:43,602 [INFO] PluginManager:220 - loadIPPluginJar : add usbx
2026-02-05 19:45:43,811 [FATAL] Updater:351 - Updater called before beeing initialized
2026-02-05 19:45:43,884 [INFO] RulesReader:64 - Compatibility file has been processed (317 Rules)
2026-02-05 19:45:43,938 [INFO] RulesReader:64 - Compatibility file has been processed (317 Rules)
2026-02-05 19:45:43,972 [INFO] CADModel:165 - CPN selected for project level
2026-02-05 19:45:43,972 [INFO] CADModel:114 - Register for checkConnection events
2026-02-05 19:45:43,972 [FATAL] Updater:351 - Updater called before beeing initialized
2026-02-05 19:45:43,973 [ERROR] CADModel:125 - Updater not yet initialized, retry later 
2026-02-05 19:45:44,220 [FATAL] Updater:351 - Updater called before beeing initialized
2026-02-05 19:45:44,221 [INFO] CADModel:165 - CPN selected for project level
2026-02-05 19:45:44,221 [INFO] CADModel:114 - Register for checkConnection events
2026-02-05 19:45:44,222 [FATAL] Updater:351 - Updater called before beeing initialized
2026-02-05 19:45:44,222 [ERROR] CADModel:125 - Updater not yet initialized, retry later 
2026-02-05 19:45:44,225 [FATAL] Updater:351 - Updater called before beeing initialized
2026-02-05 19:45:44,339 [FATAL] Updater:351 - Updater called before beeing initialized
2026-02-05 19:45:44,342 [INFO] DbMcusAds:53 - JSON generation date=Tue Nov 25 15:08:32 CET 2025 (1764079712175)
2026-02-05 19:45:44,343 [FATAL] Updater:351 - Updater called before beeing initialized
2026-02-05 19:45:44,369 [WARN] DetailPanel:346 - Failed to get advertising image, set to default
2026-02-05 19:45:44,444 [FATAL] Updater:351 - Updater called before beeing initialized
2026-02-05 19:45:44,445 [FATAL] Updater:351 - Updater called before beeing initialized
2026-02-05 19:45:44,446 [FATAL] Updater:351 - Updater called before beeing initialized
2026-02-05 19:45:44,446 [WARN] DetailPanel:346 - Failed to get advertising image, set to default
2026-02-05 19:45:44,446 [FATAL] Updater:351 - Updater called before beeing initialized
2026-02-05 19:45:44,488 [ERROR] Updater:1198 - MainUpdater not yet initialized. External WinMGr cannot be set.
2026-02-05 19:45:44,489 [INFO] Updater:1134 - Updater Version found : 6.15.0
2026-02-05 19:45:44,506 [INFO] ApplicationProperties:184 - Using Application install path: C:\ST\STM32CubeIDE_1.19.0\STM32CubeIDE\plugins\com.st.stm32cube.common.mx_6.15.0.202507011659
2026-02-05 19:45:44,832 [INFO] MainUpdater:2872 - connection check result : 10
2026-02-05 19:45:44,832 [INFO] MainUpdater:289 - Updater Check For Update Now.
2026-02-05 19:45:44,833 [INFO] MicroXplorer:498 - Change Database Version : DB.6.0.150
2026-02-05 19:45:44,853 [INFO] McuFinderGlobals:63 - Set McuFinder mode to 2 (CubeIDE integrated)
2026-02-05 19:45:44,853 [INFO] UserAuth:487 - Internet connection configuration mode: 1
2026-02-05 19:45:44,878 [INFO] JxBrowserEngine:152 - Initiate JxBrowser Engine with user profile folder
2026-02-05 19:45:45,010 [INFO] CheckServerUpdateThread:120 - End of CheckServer Thread
2026-02-05 19:45:45,614 [WARN] PackLoader:240 - Cannot read IP mode file for STMicroelectronics.FP-SNS-MOTENVWB1.1.4.0
2026-02-05 19:45:45,627 [WARN] PackLoader:240 - Cannot read IP mode file for STMicroelectronics.FP-ATR-ASTRA1.2.0.2
2026-02-05 19:45:45,642 [INFO] WebApp:169 - Instantiating new browser for Auth
2026-02-05 19:45:45,644 [WARN] PackLoader:240 - Cannot read IP mode file for STMicroelectronics.X-CUBE-SMBUS.2.1.0
2026-02-05 19:45:45,693 [WARN] PackLoader:240 - Cannot read IP mode file for STMicroelectronics.X-CUBE-AZRTOS-F7.1.1.0
2026-02-05 19:45:45,711 [WARN] PackLoader:240 - Cannot read IP mode file for STMicroelectronics.FP-SNS-MOTENV1.5.1.0
2026-02-05 19:45:45,751 [WARN] PackLoader:240 - Cannot read IP mode file for WES.I-CUBE-Cesium.1.4.0
2026-02-05 19:45:45,793 [WARN] PackLoader:240 - Cannot read IP mode file for STMicroelectronics.X-CUBE-AZRTOS-H7.3.4.0
2026-02-05 19:45:45,806 [WARN] PackLoader:240 - Cannot read IP mode file for STMicroelectronics.X-CUBE-DISPLAY.3.0.0
2026-02-05 19:45:45,820 [WARN] PackLoader:240 - Cannot read IP mode file for STMicroelectronics.X-CUBE-NFC10.1.0.0
2026-02-05 19:45:45,829 [WARN] PackLoader:240 - Cannot read IP mode file for STMicroelectronics.X-CUBE-ST60.1.1.0
2026-02-05 19:45:45,839 [WARN] PackLoader:240 - Cannot read IP mode file for emotas.I-CUBE-CANOPEN.1.3.0
2026-02-05 19:45:45,844 [WARN] PackLoader:240 - Cannot read IP mode file for STMicroelectronics.X-CUBE-GNSS1.7.1.0
2026-02-05 19:45:45,852 [WARN] PackLoader:240 - Cannot read IP mode file for STMicroelectronics.FP-SNS-STBOX1.2.1.0
2026-02-05 19:45:45,861 [WARN] PackLoader:240 - Cannot read IP mode file for STMicroelectronics.FP-SNS-SMARTAG2.1.2.0
2026-02-05 19:45:45,865 [WARN] PackLoader:240 - Cannot read IP mode file for STMicroelectronics.FP-SNS-FLIGHT1.5.1.0
2026-02-05 19:45:45,875 [INFO] LogOutputStream:77 - [STDOUT_REDIRECT] 1 : Invalid condition id : UX_CORESTACK_Condition cause : null
2026-02-05 19:45:45,875 [INFO] LogOutputStream:77 - [STDOUT_REDIRECT] 1 : Invalid condition id : UX_CORESTACK_Condition cause : null
2026-02-05 19:45:45,876 [INFO] LogOutputStream:77 - [STDOUT_REDIRECT] 1 : Invalid condition id : UX_CORESTACK_Condition cause : null
2026-02-05 19:45:45,878 [INFO] LogOutputStream:77 - [STDOUT_REDIRECT] 1 : Invalid condition id : UX_CORESTACK_Condition cause : null
2026-02-05 19:45:45,880 [INFO] LogOutputStream:77 - [STDOUT_REDIRECT] 1 : Invalid condition id : UX_CORESTACK_Condition cause : null
2026-02-05 19:45:45,883 [WARN] PackLoader:240 - Cannot read IP mode file for STMicroelectronics.X-CUBE-AZRTOS-WL.2.0.0
2026-02-05 19:45:45,897 [WARN] PackLoader:240 - Cannot read IP mode file for STMicroelectronics.X-CUBE-AZRTOS-H7RS.1.2.0
2026-02-05 19:45:45,903 [WARN] PackLoader:240 - Cannot read IP mode file for STMicroelectronics.X-CUBE-BLE2.3.3.0
2026-02-05 19:45:45,948 [WARN] PackLoader:240 - Cannot read IP mode file for Infineon.AIROC-Wi-Fi-Bluetooth-STM32.1.8.0
2026-02-05 19:45:45,956 [WARN] PackLoader:240 - Cannot read IP mode file for STMicroelectronics.X-CUBE-NFC9.1.0.0
2026-02-05 19:45:45,960 [WARN] PackLoader:240 - Cannot read IP mode file for wolfSSL.I-CUBE-wolfSSL.5.8.2
2026-02-05 19:45:45,965 [WARN] PackLoader:240 - Cannot read IP mode file for STMicroelectronics.X-CUBE-BLE1.7.1.0
2026-02-05 19:45:45,968 [WARN] PackLoader:240 - Cannot read IP mode file for wolfSSL.I-CUBE-wolfMQTT.1.19.2
2026-02-05 19:45:45,974 [WARN] PackLoader:240 - Cannot read IP mode file for STMicroelectronics.X-CUBE-FREERTOS.1.4.0
2026-02-05 19:45:45,978 [WARN] PackLoader:240 - Cannot read IP mode file for STMicroelectronics.X-CUBE-EEPRMA1.5.2.0
2026-02-05 19:45:45,985 [WARN] PackLoader:240 - Cannot read IP mode file for Cesanta.I-CUBE-Mongoose.7.20.0
2026-02-05 19:45:45,991 [WARN] PackLoader:240 - Cannot read IP mode file for STMicroelectronics.X-CUBE-ST67W61.1.1.0
2026-02-05 19:45:46,029 [WARN] PackLoader:240 - Cannot read IP mode file for STMicroelectronics.X-CUBE-MEMS1.12.0.0
2026-02-05 19:45:46,157 [WARN] PackLoader:240 - Cannot read IP mode file for STMicroelectronics.X-CUBE-AZRTOS-G0.1.1.0
2026-02-05 19:45:46,162 [WARN] PackLoader:240 - Cannot read IP mode file for STMicroelectronics.X-CUBE-NFC4.3.0.0
2026-02-05 19:45:46,169 [WARN] PackLoader:240 - Cannot read IP mode file for EmbeddedOffice.I-CUBE-FS-RTOS.1.0.1
2026-02-05 19:45:46,173 [WARN] PackLoader:240 - Cannot read IP mode file for STMicroelectronics.X-CUBE-WB05N.2.0.0
2026-02-05 19:45:46,177 [WARN] PackLoader:240 - Cannot read IP mode file for wolfSSL.I-CUBE-wolfTPM.3.8.0
2026-02-05 19:45:46,181 [WARN] PackLoader:240 - Cannot read IP mode file for STMicroelectronics.X-CUBE-TCPP.4.2.0
2026-02-05 19:45:46,185 [WARN] PackLoader:240 - Cannot read IP mode file for RealThread.X-CUBE-RT-Thread_Nano.4.1.1
2026-02-05 19:45:46,188 [WARN] PackLoader:240 - Cannot read IP mode file for STMicroelectronics.FP-ATR-SIGFOX1.3.2.0
2026-02-05 19:45:46,192 [WARN] PackLoader:240 - Cannot read IP mode file for ITTIA_DB.I-CUBE-ITTIADB.8.9.0
2026-02-05 19:45:46,197 [WARN] PackLoader:240 - Cannot read IP mode file for STMicroelectronics.X-CUBE-NFC6.3.2.0
2026-02-05 19:45:46,201 [WARN] PackLoader:240 - Cannot read IP mode file for STMicroelectronics.X-CUBE-AI.10.2.0
2026-02-05 19:45:46,222 [WARN] PackLoader:240 - Cannot read IP mode file for SEGGER.I-CUBE-embOS.1.3.1
2026-02-05 19:45:46,258 [WARN] PackLoader:240 - Cannot read IP mode file for STMicroelectronics.X-CUBE-ALGOBUILD.1.4.0
2026-02-05 19:45:46,262 [WARN] PackLoader:240 - Cannot read IP mode file for STMicroelectronics.X-CUBE-PM33A1.1.0.0
2026-02-05 19:45:46,273 [WARN] PackLoader:240 - Cannot read IP mode file for STMicroelectronics.X-CUBE-AZRTOS-F4.1.1.0
2026-02-05 19:45:46,280 [WARN] PackLoader:240 - Cannot read IP mode file for STMicroelectronics.X-CUBE-ISPU.2.1.0
2026-02-05 19:45:46,288 [WARN] PackLoader:240 - Cannot read IP mode file for STMicroelectronics.X-CUBE-IPS.3.2.0
2026-02-05 19:45:46,295 [WARN] PackLoader:240 - Cannot read IP mode file for STMicroelectronics.X-CUBE-NFC12.1.0.0
2026-02-05 19:45:46,305 [WARN] PackLoader:240 - Cannot read IP mode file for STMicroelectronics.X-CUBE-AZRTOS-L5.2.0.0
2026-02-05 19:45:46,310 [WARN] PackLoader:240 - Cannot read IP mode file for STMicroelectronics.X-CUBE-NFC6.3.1.0
2026-02-05 19:45:46,317 [WARN] PackLoader:240 - Cannot read IP mode file for STMicroelectronics.X-CUBE-TOUCHGFX.4.26.0
2026-02-05 19:45:46,323 [WARN] PackLoader:240 - Cannot read IP mode file for STMicroelectronics.FP-SNS-STAIOTCFT.1.0.0
2026-02-05 19:45:46,330 [WARN] PackLoader:240 - Cannot read IP mode file for STMicroelectronics.X-CUBE-DPower.1.3.0
2026-02-05 19:45:46,347 [WARN] ConditionMgr:438 - getConditionDescription Invalid condition id : LAN8742 Phy interface Condition cause : null
2026-02-05 19:45:46,347 [WARN] PackLoader:240 - Cannot read IP mode file for STMicroelectronics.X-CUBE-AZRTOS-L4.2.0.0
2026-02-05 19:45:46,348 [WARN] ConditionMgr:1044 - genDependencies : Invalid condition id : LAN8742 Phy interface Condition cause : null
2026-02-05 19:45:46,348 [WARN] ConditionMgr:1044 - genDependencies : Invalid condition id : LAN8742 Phy interface Condition cause : null
2026-02-05 19:45:46,349 [WARN] ConditionMgr:1044 - genDependencies : Invalid condition id : LAN8742 Phy interface Condition cause : null
2026-02-05 19:45:46,356 [WARN] PackLoader:240 - Cannot read IP mode file for STMicroelectronics.X-CUBE-SFXS2LP1.4.0.0
2026-02-05 19:45:46,361 [WARN] PackLoader:240 - Cannot read IP mode file for STMicroelectronics.X-CUBE-ST67W61.1.2.0
2026-02-05 19:45:46,371 [WARN] PackLoader:240 - Cannot read IP mode file for STMicroelectronics.X-CUBE-BLEMGR.4.1.0
2026-02-05 19:45:46,384 [WARN] ConditionMgr:438 - getConditionDescription Invalid condition id : UX DEVICE CLASS RTOS Condition cause : null
2026-02-05 19:45:46,384 [WARN] ConditionMgr:438 - getConditionDescription Invalid condition id : UX DEVICE CLASS RTOS Condition cause : null
2026-02-05 19:45:46,387 [WARN] PackLoader:240 - Cannot read IP mode file for STMicroelectronics.X-CUBE-AZRTOS-WB.2.0.0
2026-02-05 19:45:46,387 [WARN] ConditionMgr:1044 - genDependencies : Invalid condition id : UX DEVICE CLASS RTOS Condition cause : null
2026-02-05 19:45:46,388 [WARN] ConditionMgr:1044 - genDependencies : Invalid condition id : UX DEVICE CLASS RTOS Condition cause : null
2026-02-05 19:45:46,388 [WARN] ConditionMgr:1044 - genDependencies : Invalid condition id : UX DEVICE CLASS RTOS Condition cause : null
2026-02-05 19:45:46,388 [WARN] ConditionMgr:1044 - genDependencies : Invalid condition id : UX DEVICE CLASS RTOS Condition cause : null
2026-02-05 19:45:46,389 [WARN] ConditionMgr:1044 - genDependencies : Invalid condition id : UX DEVICE CLASS RTOS Condition cause : null
2026-02-05 19:45:46,395 [WARN] ConditionMgr:438 - getConditionDescription Invalid condition id : Cortex-A Device cause : null
2026-02-05 19:45:46,404 [WARN] ConditionMgr:1044 - genDependencies : Invalid condition id : Cortex-A Device cause : null
2026-02-05 19:45:46,404 [WARN] ConditionMgr:1044 - genDependencies : Invalid condition id : Cortex-A Device cause : null
2026-02-05 19:45:46,404 [WARN] ConditionMgr:1044 - genDependencies : Invalid condition id : Cortex-A Device cause : null
2026-02-05 19:45:46,412 [WARN] PackLoader:240 - Cannot read IP mode file for STMicroelectronics.X-CUBE-STSE01.2.0.0
2026-02-05 19:45:46,426 [WARN] PackLoader:240 - Cannot read IP mode file for STMicroelectronics.X-CUBE-SUBG2.5.0.0
2026-02-05 19:45:46,446 [WARN] PackLoader:240 - Cannot read IP mode file for STMicroelectronics.X-CUBE-AZRTOS-G4.2.0.0
2026-02-05 19:45:46,451 [WARN] PackLoader:240 - Cannot read IP mode file for wolfSSL.I-CUBE-wolfSSH.1.4.20
2026-02-05 19:45:46,455 [WARN] PackLoader:240 - Cannot read IP mode file for STMicroelectronics.X-CUBE-NFC7.2.0.0
2026-02-05 19:45:46,459 [WARN] PackLoader:240 - Cannot read IP mode file for STMicroelectronics.X-CUBE-ALS.1.0.2
2026-02-05 19:45:46,464 [WARN] PackLoader:240 - Cannot read IP mode file for STMicroelectronics.X-CUBE-STSE01.1.0.0
2026-02-05 19:45:46,472 [WARN] PackLoader:240 - Cannot read IP mode file for STMicroelectronics.X-CUBE-TOF1.3.4.3
2026-02-05 19:45:46,478 [INFO] ThirdParty:978 - Integrity check success = true
2026-02-05 19:45:46,478 [INFO] IntegrityCheckThread:100 - exiting critical section [integrity check]
2026-02-05 19:45:46,478 [INFO] IntegrityCheckThread:103 - End integrity checks thread
2026-02-05 19:45:46,831 [INFO] WebApp:463 - Apply proxy settings
2026-02-05 19:45:46,832 [INFO] WebApp:548 - Chromium requires no authentication
2026-02-05 19:45:46,842 [INFO] WebApp:491 - Direct internet connection detected
2026-02-05 19:45:46,870 [INFO] WebApp:900 - Register for checkConnection events
2026-02-05 19:45:46,871 [INFO] WebApp:463 - Apply proxy settings
2026-02-05 19:45:46,871 [INFO] WebApp:548 - Chromium requires no authentication
2026-02-05 19:45:46,872 [INFO] WebApp:491 - Direct internet connection detected
2026-02-05 19:45:47,093 [INFO] WebApp:225 - Starting web application
2026-02-05 19:45:47,094 [INFO] WebApp:593 - Web application path used C:\ST\STM32CubeIDE_1.19.0\STM32CubeIDE\plugins\com.st.stm32cube.common.mx_6.15.0.202507011659\db\plugins\mcufinder\reactClient1\index.html
2026-02-05 19:45:47,172 [INFO] UserAuth:487 - Internet connection configuration mode: 1
2026-02-05 19:45:47,372 [INFO] WebApp:191 - Connection restablished
