2026-04-27 14:08:53,461 [INFO] Activator:176 - 


2026-04-27 14:08:53,465 [INFO] Activator:177 - !SESSION log4j initialized
2026-04-27 14:09:00,581 [INFO] LogOutputStream:77 - [STDOUT_REDIRECT] 
2026-04-27 14:09:09,673 [INFO] ApplicationProperties:184 - Using Application install path: C:\ST\STM32CubeIDE_1.19.0\STM32CubeIDE\plugins\com.st.stm32cube.common.mx_6.15.0.202507011659
2026-04-27 14:09:09,691 [INFO] DbMcusXml:78 - Set database path to: C:\ST\STM32CubeIDE_1.19.0\STM32CubeIDE\plugins\com.st.stm32cube.common.mx_6.15.0.202507011659\\db\/mcu/
2026-04-27 14:09:09,691 [INFO] ApiDb:274 - Set plugin database path to: C:\ST\STM32CubeIDE_1.19.0\STM32CubeIDE\plugins\com.st.stm32cube.common.mx_6.15.0.202507011659\\db\/plugins/boardmanager/
2026-04-27 14:09:09,691 [WARN] ApiDb:259 - Overriding images path with different value:  => C:\ST\STM32CubeIDE_1.19.0\STM32CubeIDE\plugins\com.st.stm32cube.common.mx_6.15.0.202507011659\\db\/plugins/mcufinder/images/
2026-04-27 14:09:09,706 [INFO] ApiDb:250 - Set database path to: C:\Users\Admin\.stmcufinder\plugins\mcufinder//mcu/
2026-04-27 14:09:09,707 [INFO] DbMcusAds:125 - Set database path to: C:\Users\Admin\.stmcufinder\plugins\mcufinder//mcu/
2026-04-27 14:09:09,710 [INFO] CrossReferenceDbSqlite:203 - Set database path to: C:\Users\Admin\.stmcufinder\plugins\mcufinder//mcu/cs/
2026-04-27 14:09:09,816 [INFO] RulesReader:64 - Compatibility file has been processed (317 Rules)
2026-04-27 14:09:09,903 [INFO] DbMcusXml:78 - Set database path to: C:\ST\STM32CubeIDE_1.19.0\STM32CubeIDE\plugins\com.st.stm32cube.common.mx_6.15.0.202507011659\\db\/mcu/
2026-04-27 14:09:09,903 [INFO] ApiDb:274 - Set plugin database path to: C:\ST\STM32CubeIDE_1.19.0\STM32CubeIDE\plugins\com.st.stm32cube.common.mx_6.15.0.202507011659\\db\/plugins/boardmanager/
2026-04-27 14:09:09,903 [INFO] ApiDb:261 - Set plugin images path to: C:\ST\STM32CubeIDE_1.19.0\STM32CubeIDE\plugins\com.st.stm32cube.common.mx_6.15.0.202507011659\\db\/plugins/mcufinder/images/
2026-04-27 14:09:09,904 [WARN] DbFile:41 - Overriding database path with different value: C:\Users\Admin\.stmcufinder\plugins\mcufinder/ => C:\Users\Admin\.stmcufinder\plugins\mcufinder
2026-04-27 14:09:09,904 [INFO] ApiDb:250 - Set database path to: C:\Users\Admin\.stmcufinder\plugins\mcufinder//mcu/
2026-04-27 14:09:09,904 [WARN] DbFile:41 - Overriding database path with different value: C:\Users\Admin\.stmcufinder\plugins\mcufinder/ => C:\Users\Admin\.stmcufinder\plugins\mcufinder
2026-04-27 14:09:09,904 [INFO] DbMcusAds:125 - Set database path to: C:\Users\Admin\.stmcufinder\plugins\mcufinder//mcu/
2026-04-27 14:09:09,904 [WARN] DbFile:41 - Overriding database path with different value: C:\Users\Admin\.stmcufinder\plugins\mcufinder/ => C:\Users\Admin\.stmcufinder\plugins\mcufinder
2026-04-27 14:09:09,904 [WARN] DbFile:41 - Overriding database path with different value: C:\Users\Admin\.stmcufinder\plugins\mcufinder/ => C:\Users\Admin\.stmcufinder\plugins\mcufinder
2026-04-27 14:09:09,904 [INFO] CrossReferenceDbSqlite:203 - Set database path to: C:\Users\Admin\.stmcufinder\plugins\mcufinder//mcu/cs/
2026-04-27 14:09:09,982 [INFO] MainPanel:274 - HeapMemory: 268435456
2026-04-27 14:09:10,089 [INFO] DbMcusXml:78 - Set database path to: C:\ST\STM32CubeIDE_1.19.0\STM32CubeIDE\plugins\com.st.stm32cube.common.mx_6.15.0.202507011659\\db\/mcu/
2026-04-27 14:09:10,089 [INFO] ApiDb:274 - Set plugin database path to: C:\ST\STM32CubeIDE_1.19.0\STM32CubeIDE\plugins\com.st.stm32cube.common.mx_6.15.0.202507011659\\db\/plugins/boardmanager/
2026-04-27 14:09:10,089 [INFO] ApiDb:261 - Set plugin images path to: C:\ST\STM32CubeIDE_1.19.0\STM32CubeIDE\plugins\com.st.stm32cube.common.mx_6.15.0.202507011659\\db\/plugins/mcufinder/images/
2026-04-27 14:09:10,089 [WARN] DbFile:41 - Overriding database path with different value: C:\Users\Admin\.stmcufinder\plugins\mcufinder/ => C:\Users\Admin\.stmcufinder\plugins\mcufinder
2026-04-27 14:09:10,090 [INFO] ApiDb:250 - Set database path to: C:\Users\Admin\.stmcufinder\plugins\mcufinder//mcu/
2026-04-27 14:09:10,090 [WARN] DbFile:41 - Overriding database path with different value: C:\Users\Admin\.stmcufinder\plugins\mcufinder/ => C:\Users\Admin\.stmcufinder\plugins\mcufinder
2026-04-27 14:09:10,090 [INFO] DbMcusAds:125 - Set database path to: C:\Users\Admin\.stmcufinder\plugins\mcufinder//mcu/
2026-04-27 14:09:10,090 [WARN] DbFile:41 - Overriding database path with different value: C:\Users\Admin\.stmcufinder\plugins\mcufinder/ => C:\Users\Admin\.stmcufinder\plugins\mcufinder
2026-04-27 14:09:10,090 [WARN] DbFile:41 - Overriding database path with different value: C:\Users\Admin\.stmcufinder\plugins\mcufinder/ => C:\Users\Admin\.stmcufinder\plugins\mcufinder
2026-04-27 14:09:10,090 [INFO] CrossReferenceDbSqlite:203 - Set database path to: C:\Users\Admin\.stmcufinder\plugins\mcufinder//mcu/cs/
2026-04-27 14:09:10,107 [INFO] ApplicationProperties:184 - Using Application install path: C:\ST\STM32CubeIDE_1.19.0\STM32CubeIDE\plugins\com.st.stm32cube.common.mx_6.15.0.202507011659
2026-04-27 14:09:10,108 [INFO] PluginManage:196 - Search for loadable plugins [exclusion list=, ]
2026-04-27 14:09:10,111 [INFO] PluginManage:310 - Check plugin analytics
2026-04-27 14:09:10,321 [INFO] AnalyticsPlugin:253 - Accepted Software Licenses: STM32CubeMX.6.15.0,STM32CubeMX.6.4.0,STM32CubeMX.6.12.0,STM32CubeMX.6.16.0,STM32CubeMX.6.17.0
2026-04-27 14:09:10,321 [INFO] AnalyticsPlugin:255 - Accepted CMSIS Pack Licenses: STMicroelectronics.X-CUBE-DISPLAY.2.0.0,STMicroelectronics.X-CUBE-TOUCHGFX.4.18.0
2026-04-27 14:09:10,321 [INFO] AnalyticsPlugin:257 - Accepted Firmware Licenses: FW.F4.1.27.0,FW.G4.1.5.0,FW.G4.1.6.0,FW.F4.1.28.0,FW.F7.1.17.0,FW.G0.1.6.0,FW.H5.1.3.0,FW.H7.1.11.0,FW.L4.1.18.0,FW.L5.1.5.0,FW.U5.1.6.0,FW.WB.1.20.0,FW.H7.1.12.0
2026-04-27 14:09:10,325 [INFO] PluginManage:359 - Loaded plugin analytics (category:tool,tabindex:-1)
2026-04-27 14:09:10,325 [INFO] PluginManage:310 - Check plugin cadmodel
2026-04-27 14:09:10,338 [INFO] CADModel:105 - Init CAD model plugin
2026-04-27 14:09:10,338 [INFO] PluginManage:359 - Loaded plugin cadmodel (category:power,tabindex:5)
2026-04-27 14:09:10,338 [INFO] PluginManage:310 - Check plugin clock
2026-04-27 14:09:10,355 [INFO] PluginManage:359 - Loaded plugin clock (category:base,tabindex:2)
2026-04-27 14:09:10,355 [INFO] PluginManage:310 - Check plugin ddr
2026-04-27 14:09:10,357 [INFO] PluginManage:359 - Loaded plugin ddr (category:tool,tabindex:6)
2026-04-27 14:09:10,357 [INFO] PluginManage:310 - Check plugin filemanager
2026-04-27 14:09:10,488 [INFO] PluginManage:359 - Loaded plugin filemanager (category:base,tabindex:10)
2026-04-27 14:09:10,488 [INFO] PluginManage:310 - Check plugin ipmanager
2026-04-27 14:09:10,497 [INFO] PluginManage:359 - Loaded plugin ipmanager (category:base,tabindex:5)
2026-04-27 14:09:10,498 [INFO] PluginManage:310 - Check plugin lpbam
2026-04-27 14:09:10,513 [INFO] PluginManage:359 - Loaded plugin lpbam (category:base,tabindex:0)
2026-04-27 14:09:10,513 [INFO] PluginManage:310 - Check plugin memorymap
2026-04-27 14:09:10,534 [INFO] PluginManage:359 - Loaded plugin memorymap (category:base,tabindex:4)
2026-04-27 14:09:10,534 [INFO] PluginManage:310 - Check plugin pinoutandconfiguration
2026-04-27 14:09:10,553 [INFO] PluginManage:359 - Loaded plugin pinoutandconfiguration (category:base,tabindex:1)
2026-04-27 14:09:10,553 [INFO] PluginManage:310 - Check plugin pinoutconfig
2026-04-27 14:09:10,636 [WARN] SupportedApi:132 - Cannot load RTOS API schema: s4s-elt-must-match.1: The content of 'definitions' must match (annotation?, (simpleType | complexType)?, (unique | key | keyref)*)). A problem was found starting at: attribute.
2026-04-27 14:09:10,761 [INFO] PluginManage:359 - Loaded plugin pinoutconfig (category:base,tabindex:0)
2026-04-27 14:09:10,761 [INFO] PluginManage:310 - Check plugin power
2026-04-27 14:09:10,786 [INFO] PluginManage:359 - Loaded plugin power (category:power,tabindex:4)
2026-04-27 14:09:10,786 [INFO] PluginManage:310 - Check plugin projectmanager
2026-04-27 14:09:10,800 [INFO] PluginManage:359 - Loaded plugin projectmanager (category:projectmanager,tabindex:4)
2026-04-27 14:09:10,800 [INFO] PluginManage:310 - Check plugin rif
2026-04-27 14:09:10,817 [INFO] PluginManage:359 - Loaded plugin rif (category:base,tabindex:3)
2026-04-27 14:09:10,817 [INFO] PluginManage:310 - Check plugin thirdparty
2026-04-27 14:09:11,082 [INFO] PluginManage:359 - Loaded plugin thirdparty (category:base,tabindex:-1)
2026-04-27 14:09:11,082 [WARN] IntegrityCheckThread:84 - waiting for thirdparty lock release [integrity check]
2026-04-27 14:09:11,083 [INFO] IntegrityCheckThread:86 - entering critical section [integrity check]
2026-04-27 14:09:11,083 [INFO] PluginManage:310 - Check plugin tools
2026-04-27 14:09:11,083 [INFO] ThirdPartyUpdaterWithRetryManager:70 - Updater plugin not ready yet. [1/15]
2026-04-27 14:09:11,118 [INFO] PluginManage:359 - Loaded plugin tools (category:base,tabindex:7)
2026-04-27 14:09:11,118 [INFO] PluginManage:310 - Check plugin tutovideos
2026-04-27 14:09:11,315 [INFO] PluginManage:359 - Loaded plugin tutovideos (category:base,tabindex:-1)
2026-04-27 14:09:11,315 [INFO] PluginManage:310 - Check plugin updater
2026-04-27 14:09:11,337 [INFO] PluginManage:359 - Loaded plugin updater (category:base,tabindex:12)
2026-04-27 14:09:11,337 [INFO] PluginManage:310 - Check plugin userauth
2026-04-27 14:09:11,341 [INFO] UserAuth:118 - Init User Auth plugin
2026-04-27 14:09:11,342 [INFO] PluginManage:359 - Loaded plugin userauth (category:base,tabindex:14)
2026-04-27 14:09:11,342 [INFO] PluginManage:283 - PluginManage : Loaded plugins [18]
2026-04-27 14:09:11,526 [INFO] PinOutPanel:1589 - setPackage(No Configuration,No Configuration)
2026-04-27 14:09:11,605 [INFO] CADModel:165 - CPN selected for project level
2026-04-27 14:09:11,606 [INFO] CADModel:114 - Register for checkConnection events
2026-04-27 14:09:11,630 [INFO] IPUIPlugin:80 - create IPUIPlugin
2026-04-27 14:09:11,630 [INFO] PluginManager:220 - loadIPPluginJar : add adc
2026-04-27 14:09:11,666 [INFO] IPUIPlugin:80 - create IPUIPlugin
2026-04-27 14:09:11,666 [INFO] PluginManager:220 - loadIPPluginJar : add aes
2026-04-27 14:09:11,705 [INFO] IPUIPlugin:80 - create IPUIPlugin
2026-04-27 14:09:11,706 [INFO] PluginManager:220 - loadIPPluginJar : add can
2026-04-27 14:09:11,729 [INFO] IPUIPlugin:80 - create IPUIPlugin
2026-04-27 14:09:11,729 [INFO] PluginManager:220 - loadIPPluginJar : add comp
2026-04-27 14:09:11,757 [INFO] IPUIPlugin:80 - create IPUIPlugin
2026-04-27 14:09:11,757 [INFO] PluginManager:220 - loadIPPluginJar : add cryp
2026-04-27 14:09:11,769 [INFO] IPUIPlugin:80 - create IPUIPlugin
2026-04-27 14:09:11,769 [INFO] PluginManager:220 - loadIPPluginJar : add ddr_ctrl_phy
2026-04-27 14:09:11,796 [INFO] IPUIPlugin:80 - create IPUIPlugin
2026-04-27 14:09:11,796 [INFO] PluginManager:220 - loadIPPluginJar : add dfsdm
2026-04-27 14:09:11,808 [INFO] IPUIPlugin:80 - create IPUIPlugin
2026-04-27 14:09:11,808 [INFO] PluginManager:220 - loadIPPluginJar : add dma
2026-04-27 14:09:11,841 [INFO] IPUIPlugin:80 - create IPUIPlugin
2026-04-27 14:09:11,841 [INFO] PluginManager:220 - loadIPPluginJar : add dma3
2026-04-27 14:09:11,877 [INFO] IPUIPlugin:80 - create IPUIPlugin
2026-04-27 14:09:11,877 [INFO] PluginManager:220 - loadIPPluginJar : add extmemmanager
2026-04-27 14:09:11,895 [INFO] IPUIPlugin:80 - create IPUIPlugin
2026-04-27 14:09:11,895 [INFO] PluginManager:220 - loadIPPluginJar : add fatfs
2026-04-27 14:09:11,934 [INFO] IPUIPlugin:80 - create IPUIPlugin
2026-04-27 14:09:11,934 [INFO] PluginManager:220 - loadIPPluginJar : add fmc
2026-04-27 14:09:11,947 [INFO] IPUIPlugin:80 - create IPUIPlugin
2026-04-27 14:09:11,947 [INFO] PluginManager:220 - loadIPPluginJar : add freertos
2026-04-27 14:09:11,965 [INFO] IPUIPlugin:80 - create IPUIPlugin
2026-04-27 14:09:11,966 [INFO] PluginManager:220 - loadIPPluginJar : add genericplugin
2026-04-27 14:09:12,038 [INFO] IPUIPlugin:80 - create IPUIPlugin
2026-04-27 14:09:12,038 [INFO] PluginManager:220 - loadIPPluginJar : add gfxmmu
2026-04-27 14:09:12,141 [INFO] IPUIPlugin:80 - create IPUIPlugin
2026-04-27 14:09:12,142 [INFO] PluginManager:220 - loadIPPluginJar : add gic
2026-04-27 14:09:12,153 [INFO] IPUIPlugin:80 - create IPUIPlugin
2026-04-27 14:09:12,153 [INFO] PluginManager:220 - loadIPPluginJar : add gpio
2026-04-27 14:09:12,227 [INFO] IPUIPlugin:80 - create IPUIPlugin
2026-04-27 14:09:12,227 [INFO] PluginManager:220 - loadIPPluginJar : add gtzc
2026-04-27 14:09:12,259 [INFO] IPUIPlugin:80 - create IPUIPlugin
2026-04-27 14:09:12,259 [INFO] PluginManager:220 - loadIPPluginJar : add hash
2026-04-27 14:09:12,303 [INFO] IPUIPlugin:80 - create IPUIPlugin
2026-04-27 14:09:12,303 [INFO] PluginManager:220 - loadIPPluginJar : add i2c
2026-04-27 14:09:12,336 [INFO] IPUIPlugin:80 - create IPUIPlugin
2026-04-27 14:09:12,336 [INFO] PluginManager:220 - loadIPPluginJar : add i2s
2026-04-27 14:09:12,368 [INFO] IPUIPlugin:80 - create IPUIPlugin
2026-04-27 14:09:12,368 [INFO] PluginManager:220 - loadIPPluginJar : add i3c
2026-04-27 14:09:12,450 [INFO] IPUIPlugin:80 - create IPUIPlugin
2026-04-27 14:09:12,450 [INFO] PluginManager:220 - loadIPPluginJar : add ipddr
2026-04-27 14:09:12,522 [INFO] IPUIPlugin:80 - create IPUIPlugin
2026-04-27 14:09:12,522 [INFO] PluginManager:220 - loadIPPluginJar : add linkedlist
2026-04-27 14:09:12,550 [INFO] IPUIPlugin:80 - create IPUIPlugin
2026-04-27 14:09:12,550 [INFO] PluginManager:220 - loadIPPluginJar : add lorawan
2026-04-27 14:09:12,578 [INFO] IPUIPlugin:80 - create IPUIPlugin
2026-04-27 14:09:12,578 [INFO] PluginManager:220 - loadIPPluginJar : add ltdc
2026-04-27 14:09:12,590 [INFO] IPUIPlugin:80 - create IPUIPlugin
2026-04-27 14:09:12,590 [INFO] PluginManager:220 - loadIPPluginJar : add mdma
2026-04-27 14:09:12,605 [INFO] IPUIPlugin:80 - create IPUIPlugin
2026-04-27 14:09:12,605 [INFO] PluginManager:220 - loadIPPluginJar : add nvic
2026-04-27 14:09:12,639 [INFO] IPUIPlugin:80 - create IPUIPlugin
2026-04-27 14:09:12,639 [INFO] PluginManager:220 - loadIPPluginJar : add opamp
2026-04-27 14:09:12,691 [INFO] IPUIPlugin:80 - create IPUIPlugin
2026-04-27 14:09:12,691 [INFO] PluginManager:220 - loadIPPluginJar : add openamp
2026-04-27 14:09:12,728 [INFO] IPUIPlugin:80 - create IPUIPlugin
2026-04-27 14:09:12,728 [INFO] PluginManager:220 - loadIPPluginJar : add pdm2pcm
2026-04-27 14:09:12,741 [INFO] IPUIPlugin:80 - create IPUIPlugin
2026-04-27 14:09:12,743 [INFO] PluginManager:220 - loadIPPluginJar : add plateformsettings
2026-04-27 14:09:12,762 [INFO] IPUIPlugin:80 - create IPUIPlugin
2026-04-27 14:09:12,762 [INFO] PluginManager:220 - loadIPPluginJar : add quadspi
2026-04-27 14:09:12,785 [INFO] IPUIPlugin:80 - create IPUIPlugin
2026-04-27 14:09:12,785 [INFO] PluginManager:220 - loadIPPluginJar : add radio
2026-04-27 14:09:12,795 [INFO] IPUIPlugin:80 - create IPUIPlugin
2026-04-27 14:09:12,795 [INFO] PluginManager:220 - loadIPPluginJar : add resmgrutility
2026-04-27 14:09:12,833 [INFO] IPUIPlugin:80 - create IPUIPlugin
2026-04-27 14:09:12,834 [INFO] PluginManager:220 - loadIPPluginJar : add sai
2026-04-27 14:09:12,867 [INFO] IPUIPlugin:80 - create IPUIPlugin
2026-04-27 14:09:12,867 [INFO] PluginManager:220 - loadIPPluginJar : add spi
2026-04-27 14:09:12,930 [INFO] IPUIPlugin:80 - create IPUIPlugin
2026-04-27 14:09:12,930 [INFO] PluginManager:220 - loadIPPluginJar : add stm32_wpan
2026-04-27 14:09:12,950 [INFO] IPUIPlugin:80 - create IPUIPlugin
2026-04-27 14:09:12,950 [INFO] PluginManager:220 - loadIPPluginJar : add tim
2026-04-27 14:09:13,001 [INFO] IPUIPlugin:80 - create IPUIPlugin
2026-04-27 14:09:13,001 [INFO] PluginManager:220 - loadIPPluginJar : add touchsensing
2026-04-27 14:09:13,021 [INFO] IPUIPlugin:80 - create IPUIPlugin
2026-04-27 14:09:13,021 [INFO] PluginManager:220 - loadIPPluginJar : add tracer_emb
2026-04-27 14:09:13,042 [INFO] IPUIPlugin:80 - create IPUIPlugin
2026-04-27 14:09:13,042 [INFO] PluginManager:220 - loadIPPluginJar : add ts
2026-04-27 14:09:13,060 [INFO] IPUIPlugin:80 - create IPUIPlugin
2026-04-27 14:09:13,060 [INFO] PluginManager:220 - loadIPPluginJar : add tsc
2026-04-27 14:09:13,079 [INFO] IPUIPlugin:80 - create IPUIPlugin
2026-04-27 14:09:13,079 [INFO] PluginManager:220 - loadIPPluginJar : add ucpd
2026-04-27 14:09:13,119 [INFO] IPUIPlugin:80 - create IPUIPlugin
2026-04-27 14:09:13,119 [INFO] PluginManager:220 - loadIPPluginJar : add usart
2026-04-27 14:09:13,155 [INFO] IPUIPlugin:80 - create IPUIPlugin
2026-04-27 14:09:13,155 [INFO] PluginManager:220 - loadIPPluginJar : add usbx
2026-04-27 14:09:13,283 [FATAL] Updater:351 - Updater called before beeing initialized
2026-04-27 14:09:13,309 [INFO] RulesReader:64 - Compatibility file has been processed (317 Rules)
2026-04-27 14:09:13,317 [INFO] RulesReader:64 - Compatibility file has been processed (317 Rules)
2026-04-27 14:09:13,326 [INFO] CADModel:165 - CPN selected for project level
2026-04-27 14:09:13,326 [INFO] CADModel:114 - Register for checkConnection events
2026-04-27 14:09:13,326 [FATAL] Updater:351 - Updater called before beeing initialized
2026-04-27 14:09:13,326 [ERROR] CADModel:125 - Updater not yet initialized, retry later 
2026-04-27 14:09:13,467 [FATAL] Updater:351 - Updater called before beeing initialized
2026-04-27 14:09:13,470 [INFO] CADModel:165 - CPN selected for project level
2026-04-27 14:09:13,470 [INFO] CADModel:114 - Register for checkConnection events
2026-04-27 14:09:13,470 [FATAL] Updater:351 - Updater called before beeing initialized
2026-04-27 14:09:13,470 [ERROR] CADModel:125 - Updater not yet initialized, retry later 
2026-04-27 14:09:13,473 [FATAL] Updater:351 - Updater called before beeing initialized
2026-04-27 14:09:13,596 [FATAL] Updater:351 - Updater called before beeing initialized
2026-04-27 14:09:13,605 [INFO] DbMcusAds:53 - JSON generation date=Thu Mar 05 15:32:52 CET 2026 (1772721172890)
2026-04-27 14:09:13,606 [FATAL] Updater:351 - Updater called before beeing initialized
2026-04-27 14:09:13,642 [WARN] DetailPanel:346 - Failed to get advertising image, set to default
2026-04-27 14:09:13,703 [FATAL] Updater:351 - Updater called before beeing initialized
2026-04-27 14:09:13,704 [FATAL] Updater:351 - Updater called before beeing initialized
2026-04-27 14:09:13,704 [FATAL] Updater:351 - Updater called before beeing initialized
2026-04-27 14:09:13,704 [WARN] DetailPanel:346 - Failed to get advertising image, set to default
2026-04-27 14:09:13,704 [FATAL] Updater:351 - Updater called before beeing initialized
2026-04-27 14:09:13,754 [ERROR] Updater:1198 - MainUpdater not yet initialized. External WinMGr cannot be set.
2026-04-27 14:09:13,763 [INFO] Updater:1134 - Updater Version found : 6.15.0
2026-04-27 14:09:13,780 [INFO] ApplicationProperties:184 - Using Application install path: C:\ST\STM32CubeIDE_1.19.0\STM32CubeIDE\plugins\com.st.stm32cube.common.mx_6.15.0.202507011659
2026-04-27 14:09:14,084 [INFO] ThirdPartyUpdaterWithRetryManager:70 - Updater plugin not ready yet. [2/15]
2026-04-27 14:09:14,243 [INFO] MainUpdater:2872 - connection check result : 10
2026-04-27 14:09:14,244 [INFO] MainUpdater:289 - Updater Check For Update Now.
2026-04-27 14:09:14,244 [INFO] MicroXplorer:498 - Change Database Version : DB.6.0.150
2026-04-27 14:09:14,261 [INFO] McuFinderGlobals:63 - Set McuFinder mode to 2 (CubeIDE integrated)
2026-04-27 14:09:14,261 [INFO] UserAuth:171 - activating auth plugin
2026-04-27 14:09:14,264 [INFO] UserAuth:487 - Internet connection configuration mode: 1
2026-04-27 14:09:14,314 [INFO] JxBrowserEngine:152 - Initiate JxBrowser Engine with user profile folder
2026-04-27 14:09:14,465 [INFO] CheckServerUpdateThread:120 - End of CheckServer Thread
2026-04-27 14:09:15,597 [INFO] WebApp:169 - Instantiating new browser for Auth
2026-04-27 14:09:16,454 [INFO] WebApp:463 - Apply proxy settings
2026-04-27 14:09:16,454 [INFO] WebApp:548 - Chromium requires no authentication
2026-04-27 14:09:16,469 [INFO] WebApp:491 - Direct internet connection detected
2026-04-27 14:09:16,500 [INFO] WebApp:900 - Register for checkConnection events
2026-04-27 14:09:16,500 [INFO] WebApp:463 - Apply proxy settings
2026-04-27 14:09:16,500 [INFO] WebApp:548 - Chromium requires no authentication
2026-04-27 14:09:16,501 [INFO] WebApp:491 - Direct internet connection detected
2026-04-27 14:09:16,685 [INFO] WebApp:225 - Starting web application
2026-04-27 14:09:16,685 [INFO] WebApp:593 - Web application path used C:\ST\STM32CubeIDE_1.19.0\STM32CubeIDE\plugins\com.st.stm32cube.common.mx_6.15.0.202507011659\db\plugins\mcufinder\reactClient1\index.html
2026-04-27 14:09:17,474 [WARN] PackLoader:240 - Cannot read IP mode file for STMicroelectronics.X-CUBE-AZRTOS-H7.3.5.0
2026-04-27 14:09:17,496 [WARN] PackLoader:240 - Cannot read IP mode file for STMicroelectronics.FP-SNS-MOTENVWB1.1.4.0
2026-04-27 14:09:17,512 [WARN] PackLoader:240 - Cannot read IP mode file for STMicroelectronics.FP-ATR-ASTRA1.2.0.2
2026-04-27 14:09:17,535 [WARN] PackLoader:240 - Cannot read IP mode file for STMicroelectronics.X-CUBE-SMBUS.2.1.0
2026-04-27 14:09:17,578 [WARN] PackLoader:240 - Cannot read IP mode file for STMicroelectronics.X-CUBE-AZRTOS-F7.1.1.0
2026-04-27 14:09:17,602 [WARN] PackLoader:240 - Cannot read IP mode file for STMicroelectronics.FP-SNS-MOTENV1.5.1.0
2026-04-27 14:09:17,628 [WARN] PackLoader:240 - Cannot read IP mode file for WES.I-CUBE-Cesium.1.4.0
2026-04-27 14:09:17,666 [WARN] PackLoader:240 - Cannot read IP mode file for STMicroelectronics.X-CUBE-AZRTOS-H7.3.4.0
2026-04-27 14:09:17,687 [WARN] PackLoader:240 - Cannot read IP mode file for STMicroelectronics.X-CUBE-DISPLAY.3.0.0
2026-04-27 14:09:17,705 [WARN] PackLoader:240 - Cannot read IP mode file for STMicroelectronics.FP-SNS-MOTENVWB1.1.5.0
2026-04-27 14:09:17,729 [WARN] PackLoader:240 - Cannot read IP mode file for STMicroelectronics.X-CUBE-NFC10.1.0.0
2026-04-27 14:09:17,751 [WARN] PackLoader:240 - Cannot read IP mode file for STMicroelectronics.X-CUBE-ST60.1.1.0
2026-04-27 14:09:17,772 [WARN] PackLoader:240 - Cannot read IP mode file for emotas.I-CUBE-CANOPEN.1.3.0
2026-04-27 14:09:17,788 [WARN] PackLoader:240 - Cannot read IP mode file for STMicroelectronics.X-CUBE-GNSS1.7.1.0
2026-04-27 14:09:17,813 [WARN] PackLoader:240 - Cannot read IP mode file for STMicroelectronics.FP-SNS-STBOX1.2.1.0
2026-04-27 14:09:17,835 [WARN] PackLoader:240 - Cannot read IP mode file for STMicroelectronics.FP-SNS-SMARTAG2.1.2.0
2026-04-27 14:09:17,852 [WARN] PackLoader:240 - Cannot read IP mode file for STMicroelectronics.FP-SNS-FLIGHT1.5.1.0
2026-04-27 14:09:17,873 [INFO] WebApp:191 - Connection restablished
2026-04-27 14:09:17,879 [INFO] LogOutputStream:77 - [STDOUT_REDIRECT] 1 : Invalid condition id : UX_CORESTACK_Condition cause : null
2026-04-27 14:09:17,880 [INFO] LogOutputStream:77 - [STDOUT_REDIRECT] 1 : Invalid condition id : UX_CORESTACK_Condition cause : null
2026-04-27 14:09:17,881 [INFO] LogOutputStream:77 - [STDOUT_REDIRECT] 1 : Invalid condition id : UX_CORESTACK_Condition cause : null
2026-04-27 14:09:17,882 [INFO] LogOutputStream:77 - [STDOUT_REDIRECT] 1 : Invalid condition id : UX_CORESTACK_Condition cause : null
2026-04-27 14:09:17,883 [INFO] LogOutputStream:77 - [STDOUT_REDIRECT] 1 : Invalid condition id : UX_CORESTACK_Condition cause : null
2026-04-27 14:09:17,885 [WARN] PackLoader:240 - Cannot read IP mode file for STMicroelectronics.X-CUBE-AZRTOS-WL.2.0.0
2026-04-27 14:09:17,919 [WARN] PackLoader:240 - Cannot read IP mode file for STMicroelectronics.X-CUBE-AZRTOS-H7RS.1.2.0
2026-04-27 14:09:17,951 [WARN] PackLoader:240 - Cannot read IP mode file for STMicroelectronics.X-CUBE-BLE2.3.3.0
2026-04-27 14:09:18,110 [WARN] PackLoader:240 - Cannot read IP mode file for Infineon.AIROC-Wi-Fi-Bluetooth-STM32.1.8.0
2026-04-27 14:09:18,137 [WARN] PackLoader:240 - Cannot read IP mode file for STMicroelectronics.X-CUBE-NFC9.1.0.0
2026-04-27 14:09:18,158 [WARN] PackLoader:240 - Cannot read IP mode file for STMicroelectronics.X-CUBE-BLE1.7.1.0
2026-04-27 14:09:18,177 [WARN] PackLoader:240 - Cannot read IP mode file for wolfSSL.I-CUBE-wolfMQTT.1.19.2
2026-04-27 14:09:18,196 [WARN] PackLoader:240 - Cannot read IP mode file for STMicroelectronics.X-CUBE-FREERTOS.1.4.0
2026-04-27 14:09:18,215 [WARN] PackLoader:240 - Cannot read IP mode file for STMicroelectronics.X-CUBE-EEPRMA1.5.2.0
2026-04-27 14:09:18,236 [WARN] PackLoader:240 - Cannot read IP mode file for wolfSSL.I-CUBE-wolfSSL.5.8.4
2026-04-27 14:09:18,260 [WARN] PackLoader:240 - Cannot read IP mode file for Cesanta.I-CUBE-Mongoose.7.20.0
2026-04-27 14:09:18,285 [WARN] PackLoader:240 - Cannot read IP mode file for STMicroelectronics.FP-SNS-STAIOTCFT.1.1.0
2026-04-27 14:09:18,344 [WARN] PackLoader:240 - Cannot read IP mode file for STMicroelectronics.X-CUBE-MEMS1.12.0.0
2026-04-27 14:09:18,470 [WARN] PackLoader:240 - Cannot read IP mode file for STMicroelectronics.X-CUBE-AZRTOS-G0.1.1.0
2026-04-27 14:09:18,497 [WARN] PackLoader:240 - Cannot read IP mode file for STMicroelectronics.X-CUBE-NFC4.3.0.0
2026-04-27 14:09:18,518 [WARN] PackLoader:240 - Cannot read IP mode file for EmbeddedOffice.I-CUBE-FS-RTOS.1.0.1
2026-04-27 14:09:18,534 [WARN] PackLoader:240 - Cannot read IP mode file for STMicroelectronics.X-CUBE-WB05N.2.0.0
2026-04-27 14:09:18,548 [WARN] PackLoader:240 - Cannot read IP mode file for wolfSSL.I-CUBE-wolfTPM.3.8.0
2026-04-27 14:09:18,566 [WARN] PackLoader:240 - Cannot read IP mode file for STMicroelectronics.X-CUBE-TCPP.4.2.0
2026-04-27 14:09:18,586 [WARN] PackLoader:240 - Cannot read IP mode file for RealThread.X-CUBE-RT-Thread_Nano.4.1.1
2026-04-27 14:09:18,603 [WARN] PackLoader:240 - Cannot read IP mode file for STMicroelectronics.FP-ATR-SIGFOX1.3.2.0
2026-04-27 14:09:18,618 [WARN] PackLoader:240 - Cannot read IP mode file for STMicroelectronics.X-CUBE-FREERTOS.1.5.0
2026-04-27 14:09:18,635 [WARN] PackLoader:240 - Cannot read IP mode file for ITTIA_DB.I-CUBE-ITTIADB.8.9.0
2026-04-27 14:09:18,652 [WARN] PackLoader:240 - Cannot read IP mode file for STMicroelectronics.X-CUBE-NFC6.3.2.0
2026-04-27 14:09:18,673 [WARN] PackLoader:240 - Cannot read IP mode file for STMicroelectronics.X-CUBE-AI.10.2.0
2026-04-27 14:09:18,705 [WARN] PackLoader:240 - Cannot read IP mode file for SEGGER.I-CUBE-embOS.1.3.1
2026-04-27 14:09:18,751 [WARN] PackLoader:240 - Cannot read IP mode file for STMicroelectronics.X-CUBE-ALGOBUILD.1.4.0
2026-04-27 14:09:18,763 [WARN] PackLoader:240 - Cannot read IP mode file for STMicroelectronics.X-CUBE-PM33A1.1.0.0
2026-04-27 14:09:18,791 [WARN] PackLoader:240 - Cannot read IP mode file for STMicroelectronics.X-CUBE-AZRTOS-F4.1.1.0
2026-04-27 14:09:18,810 [WARN] PackLoader:240 - Cannot read IP mode file for STMicroelectronics.X-CUBE-ISPU.2.1.0
2026-04-27 14:09:18,831 [WARN] PackLoader:240 - Cannot read IP mode file for STMicroelectronics.X-CUBE-IPS.3.2.0
2026-04-27 14:09:18,848 [WARN] PackLoader:240 - Cannot read IP mode file for STMicroelectronics.eDS-WB_DPC_TT-BIDIR.2.1.1
2026-04-27 14:09:18,862 [WARN] PackLoader:240 - Cannot read IP mode file for STMicroelectronics.X-CUBE-NFC12.1.0.0
2026-04-27 14:09:18,888 [WARN] PackLoader:240 - Cannot read IP mode file for STMicroelectronics.X-CUBE-AZRTOS-L5.2.0.0
2026-04-27 14:09:18,902 [WARN] PackLoader:240 - Cannot read IP mode file for STMicroelectronics.eDS-WB_DPC_VIENNA.1.2.0
2026-04-27 14:09:18,919 [WARN] PackLoader:240 - Cannot read IP mode file for STMicroelectronics.eDS-WB_DPC_3PH2L-BIDIR.1.1.1
2026-04-27 14:09:18,934 [ERROR] Engine:466 - C:\Users\Admin\.stm32cubemx\thirdparties\pdsc\STMicroelectronics.X-CUBE-ST67W61.1.3.0.pdsc: PDSC version is not supported
2026-04-27 14:09:18,952 [WARN] PackLoader:240 - Cannot read IP mode file for STMicroelectronics.X-CUBE-TOUCHGFX.4.26.0
2026-04-27 14:09:18,965 [WARN] PackLoader:240 - Cannot read IP mode file for STMicroelectronics.X-CUBE-TOUCHGFX.4.26.1
2026-04-27 14:09:18,981 [WARN] PackLoader:240 - Cannot read IP mode file for STMicroelectronics.FP-SNS-STAIOTCFT.1.0.0
2026-04-27 14:09:18,996 [WARN] PackLoader:240 - Cannot read IP mode file for STMicroelectronics.X-CUBE-DPower.1.3.0
2026-04-27 14:09:19,020 [WARN] ConditionMgr:438 - getConditionDescription Invalid condition id : LAN8742 Phy interface Condition cause : null
2026-04-27 14:09:19,021 [WARN] PackLoader:240 - Cannot read IP mode file for STMicroelectronics.X-CUBE-AZRTOS-L4.2.0.0
2026-04-27 14:09:19,022 [WARN] ConditionMgr:1044 - genDependencies : Invalid condition id : LAN8742 Phy interface Condition cause : null
2026-04-27 14:09:19,022 [WARN] ConditionMgr:1044 - genDependencies : Invalid condition id : LAN8742 Phy interface Condition cause : null
2026-04-27 14:09:19,023 [WARN] ConditionMgr:1044 - genDependencies : Invalid condition id : LAN8742 Phy interface Condition cause : null
2026-04-27 14:09:19,038 [WARN] PackLoader:240 - Cannot read IP mode file for STMicroelectronics.X-CUBE-SFXS2LP1.4.0.0
2026-04-27 14:09:19,054 [WARN] PackLoader:240 - Cannot read IP mode file for STMicroelectronics.X-CUBE-WB05N.2.1.0
2026-04-27 14:09:19,072 [WARN] PackLoader:240 - Cannot read IP mode file for STMicroelectronics.X-CUBE-ST67W61.1.2.0
2026-04-27 14:09:19,089 [WARN] PackLoader:240 - Cannot read IP mode file for STMicroelectronics.X-CUBE-BLEMGR.4.1.0
2026-04-27 14:09:19,128 [WARN] ConditionMgr:438 - getConditionDescription Invalid condition id : UX DEVICE CLASS RTOS Condition cause : null
2026-04-27 14:09:19,128 [WARN] ConditionMgr:438 - getConditionDescription Invalid condition id : UX DEVICE CLASS RTOS Condition cause : null
2026-04-27 14:09:19,130 [WARN] PackLoader:240 - Cannot read IP mode file for STMicroelectronics.X-CUBE-AZRTOS-WB.2.0.0
2026-04-27 14:09:19,131 [WARN] ConditionMgr:1044 - genDependencies : Invalid condition id : UX DEVICE CLASS RTOS Condition cause : null
2026-04-27 14:09:19,131 [WARN] ConditionMgr:1044 - genDependencies : Invalid condition id : UX DEVICE CLASS RTOS Condition cause : null
2026-04-27 14:09:19,131 [WARN] ConditionMgr:1044 - genDependencies : Invalid condition id : UX DEVICE CLASS RTOS Condition cause : null
2026-04-27 14:09:19,131 [WARN] ConditionMgr:1044 - genDependencies : Invalid condition id : UX DEVICE CLASS RTOS Condition cause : null
2026-04-27 14:09:19,132 [WARN] ConditionMgr:1044 - genDependencies : Invalid condition id : UX DEVICE CLASS RTOS Condition cause : null
2026-04-27 14:09:19,154 [WARN] ConditionMgr:438 - getConditionDescription Invalid condition id : Cortex-A Device cause : null
2026-04-27 14:09:19,178 [WARN] ConditionMgr:1044 - genDependencies : Invalid condition id : Cortex-A Device cause : null
2026-04-27 14:09:19,178 [WARN] ConditionMgr:1044 - genDependencies : Invalid condition id : Cortex-A Device cause : null
2026-04-27 14:09:19,178 [WARN] ConditionMgr:1044 - genDependencies : Invalid condition id : Cortex-A Device cause : null
2026-04-27 14:09:19,200 [WARN] PackLoader:240 - Cannot read IP mode file for STMicroelectronics.X-CUBE-STSE01.2.0.0
2026-04-27 14:09:19,221 [WARN] PackLoader:240 - Cannot read IP mode file for STMicroelectronics.X-CUBE-SUBG2.5.0.0
2026-04-27 14:09:19,250 [WARN] PackLoader:240 - Cannot read IP mode file for STMicroelectronics.X-CUBE-AZRTOS-G4.2.0.0
2026-04-27 14:09:19,264 [WARN] PackLoader:240 - Cannot read IP mode file for wolfSSL.I-CUBE-wolfSSH.1.4.20
2026-04-27 14:09:19,278 [WARN] PackLoader:240 - Cannot read IP mode file for STMicroelectronics.X-CUBE-NFC7.2.0.0
2026-04-27 14:09:19,295 [WARN] PackLoader:240 - Cannot read IP mode file for STMicroelectronics.X-CUBE-ALS.1.0.2
2026-04-27 14:09:19,317 [WARN] PackLoader:240 - Cannot read IP mode file for STMicroelectronics.X-CUBE-TOF1.3.4.3
2026-04-27 14:09:19,328 [INFO] ThirdParty:978 - Integrity check success = true
2026-04-27 14:09:19,328 [INFO] IntegrityCheckThread:100 - exiting critical section [integrity check]
2026-04-27 14:09:19,328 [INFO] IntegrityCheckThread:103 - End integrity checks thread
2026-04-27 14:38:59,486 [INFO] WebApp:403 - JxBrowser engine has been closed 
