2026-04-03 18:07:22,085 [INFO] Activator:176 - 


2026-04-03 18:07:22,089 [INFO] Activator:177 - !SESSION log4j initialized
2026-04-03 18:07:28,213 [INFO] LogOutputStream:77 - [STDOUT_REDIRECT] 
2026-04-03 18:07:29,966 [INFO] ApplicationProperties:184 - Using Application install path: C:\ST\STM32CubeIDE_1.19.0\STM32CubeIDE\plugins\com.st.stm32cube.common.mx_6.15.0.202507011659
2026-04-03 18:07:29,982 [INFO] DbMcusXml:78 - Set database path to: C:\ST\STM32CubeIDE_1.19.0\STM32CubeIDE\plugins\com.st.stm32cube.common.mx_6.15.0.202507011659\\db\/mcu/
2026-04-03 18:07:29,982 [INFO] ApiDb:274 - Set plugin database path to: C:\ST\STM32CubeIDE_1.19.0\STM32CubeIDE\plugins\com.st.stm32cube.common.mx_6.15.0.202507011659\\db\/plugins/boardmanager/
2026-04-03 18:07:29,982 [WARN] ApiDb:259 - Overriding images path with different value:  => C:\ST\STM32CubeIDE_1.19.0\STM32CubeIDE\plugins\com.st.stm32cube.common.mx_6.15.0.202507011659\\db\/plugins/mcufinder/images/
2026-04-03 18:07:29,992 [INFO] ApiDb:250 - Set database path to: C:\Users\Admin\.stmcufinder\plugins\mcufinder//mcu/
2026-04-03 18:07:29,993 [INFO] DbMcusAds:125 - Set database path to: C:\Users\Admin\.stmcufinder\plugins\mcufinder//mcu/
2026-04-03 18:07:29,996 [INFO] CrossReferenceDbSqlite:203 - Set database path to: C:\Users\Admin\.stmcufinder\plugins\mcufinder//mcu/cs/
2026-04-03 18:07:30,093 [INFO] RulesReader:64 - Compatibility file has been processed (317 Rules)
2026-04-03 18:07:30,165 [INFO] DbMcusXml:78 - Set database path to: C:\ST\STM32CubeIDE_1.19.0\STM32CubeIDE\plugins\com.st.stm32cube.common.mx_6.15.0.202507011659\\db\/mcu/
2026-04-03 18:07:30,165 [INFO] ApiDb:274 - Set plugin database path to: C:\ST\STM32CubeIDE_1.19.0\STM32CubeIDE\plugins\com.st.stm32cube.common.mx_6.15.0.202507011659\\db\/plugins/boardmanager/
2026-04-03 18:07:30,165 [INFO] ApiDb:261 - Set plugin images path to: C:\ST\STM32CubeIDE_1.19.0\STM32CubeIDE\plugins\com.st.stm32cube.common.mx_6.15.0.202507011659\\db\/plugins/mcufinder/images/
2026-04-03 18:07:30,165 [WARN] DbFile:41 - Overriding database path with different value: C:\Users\Admin\.stmcufinder\plugins\mcufinder/ => C:\Users\Admin\.stmcufinder\plugins\mcufinder
2026-04-03 18:07:30,166 [INFO] ApiDb:250 - Set database path to: C:\Users\Admin\.stmcufinder\plugins\mcufinder//mcu/
2026-04-03 18:07:30,166 [WARN] DbFile:41 - Overriding database path with different value: C:\Users\Admin\.stmcufinder\plugins\mcufinder/ => C:\Users\Admin\.stmcufinder\plugins\mcufinder
2026-04-03 18:07:30,166 [INFO] DbMcusAds:125 - Set database path to: C:\Users\Admin\.stmcufinder\plugins\mcufinder//mcu/
2026-04-03 18:07:30,166 [WARN] DbFile:41 - Overriding database path with different value: C:\Users\Admin\.stmcufinder\plugins\mcufinder/ => C:\Users\Admin\.stmcufinder\plugins\mcufinder
2026-04-03 18:07:30,166 [WARN] DbFile:41 - Overriding database path with different value: C:\Users\Admin\.stmcufinder\plugins\mcufinder/ => C:\Users\Admin\.stmcufinder\plugins\mcufinder
2026-04-03 18:07:30,166 [INFO] CrossReferenceDbSqlite:203 - Set database path to: C:\Users\Admin\.stmcufinder\plugins\mcufinder//mcu/cs/
2026-04-03 18:07:30,248 [INFO] MainPanel:274 - HeapMemory: 268435456
2026-04-03 18:07:30,351 [INFO] DbMcusXml:78 - Set database path to: C:\ST\STM32CubeIDE_1.19.0\STM32CubeIDE\plugins\com.st.stm32cube.common.mx_6.15.0.202507011659\\db\/mcu/
2026-04-03 18:07:30,351 [INFO] ApiDb:274 - Set plugin database path to: C:\ST\STM32CubeIDE_1.19.0\STM32CubeIDE\plugins\com.st.stm32cube.common.mx_6.15.0.202507011659\\db\/plugins/boardmanager/
2026-04-03 18:07:30,351 [INFO] ApiDb:261 - Set plugin images path to: C:\ST\STM32CubeIDE_1.19.0\STM32CubeIDE\plugins\com.st.stm32cube.common.mx_6.15.0.202507011659\\db\/plugins/mcufinder/images/
2026-04-03 18:07:30,351 [WARN] DbFile:41 - Overriding database path with different value: C:\Users\Admin\.stmcufinder\plugins\mcufinder/ => C:\Users\Admin\.stmcufinder\plugins\mcufinder
2026-04-03 18:07:30,352 [INFO] ApiDb:250 - Set database path to: C:\Users\Admin\.stmcufinder\plugins\mcufinder//mcu/
2026-04-03 18:07:30,352 [WARN] DbFile:41 - Overriding database path with different value: C:\Users\Admin\.stmcufinder\plugins\mcufinder/ => C:\Users\Admin\.stmcufinder\plugins\mcufinder
2026-04-03 18:07:30,352 [INFO] DbMcusAds:125 - Set database path to: C:\Users\Admin\.stmcufinder\plugins\mcufinder//mcu/
2026-04-03 18:07:30,352 [WARN] DbFile:41 - Overriding database path with different value: C:\Users\Admin\.stmcufinder\plugins\mcufinder/ => C:\Users\Admin\.stmcufinder\plugins\mcufinder
2026-04-03 18:07:30,352 [WARN] DbFile:41 - Overriding database path with different value: C:\Users\Admin\.stmcufinder\plugins\mcufinder/ => C:\Users\Admin\.stmcufinder\plugins\mcufinder
2026-04-03 18:07:30,352 [INFO] CrossReferenceDbSqlite:203 - Set database path to: C:\Users\Admin\.stmcufinder\plugins\mcufinder//mcu/cs/
2026-04-03 18:07:30,366 [INFO] ApplicationProperties:184 - Using Application install path: C:\ST\STM32CubeIDE_1.19.0\STM32CubeIDE\plugins\com.st.stm32cube.common.mx_6.15.0.202507011659
2026-04-03 18:07:30,367 [INFO] PluginManage:196 - Search for loadable plugins [exclusion list=, ]
2026-04-03 18:07:30,368 [INFO] PluginManage:310 - Check plugin analytics
2026-04-03 18:07:30,610 [INFO] AnalyticsPlugin:253 - Accepted Software Licenses: STM32CubeMX.6.15.0,STM32CubeMX.6.4.0,STM32CubeMX.6.12.0,STM32CubeMX.6.16.0,STM32CubeMX.6.17.0
2026-04-03 18:07:30,610 [INFO] AnalyticsPlugin:255 - Accepted CMSIS Pack Licenses: STMicroelectronics.X-CUBE-DISPLAY.2.0.0,STMicroelectronics.X-CUBE-TOUCHGFX.4.18.0
2026-04-03 18:07:30,610 [INFO] AnalyticsPlugin:257 - Accepted Firmware Licenses: FW.F4.1.27.0,FW.G4.1.5.0,FW.G4.1.6.0,FW.F4.1.28.0,FW.F7.1.17.0,FW.G0.1.6.0,FW.H5.1.3.0,FW.H7.1.11.0,FW.L4.1.18.0,FW.L5.1.5.0,FW.U5.1.6.0,FW.WB.1.20.0,FW.H7.1.12.0
2026-04-03 18:07:30,616 [INFO] PluginManage:359 - Loaded plugin analytics (category:tool,tabindex:-1)
2026-04-03 18:07:30,617 [INFO] PluginManage:310 - Check plugin cadmodel
2026-04-03 18:07:30,637 [INFO] CADModel:105 - Init CAD model plugin
2026-04-03 18:07:30,637 [INFO] PluginManage:359 - Loaded plugin cadmodel (category:power,tabindex:5)
2026-04-03 18:07:30,638 [INFO] PluginManage:310 - Check plugin clock
2026-04-03 18:07:30,663 [INFO] PluginManage:359 - Loaded plugin clock (category:base,tabindex:2)
2026-04-03 18:07:30,663 [INFO] PluginManage:310 - Check plugin ddr
2026-04-03 18:07:30,667 [INFO] PluginManage:359 - Loaded plugin ddr (category:tool,tabindex:6)
2026-04-03 18:07:30,667 [INFO] PluginManage:310 - Check plugin filemanager
2026-04-03 18:07:30,834 [INFO] PluginManage:359 - Loaded plugin filemanager (category:base,tabindex:10)
2026-04-03 18:07:30,835 [INFO] PluginManage:310 - Check plugin ipmanager
2026-04-03 18:07:30,844 [INFO] PluginManage:359 - Loaded plugin ipmanager (category:base,tabindex:5)
2026-04-03 18:07:30,844 [INFO] PluginManage:310 - Check plugin lpbam
2026-04-03 18:07:30,867 [INFO] PluginManage:359 - Loaded plugin lpbam (category:base,tabindex:0)
2026-04-03 18:07:30,868 [INFO] PluginManage:310 - Check plugin memorymap
2026-04-03 18:07:30,903 [INFO] PluginManage:359 - Loaded plugin memorymap (category:base,tabindex:4)
2026-04-03 18:07:30,903 [INFO] PluginManage:310 - Check plugin pinoutandconfiguration
2026-04-03 18:07:30,923 [INFO] PluginManage:359 - Loaded plugin pinoutandconfiguration (category:base,tabindex:1)
2026-04-03 18:07:30,923 [INFO] PluginManage:310 - Check plugin pinoutconfig
2026-04-03 18:07:31,017 [WARN] SupportedApi:132 - Cannot load RTOS API schema: s4s-elt-must-match.1: The content of 'definitions' must match (annotation?, (simpleType | complexType)?, (unique | key | keyref)*)). A problem was found starting at: attribute.
2026-04-03 18:07:31,157 [INFO] PluginManage:359 - Loaded plugin pinoutconfig (category:base,tabindex:0)
2026-04-03 18:07:31,157 [INFO] PluginManage:310 - Check plugin power
2026-04-03 18:07:31,180 [INFO] PluginManage:359 - Loaded plugin power (category:power,tabindex:4)
2026-04-03 18:07:31,180 [INFO] PluginManage:310 - Check plugin projectmanager
2026-04-03 18:07:31,195 [INFO] PluginManage:359 - Loaded plugin projectmanager (category:projectmanager,tabindex:4)
2026-04-03 18:07:31,196 [INFO] PluginManage:310 - Check plugin rif
2026-04-03 18:07:31,217 [INFO] PluginManage:359 - Loaded plugin rif (category:base,tabindex:3)
2026-04-03 18:07:31,217 [INFO] PluginManage:310 - Check plugin thirdparty
2026-04-03 18:07:31,454 [WARN] IntegrityCheckThread:84 - waiting for thirdparty lock release [integrity check]
2026-04-03 18:07:31,454 [INFO] IntegrityCheckThread:86 - entering critical section [integrity check]
2026-04-03 18:07:31,454 [INFO] PluginManage:359 - Loaded plugin thirdparty (category:base,tabindex:-1)
2026-04-03 18:07:31,454 [INFO] ThirdPartyUpdaterWithRetryManager:70 - Updater plugin not ready yet. [1/15]
2026-04-03 18:07:31,454 [INFO] PluginManage:310 - Check plugin tools
2026-04-03 18:07:31,502 [INFO] PluginManage:359 - Loaded plugin tools (category:base,tabindex:7)
2026-04-03 18:07:31,502 [INFO] PluginManage:310 - Check plugin tutovideos
2026-04-03 18:07:31,851 [INFO] PluginManage:359 - Loaded plugin tutovideos (category:base,tabindex:-1)
2026-04-03 18:07:31,851 [INFO] PluginManage:310 - Check plugin updater
2026-04-03 18:07:31,883 [INFO] PluginManage:359 - Loaded plugin updater (category:base,tabindex:12)
2026-04-03 18:07:31,883 [INFO] PluginManage:310 - Check plugin userauth
2026-04-03 18:07:31,889 [INFO] UserAuth:118 - Init User Auth plugin
2026-04-03 18:07:31,890 [INFO] PluginManage:359 - Loaded plugin userauth (category:base,tabindex:14)
2026-04-03 18:07:31,891 [INFO] PluginManage:283 - PluginManage : Loaded plugins [18]
2026-04-03 18:07:32,274 [INFO] PinOutPanel:1589 - setPackage(No Configuration,No Configuration)
2026-04-03 18:07:32,400 [INFO] CADModel:165 - CPN selected for project level
2026-04-03 18:07:32,401 [INFO] CADModel:114 - Register for checkConnection events
2026-04-03 18:07:32,453 [INFO] IPUIPlugin:80 - create IPUIPlugin
2026-04-03 18:07:32,453 [INFO] PluginManager:220 - loadIPPluginJar : add adc
2026-04-03 18:07:32,497 [INFO] IPUIPlugin:80 - create IPUIPlugin
2026-04-03 18:07:32,497 [INFO] PluginManager:220 - loadIPPluginJar : add aes
2026-04-03 18:07:32,547 [INFO] IPUIPlugin:80 - create IPUIPlugin
2026-04-03 18:07:32,548 [INFO] PluginManager:220 - loadIPPluginJar : add can
2026-04-03 18:07:32,575 [INFO] IPUIPlugin:80 - create IPUIPlugin
2026-04-03 18:07:32,575 [INFO] PluginManager:220 - loadIPPluginJar : add comp
2026-04-03 18:07:32,610 [INFO] IPUIPlugin:80 - create IPUIPlugin
2026-04-03 18:07:32,610 [INFO] PluginManager:220 - loadIPPluginJar : add cryp
2026-04-03 18:07:32,626 [INFO] IPUIPlugin:80 - create IPUIPlugin
2026-04-03 18:07:32,626 [INFO] PluginManager:220 - loadIPPluginJar : add ddr_ctrl_phy
2026-04-03 18:07:32,660 [INFO] IPUIPlugin:80 - create IPUIPlugin
2026-04-03 18:07:32,660 [INFO] PluginManager:220 - loadIPPluginJar : add dfsdm
2026-04-03 18:07:32,677 [INFO] IPUIPlugin:80 - create IPUIPlugin
2026-04-03 18:07:32,677 [INFO] PluginManager:220 - loadIPPluginJar : add dma
2026-04-03 18:07:32,721 [INFO] IPUIPlugin:80 - create IPUIPlugin
2026-04-03 18:07:32,722 [INFO] PluginManager:220 - loadIPPluginJar : add dma3
2026-04-03 18:07:32,775 [INFO] IPUIPlugin:80 - create IPUIPlugin
2026-04-03 18:07:32,775 [INFO] PluginManager:220 - loadIPPluginJar : add extmemmanager
2026-04-03 18:07:32,807 [INFO] IPUIPlugin:80 - create IPUIPlugin
2026-04-03 18:07:32,808 [INFO] PluginManager:220 - loadIPPluginJar : add fatfs
2026-04-03 18:07:32,907 [INFO] IPUIPlugin:80 - create IPUIPlugin
2026-04-03 18:07:32,907 [INFO] PluginManager:220 - loadIPPluginJar : add fmc
2026-04-03 18:07:32,940 [INFO] IPUIPlugin:80 - create IPUIPlugin
2026-04-03 18:07:32,940 [INFO] PluginManager:220 - loadIPPluginJar : add freertos
2026-04-03 18:07:32,982 [INFO] IPUIPlugin:80 - create IPUIPlugin
2026-04-03 18:07:32,982 [INFO] PluginManager:220 - loadIPPluginJar : add genericplugin
2026-04-03 18:07:33,113 [INFO] IPUIPlugin:80 - create IPUIPlugin
2026-04-03 18:07:33,113 [INFO] PluginManager:220 - loadIPPluginJar : add gfxmmu
2026-04-03 18:07:33,242 [INFO] IPUIPlugin:80 - create IPUIPlugin
2026-04-03 18:07:33,242 [INFO] PluginManager:220 - loadIPPluginJar : add gic
2026-04-03 18:07:33,256 [INFO] IPUIPlugin:80 - create IPUIPlugin
2026-04-03 18:07:33,256 [INFO] PluginManager:220 - loadIPPluginJar : add gpio
2026-04-03 18:07:33,370 [INFO] IPUIPlugin:80 - create IPUIPlugin
2026-04-03 18:07:33,371 [INFO] PluginManager:220 - loadIPPluginJar : add gtzc
2026-04-03 18:07:33,436 [INFO] IPUIPlugin:80 - create IPUIPlugin
2026-04-03 18:07:33,436 [INFO] PluginManager:220 - loadIPPluginJar : add hash
2026-04-03 18:07:33,521 [INFO] IPUIPlugin:80 - create IPUIPlugin
2026-04-03 18:07:33,521 [INFO] PluginManager:220 - loadIPPluginJar : add i2c
2026-04-03 18:07:33,604 [INFO] IPUIPlugin:80 - create IPUIPlugin
2026-04-03 18:07:33,605 [INFO] PluginManager:220 - loadIPPluginJar : add i2s
2026-04-03 18:07:33,678 [INFO] IPUIPlugin:80 - create IPUIPlugin
2026-04-03 18:07:33,678 [INFO] PluginManager:220 - loadIPPluginJar : add i3c
2026-04-03 18:07:33,872 [INFO] IPUIPlugin:80 - create IPUIPlugin
2026-04-03 18:07:33,872 [INFO] PluginManager:220 - loadIPPluginJar : add ipddr
2026-04-03 18:07:34,061 [INFO] IPUIPlugin:80 - create IPUIPlugin
2026-04-03 18:07:34,061 [INFO] PluginManager:220 - loadIPPluginJar : add linkedlist
2026-04-03 18:07:34,139 [INFO] IPUIPlugin:80 - create IPUIPlugin
2026-04-03 18:07:34,139 [INFO] PluginManager:220 - loadIPPluginJar : add lorawan
2026-04-03 18:07:34,218 [INFO] IPUIPlugin:80 - create IPUIPlugin
2026-04-03 18:07:34,218 [INFO] PluginManager:220 - loadIPPluginJar : add ltdc
2026-04-03 18:07:34,243 [INFO] IPUIPlugin:80 - create IPUIPlugin
2026-04-03 18:07:34,243 [INFO] PluginManager:220 - loadIPPluginJar : add mdma
2026-04-03 18:07:34,269 [INFO] IPUIPlugin:80 - create IPUIPlugin
2026-04-03 18:07:34,269 [INFO] PluginManager:220 - loadIPPluginJar : add nvic
2026-04-03 18:07:34,338 [INFO] IPUIPlugin:80 - create IPUIPlugin
2026-04-03 18:07:34,338 [INFO] PluginManager:220 - loadIPPluginJar : add opamp
2026-04-03 18:07:34,456 [INFO] ThirdPartyUpdaterWithRetryManager:70 - Updater plugin not ready yet. [2/15]
2026-04-03 18:07:34,476 [INFO] IPUIPlugin:80 - create IPUIPlugin
2026-04-03 18:07:34,476 [INFO] PluginManager:220 - loadIPPluginJar : add openamp
2026-04-03 18:07:34,559 [INFO] IPUIPlugin:80 - create IPUIPlugin
2026-04-03 18:07:34,559 [INFO] PluginManager:220 - loadIPPluginJar : add pdm2pcm
2026-04-03 18:07:34,590 [INFO] IPUIPlugin:80 - create IPUIPlugin
2026-04-03 18:07:34,595 [INFO] PluginManager:220 - loadIPPluginJar : add plateformsettings
2026-04-03 18:07:34,642 [INFO] IPUIPlugin:80 - create IPUIPlugin
2026-04-03 18:07:34,642 [INFO] PluginManager:220 - loadIPPluginJar : add quadspi
2026-04-03 18:07:34,690 [INFO] IPUIPlugin:80 - create IPUIPlugin
2026-04-03 18:07:34,691 [INFO] PluginManager:220 - loadIPPluginJar : add radio
2026-04-03 18:07:34,712 [INFO] IPUIPlugin:80 - create IPUIPlugin
2026-04-03 18:07:34,712 [INFO] PluginManager:220 - loadIPPluginJar : add resmgrutility
2026-04-03 18:07:34,773 [INFO] IPUIPlugin:80 - create IPUIPlugin
2026-04-03 18:07:34,773 [INFO] PluginManager:220 - loadIPPluginJar : add sai
2026-04-03 18:07:34,820 [INFO] IPUIPlugin:80 - create IPUIPlugin
2026-04-03 18:07:34,820 [INFO] PluginManager:220 - loadIPPluginJar : add spi
2026-04-03 18:07:34,897 [INFO] IPUIPlugin:80 - create IPUIPlugin
2026-04-03 18:07:34,897 [INFO] PluginManager:220 - loadIPPluginJar : add stm32_wpan
2026-04-03 18:07:34,927 [INFO] IPUIPlugin:80 - create IPUIPlugin
2026-04-03 18:07:34,927 [INFO] PluginManager:220 - loadIPPluginJar : add tim
2026-04-03 18:07:34,983 [INFO] IPUIPlugin:80 - create IPUIPlugin
2026-04-03 18:07:34,983 [INFO] PluginManager:220 - loadIPPluginJar : add touchsensing
2026-04-03 18:07:35,007 [INFO] IPUIPlugin:80 - create IPUIPlugin
2026-04-03 18:07:35,008 [INFO] PluginManager:220 - loadIPPluginJar : add tracer_emb
2026-04-03 18:07:35,034 [INFO] IPUIPlugin:80 - create IPUIPlugin
2026-04-03 18:07:35,034 [INFO] PluginManager:220 - loadIPPluginJar : add ts
2026-04-03 18:07:35,059 [INFO] IPUIPlugin:80 - create IPUIPlugin
2026-04-03 18:07:35,059 [INFO] PluginManager:220 - loadIPPluginJar : add tsc
2026-04-03 18:07:35,080 [INFO] IPUIPlugin:80 - create IPUIPlugin
2026-04-03 18:07:35,080 [INFO] PluginManager:220 - loadIPPluginJar : add ucpd
2026-04-03 18:07:35,125 [INFO] IPUIPlugin:80 - create IPUIPlugin
2026-04-03 18:07:35,125 [INFO] PluginManager:220 - loadIPPluginJar : add usart
2026-04-03 18:07:35,167 [INFO] IPUIPlugin:80 - create IPUIPlugin
2026-04-03 18:07:35,168 [INFO] PluginManager:220 - loadIPPluginJar : add usbx
2026-04-03 18:07:35,281 [FATAL] Updater:351 - Updater called before beeing initialized
2026-04-03 18:07:35,331 [INFO] RulesReader:64 - Compatibility file has been processed (317 Rules)
2026-04-03 18:07:35,343 [INFO] RulesReader:64 - Compatibility file has been processed (317 Rules)
2026-04-03 18:07:35,359 [INFO] CADModel:165 - CPN selected for project level
2026-04-03 18:07:35,359 [INFO] CADModel:114 - Register for checkConnection events
2026-04-03 18:07:35,359 [FATAL] Updater:351 - Updater called before beeing initialized
2026-04-03 18:07:35,359 [ERROR] CADModel:125 - Updater not yet initialized, retry later 
2026-04-03 18:07:35,572 [FATAL] Updater:351 - Updater called before beeing initialized
2026-04-03 18:07:35,575 [INFO] CADModel:165 - CPN selected for project level
2026-04-03 18:07:35,575 [INFO] CADModel:114 - Register for checkConnection events
2026-04-03 18:07:35,576 [FATAL] Updater:351 - Updater called before beeing initialized
2026-04-03 18:07:35,576 [ERROR] CADModel:125 - Updater not yet initialized, retry later 
2026-04-03 18:07:35,579 [FATAL] Updater:351 - Updater called before beeing initialized
2026-04-03 18:07:35,708 [FATAL] Updater:351 - Updater called before beeing initialized
2026-04-03 18:07:35,712 [INFO] DbMcusAds:53 - JSON generation date=Thu Mar 05 15:32:52 CET 2026 (1772721172890)
2026-04-03 18:07:35,712 [FATAL] Updater:351 - Updater called before beeing initialized
2026-04-03 18:07:35,759 [WARN] DetailPanel:346 - Failed to get advertising image, set to default
2026-04-03 18:07:35,844 [FATAL] Updater:351 - Updater called before beeing initialized
2026-04-03 18:07:35,849 [FATAL] Updater:351 - Updater called before beeing initialized
2026-04-03 18:07:35,849 [FATAL] Updater:351 - Updater called before beeing initialized
2026-04-03 18:07:35,850 [WARN] DetailPanel:346 - Failed to get advertising image, set to default
2026-04-03 18:07:35,850 [FATAL] Updater:351 - Updater called before beeing initialized
2026-04-03 18:07:35,934 [ERROR] Updater:1198 - MainUpdater not yet initialized. External WinMGr cannot be set.
2026-04-03 18:07:35,951 [INFO] Updater:1134 - Updater Version found : 6.15.0
2026-04-03 18:07:35,989 [INFO] ApplicationProperties:184 - Using Application install path: C:\ST\STM32CubeIDE_1.19.0\STM32CubeIDE\plugins\com.st.stm32cube.common.mx_6.15.0.202507011659
2026-04-03 18:07:36,060 [INFO] MainUpdater:525 - Copy updater definitions from MX database
2026-04-03 18:07:36,274 [INFO] MainUpdater:2872 - connection check result : 10
2026-04-03 18:07:36,274 [INFO] MainUpdater:3604 - Updater definition file requires update
2026-04-03 18:07:36,275 [INFO] MainUpdater:289 - Updater Check For Update Now.
2026-04-03 18:07:36,275 [INFO] MicroXplorer:498 - Change Database Version : DB.6.0.150
2026-04-03 18:07:36,294 [INFO] McuFinderGlobals:63 - Set McuFinder mode to 2 (CubeIDE integrated)
2026-04-03 18:07:36,295 [INFO] UserAuth:171 - activating auth plugin
2026-04-03 18:07:36,298 [INFO] UserAuth:487 - Internet connection configuration mode: 1
2026-04-03 18:07:36,322 [INFO] ServerAccessManage:452 - Complete download http(s) 200
2026-04-03 18:07:36,323 [INFO] ServerAccessManage:509 - Download File updaters.zip
2026-04-03 18:07:36,336 [INFO] JxBrowserEngine:152 - Initiate JxBrowser Engine with user profile folder
2026-04-03 18:07:36,418 [INFO] FileExtend:248 - Unzip File : updaters.zip
2026-04-03 18:07:36,418 [INFO] FileExtend:263 - Standard Zip Deflate
2026-04-03 18:07:36,959 [INFO] ServerAccessManage:452 - Complete download http(s) 200
2026-04-03 18:07:36,959 [INFO] ServerAccessManage:509 - Download File PacksControlFlags.xml
2026-04-03 18:07:37,057 [INFO] ServerAccessManage:452 - Complete download http(s) 200
2026-04-03 18:07:37,057 [INFO] ServerAccessManage:509 - Download File cubemx.pidx
2026-04-03 18:07:37,242 [INFO] LoadServerUpdatesThread:375 - End of LoadServerUpdate Thread
2026-04-03 18:07:37,458 [WARN] MainUpdater:1193 - Updater busy. Cannot search thirdparties
2026-04-03 18:07:37,458 [INFO] ThirdPartyUpdaterWithRetryManager:96 - Updater plugin is busy. [1/15]
2026-04-03 18:07:37,503 [INFO] CheckServerUpdateThread:120 - End of CheckServer Thread
2026-04-03 18:07:38,533 [INFO] WebApp:169 - Instantiating new browser for Auth
2026-04-03 18:07:39,394 [INFO] WebApp:463 - Apply proxy settings
2026-04-03 18:07:39,394 [INFO] WebApp:548 - Chromium requires no authentication
2026-04-03 18:07:39,411 [INFO] WebApp:491 - Direct internet connection detected
2026-04-03 18:07:39,436 [INFO] WebApp:900 - Register for checkConnection events
2026-04-03 18:07:39,436 [INFO] WebApp:463 - Apply proxy settings
2026-04-03 18:07:39,436 [INFO] WebApp:548 - Chromium requires no authentication
2026-04-03 18:07:39,437 [INFO] WebApp:491 - Direct internet connection detected
2026-04-03 18:07:39,624 [INFO] WebApp:191 - Connection restablished
2026-04-03 18:07:39,626 [INFO] WebApp:225 - Starting web application
2026-04-03 18:07:39,627 [INFO] WebApp:593 - Web application path used C:\ST\STM32CubeIDE_1.19.0\STM32CubeIDE\plugins\com.st.stm32cube.common.mx_6.15.0.202507011659\db\plugins\mcufinder\reactClient1\index.html
2026-04-03 18:07:40,664 [WARN] PackLoader:240 - Cannot read IP mode file for STMicroelectronics.X-CUBE-AZRTOS-H7.3.5.0
2026-04-03 18:07:40,671 [WARN] PackLoader:240 - Cannot read IP mode file for STMicroelectronics.FP-SNS-MOTENVWB1.1.4.0
2026-04-03 18:07:40,677 [WARN] PackLoader:240 - Cannot read IP mode file for STMicroelectronics.FP-ATR-ASTRA1.2.0.2
2026-04-03 18:07:40,687 [WARN] PackLoader:240 - Cannot read IP mode file for STMicroelectronics.X-CUBE-SMBUS.2.1.0
2026-04-03 18:07:40,706 [WARN] PackLoader:240 - Cannot read IP mode file for STMicroelectronics.X-CUBE-AZRTOS-F7.1.1.0
2026-04-03 18:07:40,713 [WARN] PackLoader:240 - Cannot read IP mode file for STMicroelectronics.FP-SNS-MOTENV1.5.1.0
2026-04-03 18:07:40,722 [WARN] PackLoader:240 - Cannot read IP mode file for WES.I-CUBE-Cesium.1.4.0
2026-04-03 18:07:40,742 [WARN] PackLoader:240 - Cannot read IP mode file for STMicroelectronics.X-CUBE-AZRTOS-H7.3.4.0
2026-04-03 18:07:40,750 [WARN] PackLoader:240 - Cannot read IP mode file for STMicroelectronics.X-CUBE-DISPLAY.3.0.0
2026-04-03 18:07:40,756 [WARN] PackLoader:240 - Cannot read IP mode file for STMicroelectronics.FP-SNS-MOTENVWB1.1.5.0
2026-04-03 18:07:40,766 [WARN] PackLoader:240 - Cannot read IP mode file for STMicroelectronics.X-CUBE-NFC10.1.0.0
2026-04-03 18:07:40,771 [WARN] PackLoader:240 - Cannot read IP mode file for STMicroelectronics.X-CUBE-ST60.1.1.0
2026-04-03 18:07:40,774 [WARN] PackLoader:240 - Cannot read IP mode file for emotas.I-CUBE-CANOPEN.1.3.0
2026-04-03 18:07:40,780 [WARN] PackLoader:240 - Cannot read IP mode file for STMicroelectronics.X-CUBE-GNSS1.7.1.0
2026-04-03 18:07:40,785 [WARN] PackLoader:240 - Cannot read IP mode file for STMicroelectronics.FP-SNS-STBOX1.2.1.0
2026-04-03 18:07:40,790 [WARN] PackLoader:240 - Cannot read IP mode file for STMicroelectronics.FP-SNS-SMARTAG2.1.2.0
2026-04-03 18:07:40,794 [WARN] PackLoader:240 - Cannot read IP mode file for STMicroelectronics.FP-SNS-FLIGHT1.5.1.0
2026-04-03 18:07:40,801 [INFO] LogOutputStream:77 - [STDOUT_REDIRECT] 1 : Invalid condition id : UX_CORESTACK_Condition cause : null
2026-04-03 18:07:40,802 [INFO] LogOutputStream:77 - [STDOUT_REDIRECT] 1 : Invalid condition id : UX_CORESTACK_Condition cause : null
2026-04-03 18:07:40,803 [INFO] LogOutputStream:77 - [STDOUT_REDIRECT] 1 : Invalid condition id : UX_CORESTACK_Condition cause : null
2026-04-03 18:07:40,806 [INFO] LogOutputStream:77 - [STDOUT_REDIRECT] 1 : Invalid condition id : UX_CORESTACK_Condition cause : null
2026-04-03 18:07:40,807 [INFO] LogOutputStream:77 - [STDOUT_REDIRECT] 1 : Invalid condition id : UX_CORESTACK_Condition cause : null
2026-04-03 18:07:40,813 [WARN] PackLoader:240 - Cannot read IP mode file for STMicroelectronics.X-CUBE-AZRTOS-WL.2.0.0
2026-04-03 18:07:40,826 [WARN] PackLoader:240 - Cannot read IP mode file for STMicroelectronics.X-CUBE-AZRTOS-H7RS.1.2.0
2026-04-03 18:07:40,833 [WARN] PackLoader:240 - Cannot read IP mode file for STMicroelectronics.X-CUBE-BLE2.3.3.0
2026-04-03 18:07:40,875 [WARN] PackLoader:240 - Cannot read IP mode file for Infineon.AIROC-Wi-Fi-Bluetooth-STM32.1.8.0
2026-04-03 18:07:40,897 [WARN] PackLoader:240 - Cannot read IP mode file for STMicroelectronics.X-CUBE-NFC9.1.0.0
2026-04-03 18:07:40,901 [WARN] PackLoader:240 - Cannot read IP mode file for STMicroelectronics.X-CUBE-BLE1.7.1.0
2026-04-03 18:07:40,904 [WARN] PackLoader:240 - Cannot read IP mode file for wolfSSL.I-CUBE-wolfMQTT.1.19.2
2026-04-03 18:07:40,911 [WARN] PackLoader:240 - Cannot read IP mode file for STMicroelectronics.X-CUBE-FREERTOS.1.4.0
2026-04-03 18:07:40,916 [WARN] PackLoader:240 - Cannot read IP mode file for STMicroelectronics.X-CUBE-EEPRMA1.5.2.0
2026-04-03 18:07:40,920 [WARN] PackLoader:240 - Cannot read IP mode file for wolfSSL.I-CUBE-wolfSSL.5.8.4
2026-04-03 18:07:40,923 [WARN] PackLoader:240 - Cannot read IP mode file for Cesanta.I-CUBE-Mongoose.7.20.0
2026-04-03 18:07:40,947 [WARN] PackLoader:240 - Cannot read IP mode file for STMicroelectronics.X-CUBE-MEMS1.12.0.0
2026-04-03 18:07:41,013 [WARN] PackLoader:240 - Cannot read IP mode file for STMicroelectronics.X-CUBE-AZRTOS-G0.1.1.0
2026-04-03 18:07:41,017 [WARN] PackLoader:240 - Cannot read IP mode file for STMicroelectronics.X-CUBE-NFC4.3.0.0
2026-04-03 18:07:41,025 [WARN] PackLoader:240 - Cannot read IP mode file for EmbeddedOffice.I-CUBE-FS-RTOS.1.0.1
2026-04-03 18:07:41,031 [WARN] PackLoader:240 - Cannot read IP mode file for STMicroelectronics.X-CUBE-WB05N.2.0.0
2026-04-03 18:07:41,035 [WARN] PackLoader:240 - Cannot read IP mode file for wolfSSL.I-CUBE-wolfTPM.3.8.0
2026-04-03 18:07:41,038 [WARN] PackLoader:240 - Cannot read IP mode file for STMicroelectronics.X-CUBE-TCPP.4.2.0
2026-04-03 18:07:41,044 [WARN] PackLoader:240 - Cannot read IP mode file for RealThread.X-CUBE-RT-Thread_Nano.4.1.1
2026-04-03 18:07:41,047 [WARN] PackLoader:240 - Cannot read IP mode file for STMicroelectronics.FP-ATR-SIGFOX1.3.2.0
2026-04-03 18:07:41,050 [WARN] PackLoader:240 - Cannot read IP mode file for STMicroelectronics.X-CUBE-FREERTOS.1.5.0
2026-04-03 18:07:41,054 [WARN] PackLoader:240 - Cannot read IP mode file for ITTIA_DB.I-CUBE-ITTIADB.8.9.0
2026-04-03 18:07:41,057 [WARN] PackLoader:240 - Cannot read IP mode file for STMicroelectronics.X-CUBE-NFC6.3.2.0
2026-04-03 18:07:41,062 [WARN] PackLoader:240 - Cannot read IP mode file for STMicroelectronics.X-CUBE-AI.10.2.0
2026-04-03 18:07:41,077 [WARN] PackLoader:240 - Cannot read IP mode file for SEGGER.I-CUBE-embOS.1.3.1
2026-04-03 18:07:41,100 [WARN] PackLoader:240 - Cannot read IP mode file for STMicroelectronics.X-CUBE-ALGOBUILD.1.4.0
2026-04-03 18:07:41,105 [WARN] PackLoader:240 - Cannot read IP mode file for STMicroelectronics.X-CUBE-PM33A1.1.0.0
2026-04-03 18:07:41,114 [WARN] PackLoader:240 - Cannot read IP mode file for STMicroelectronics.X-CUBE-AZRTOS-F4.1.1.0
2026-04-03 18:07:41,119 [WARN] PackLoader:240 - Cannot read IP mode file for STMicroelectronics.X-CUBE-ISPU.2.1.0
2026-04-03 18:07:41,127 [WARN] PackLoader:240 - Cannot read IP mode file for STMicroelectronics.X-CUBE-IPS.3.2.0
2026-04-03 18:07:41,133 [WARN] PackLoader:240 - Cannot read IP mode file for STMicroelectronics.eDS-WB_DPC_TT-BIDIR.2.1.1
2026-04-03 18:07:41,136 [WARN] PackLoader:240 - Cannot read IP mode file for STMicroelectronics.X-CUBE-NFC12.1.0.0
2026-04-03 18:07:41,147 [WARN] PackLoader:240 - Cannot read IP mode file for STMicroelectronics.X-CUBE-AZRTOS-L5.2.0.0
2026-04-03 18:07:41,152 [WARN] PackLoader:240 - Cannot read IP mode file for STMicroelectronics.eDS-WB_DPC_VIENNA.1.2.0
2026-04-03 18:07:41,158 [WARN] PackLoader:240 - Cannot read IP mode file for STMicroelectronics.X-CUBE-TOUCHGFX.4.26.0
2026-04-03 18:07:41,162 [WARN] PackLoader:240 - Cannot read IP mode file for STMicroelectronics.X-CUBE-TOUCHGFX.4.26.1
2026-04-03 18:07:41,165 [WARN] PackLoader:240 - Cannot read IP mode file for STMicroelectronics.FP-SNS-STAIOTCFT.1.0.0
2026-04-03 18:07:41,170 [WARN] PackLoader:240 - Cannot read IP mode file for STMicroelectronics.X-CUBE-DPower.1.3.0
2026-04-03 18:07:41,182 [WARN] ConditionMgr:438 - getConditionDescription Invalid condition id : LAN8742 Phy interface Condition cause : null
2026-04-03 18:07:41,183 [WARN] PackLoader:240 - Cannot read IP mode file for STMicroelectronics.X-CUBE-AZRTOS-L4.2.0.0
2026-04-03 18:07:41,183 [WARN] ConditionMgr:1044 - genDependencies : Invalid condition id : LAN8742 Phy interface Condition cause : null
2026-04-03 18:07:41,183 [WARN] ConditionMgr:1044 - genDependencies : Invalid condition id : LAN8742 Phy interface Condition cause : null
2026-04-03 18:07:41,184 [WARN] ConditionMgr:1044 - genDependencies : Invalid condition id : LAN8742 Phy interface Condition cause : null
2026-04-03 18:07:41,187 [WARN] PackLoader:240 - Cannot read IP mode file for STMicroelectronics.X-CUBE-SFXS2LP1.4.0.0
2026-04-03 18:07:41,191 [WARN] PackLoader:240 - Cannot read IP mode file for STMicroelectronics.X-CUBE-ST67W61.1.2.0
2026-04-03 18:07:41,200 [WARN] PackLoader:240 - Cannot read IP mode file for STMicroelectronics.X-CUBE-BLEMGR.4.1.0
2026-04-03 18:07:41,218 [WARN] ConditionMgr:438 - getConditionDescription Invalid condition id : UX DEVICE CLASS RTOS Condition cause : null
2026-04-03 18:07:41,219 [WARN] ConditionMgr:438 - getConditionDescription Invalid condition id : UX DEVICE CLASS RTOS Condition cause : null
2026-04-03 18:07:41,220 [WARN] PackLoader:240 - Cannot read IP mode file for STMicroelectronics.X-CUBE-AZRTOS-WB.2.0.0
2026-04-03 18:07:41,220 [WARN] ConditionMgr:1044 - genDependencies : Invalid condition id : UX DEVICE CLASS RTOS Condition cause : null
2026-04-03 18:07:41,220 [WARN] ConditionMgr:1044 - genDependencies : Invalid condition id : UX DEVICE CLASS RTOS Condition cause : null
2026-04-03 18:07:41,220 [WARN] ConditionMgr:1044 - genDependencies : Invalid condition id : UX DEVICE CLASS RTOS Condition cause : null
2026-04-03 18:07:41,220 [WARN] ConditionMgr:1044 - genDependencies : Invalid condition id : UX DEVICE CLASS RTOS Condition cause : null
2026-04-03 18:07:41,220 [WARN] ConditionMgr:1044 - genDependencies : Invalid condition id : UX DEVICE CLASS RTOS Condition cause : null
2026-04-03 18:07:41,223 [WARN] ConditionMgr:438 - getConditionDescription Invalid condition id : Cortex-A Device cause : null
2026-04-03 18:07:41,240 [WARN] ConditionMgr:1044 - genDependencies : Invalid condition id : Cortex-A Device cause : null
2026-04-03 18:07:41,240 [WARN] ConditionMgr:1044 - genDependencies : Invalid condition id : Cortex-A Device cause : null
2026-04-03 18:07:41,240 [WARN] ConditionMgr:1044 - genDependencies : Invalid condition id : Cortex-A Device cause : null
2026-04-03 18:07:41,245 [WARN] PackLoader:240 - Cannot read IP mode file for STMicroelectronics.X-CUBE-STSE01.2.0.0
2026-04-03 18:07:41,250 [WARN] PackLoader:240 - Cannot read IP mode file for STMicroelectronics.X-CUBE-SUBG2.5.0.0
2026-04-03 18:07:41,260 [WARN] PackLoader:240 - Cannot read IP mode file for STMicroelectronics.X-CUBE-AZRTOS-G4.2.0.0
2026-04-03 18:07:41,266 [WARN] PackLoader:240 - Cannot read IP mode file for wolfSSL.I-CUBE-wolfSSH.1.4.20
2026-04-03 18:07:41,269 [WARN] PackLoader:240 - Cannot read IP mode file for STMicroelectronics.X-CUBE-NFC7.2.0.0
2026-04-03 18:07:41,272 [WARN] PackLoader:240 - Cannot read IP mode file for STMicroelectronics.X-CUBE-ALS.1.0.2
2026-04-03 18:07:41,280 [WARN] PackLoader:240 - Cannot read IP mode file for STMicroelectronics.X-CUBE-TOF1.3.4.3
2026-04-03 18:07:41,285 [INFO] ThirdParty:978 - Integrity check success = true
2026-04-03 18:07:41,285 [INFO] IntegrityCheckThread:100 - exiting critical section [integrity check]
2026-04-03 18:07:41,285 [INFO] IntegrityCheckThread:103 - End integrity checks thread
2026-04-03 22:31:05,071 [ERROR] LogOutputStream:75 - [STDERR_REDIRECT] 
