2026-03-19 11:23:03,189 [INFO] WebApp:194 - Connection lost
2026-03-19 11:23:14,460 [INFO] WebApp:191 - Connection restablished
2026-03-19 11:23:15,956 [INFO] WebApp:194 - Connection lost
2026-03-19 11:23:16,072 [INFO] WebApp:191 - Connection restablished
2026-03-19 11:51:46,405 [INFO] Activator:176 - 


2026-03-19 11:51:46,408 [INFO] Activator:177 - !SESSION log4j initialized
2026-03-19 11:51:55,223 [INFO] LogOutputStream:77 - [STDOUT_REDIRECT] 
2026-03-19 11:51:56,786 [INFO] ApplicationProperties:184 - Using Application install path: C:\ST\STM32CubeIDE_1.19.0\STM32CubeIDE\plugins\com.st.stm32cube.common.mx_6.15.0.202507011659
2026-03-19 11:51:56,808 [INFO] DbMcusXml:78 - Set database path to: C:\ST\STM32CubeIDE_1.19.0\STM32CubeIDE\plugins\com.st.stm32cube.common.mx_6.15.0.202507011659\\db\/mcu/
2026-03-19 11:51:56,808 [INFO] ApiDb:274 - Set plugin database path to: C:\ST\STM32CubeIDE_1.19.0\STM32CubeIDE\plugins\com.st.stm32cube.common.mx_6.15.0.202507011659\\db\/plugins/boardmanager/
2026-03-19 11:51:56,808 [WARN] ApiDb:259 - Overriding images path with different value:  => C:\ST\STM32CubeIDE_1.19.0\STM32CubeIDE\plugins\com.st.stm32cube.common.mx_6.15.0.202507011659\\db\/plugins/mcufinder/images/
2026-03-19 11:51:56,819 [INFO] ApiDb:250 - Set database path to: C:\Users\Admin\.stmcufinder\plugins\mcufinder//mcu/
2026-03-19 11:51:56,820 [INFO] DbMcusAds:125 - Set database path to: C:\Users\Admin\.stmcufinder\plugins\mcufinder//mcu/
2026-03-19 11:51:56,822 [INFO] CrossReferenceDbSqlite:203 - Set database path to: C:\Users\Admin\.stmcufinder\plugins\mcufinder//mcu/cs/
2026-03-19 11:51:56,994 [INFO] RulesReader:64 - Compatibility file has been processed (317 Rules)
2026-03-19 11:51:57,109 [INFO] DbMcusXml:78 - Set database path to: C:\ST\STM32CubeIDE_1.19.0\STM32CubeIDE\plugins\com.st.stm32cube.common.mx_6.15.0.202507011659\\db\/mcu/
2026-03-19 11:51:57,109 [INFO] ApiDb:274 - Set plugin database path to: C:\ST\STM32CubeIDE_1.19.0\STM32CubeIDE\plugins\com.st.stm32cube.common.mx_6.15.0.202507011659\\db\/plugins/boardmanager/
2026-03-19 11:51:57,109 [INFO] ApiDb:261 - Set plugin images path to: C:\ST\STM32CubeIDE_1.19.0\STM32CubeIDE\plugins\com.st.stm32cube.common.mx_6.15.0.202507011659\\db\/plugins/mcufinder/images/
2026-03-19 11:51:57,109 [WARN] DbFile:41 - Overriding database path with different value: C:\Users\Admin\.stmcufinder\plugins\mcufinder/ => C:\Users\Admin\.stmcufinder\plugins\mcufinder
2026-03-19 11:51:57,110 [INFO] ApiDb:250 - Set database path to: C:\Users\Admin\.stmcufinder\plugins\mcufinder//mcu/
2026-03-19 11:51:57,110 [WARN] DbFile:41 - Overriding database path with different value: C:\Users\Admin\.stmcufinder\plugins\mcufinder/ => C:\Users\Admin\.stmcufinder\plugins\mcufinder
2026-03-19 11:51:57,110 [INFO] DbMcusAds:125 - Set database path to: C:\Users\Admin\.stmcufinder\plugins\mcufinder//mcu/
2026-03-19 11:51:57,110 [WARN] DbFile:41 - Overriding database path with different value: C:\Users\Admin\.stmcufinder\plugins\mcufinder/ => C:\Users\Admin\.stmcufinder\plugins\mcufinder
2026-03-19 11:51:57,110 [WARN] DbFile:41 - Overriding database path with different value: C:\Users\Admin\.stmcufinder\plugins\mcufinder/ => C:\Users\Admin\.stmcufinder\plugins\mcufinder
2026-03-19 11:51:57,110 [INFO] CrossReferenceDbSqlite:203 - Set database path to: C:\Users\Admin\.stmcufinder\plugins\mcufinder//mcu/cs/
2026-03-19 11:51:57,221 [INFO] MainPanel:274 - HeapMemory: 268435456
2026-03-19 11:51:57,383 [INFO] DbMcusXml:78 - Set database path to: C:\ST\STM32CubeIDE_1.19.0\STM32CubeIDE\plugins\com.st.stm32cube.common.mx_6.15.0.202507011659\\db\/mcu/
2026-03-19 11:51:57,383 [INFO] ApiDb:274 - Set plugin database path to: C:\ST\STM32CubeIDE_1.19.0\STM32CubeIDE\plugins\com.st.stm32cube.common.mx_6.15.0.202507011659\\db\/plugins/boardmanager/
2026-03-19 11:51:57,383 [INFO] ApiDb:261 - Set plugin images path to: C:\ST\STM32CubeIDE_1.19.0\STM32CubeIDE\plugins\com.st.stm32cube.common.mx_6.15.0.202507011659\\db\/plugins/mcufinder/images/
2026-03-19 11:51:57,383 [WARN] DbFile:41 - Overriding database path with different value: C:\Users\Admin\.stmcufinder\plugins\mcufinder/ => C:\Users\Admin\.stmcufinder\plugins\mcufinder
2026-03-19 11:51:57,384 [INFO] ApiDb:250 - Set database path to: C:\Users\Admin\.stmcufinder\plugins\mcufinder//mcu/
2026-03-19 11:51:57,384 [WARN] DbFile:41 - Overriding database path with different value: C:\Users\Admin\.stmcufinder\plugins\mcufinder/ => C:\Users\Admin\.stmcufinder\plugins\mcufinder
2026-03-19 11:51:57,384 [INFO] DbMcusAds:125 - Set database path to: C:\Users\Admin\.stmcufinder\plugins\mcufinder//mcu/
2026-03-19 11:51:57,384 [WARN] DbFile:41 - Overriding database path with different value: C:\Users\Admin\.stmcufinder\plugins\mcufinder/ => C:\Users\Admin\.stmcufinder\plugins\mcufinder
2026-03-19 11:51:57,384 [WARN] DbFile:41 - Overriding database path with different value: C:\Users\Admin\.stmcufinder\plugins\mcufinder/ => C:\Users\Admin\.stmcufinder\plugins\mcufinder
2026-03-19 11:51:57,384 [INFO] CrossReferenceDbSqlite:203 - Set database path to: C:\Users\Admin\.stmcufinder\plugins\mcufinder//mcu/cs/
2026-03-19 11:51:57,408 [INFO] ApplicationProperties:184 - Using Application install path: C:\ST\STM32CubeIDE_1.19.0\STM32CubeIDE\plugins\com.st.stm32cube.common.mx_6.15.0.202507011659
2026-03-19 11:51:57,410 [INFO] PluginManage:196 - Search for loadable plugins [exclusion list=, ]
2026-03-19 11:51:57,412 [INFO] PluginManage:310 - Check plugin analytics
2026-03-19 11:51:57,723 [INFO] AnalyticsPlugin:253 - Accepted Software Licenses: STM32CubeMX.6.15.0,STM32CubeMX.6.4.0,STM32CubeMX.6.12.0,STM32CubeMX.6.16.0
2026-03-19 11:51:57,724 [INFO] AnalyticsPlugin:255 - Accepted CMSIS Pack Licenses: STMicroelectronics.X-CUBE-DISPLAY.2.0.0,STMicroelectronics.X-CUBE-TOUCHGFX.4.18.0
2026-03-19 11:51:57,724 [INFO] AnalyticsPlugin:257 - Accepted Firmware Licenses: FW.F4.1.27.0,FW.G4.1.5.0,FW.G4.1.6.0,FW.F4.1.28.0,FW.F7.1.17.0,FW.G0.1.6.0,FW.H5.1.3.0,FW.H7.1.11.0,FW.L4.1.18.0,FW.L5.1.5.0,FW.U5.1.6.0,FW.WB.1.20.0
2026-03-19 11:51:57,727 [INFO] PluginManage:359 - Loaded plugin analytics (category:tool,tabindex:-1)
2026-03-19 11:51:57,728 [INFO] PluginManage:310 - Check plugin cadmodel
2026-03-19 11:51:57,764 [INFO] CADModel:105 - Init CAD model plugin
2026-03-19 11:51:57,765 [INFO] PluginManage:359 - Loaded plugin cadmodel (category:power,tabindex:5)
2026-03-19 11:51:57,765 [INFO] PluginManage:310 - Check plugin clock
2026-03-19 11:51:57,790 [INFO] PluginManage:359 - Loaded plugin clock (category:base,tabindex:2)
2026-03-19 11:51:57,790 [INFO] PluginManage:310 - Check plugin ddr
2026-03-19 11:51:57,795 [INFO] PluginManage:359 - Loaded plugin ddr (category:tool,tabindex:6)
2026-03-19 11:51:57,795 [INFO] PluginManage:310 - Check plugin filemanager
2026-03-19 11:51:58,037 [INFO] PluginManage:359 - Loaded plugin filemanager (category:base,tabindex:10)
2026-03-19 11:51:58,037 [INFO] PluginManage:310 - Check plugin ipmanager
2026-03-19 11:51:58,048 [INFO] PluginManage:359 - Loaded plugin ipmanager (category:base,tabindex:5)
2026-03-19 11:51:58,048 [INFO] PluginManage:310 - Check plugin lpbam
2026-03-19 11:51:58,075 [INFO] PluginManage:359 - Loaded plugin lpbam (category:base,tabindex:0)
2026-03-19 11:51:58,075 [INFO] PluginManage:310 - Check plugin memorymap
2026-03-19 11:51:58,110 [INFO] PluginManage:359 - Loaded plugin memorymap (category:base,tabindex:4)
2026-03-19 11:51:58,110 [INFO] PluginManage:310 - Check plugin pinoutandconfiguration
2026-03-19 11:51:58,141 [INFO] PluginManage:359 - Loaded plugin pinoutandconfiguration (category:base,tabindex:1)
2026-03-19 11:51:58,142 [INFO] PluginManage:310 - Check plugin pinoutconfig
2026-03-19 11:51:58,292 [WARN] SupportedApi:132 - Cannot load RTOS API schema: s4s-elt-must-match.1: The content of 'definitions' must match (annotation?, (simpleType | complexType)?, (unique | key | keyref)*)). A problem was found starting at: attribute.
2026-03-19 11:51:58,494 [INFO] PluginManage:359 - Loaded plugin pinoutconfig (category:base,tabindex:0)
2026-03-19 11:51:58,495 [INFO] PluginManage:310 - Check plugin power
2026-03-19 11:51:58,533 [INFO] PluginManage:359 - Loaded plugin power (category:power,tabindex:4)
2026-03-19 11:51:58,533 [INFO] PluginManage:310 - Check plugin projectmanager
2026-03-19 11:51:58,562 [INFO] PluginManage:359 - Loaded plugin projectmanager (category:projectmanager,tabindex:4)
2026-03-19 11:51:58,562 [INFO] PluginManage:310 - Check plugin rif
2026-03-19 11:51:58,595 [INFO] PluginManage:359 - Loaded plugin rif (category:base,tabindex:3)
2026-03-19 11:51:58,595 [INFO] PluginManage:310 - Check plugin thirdparty
2026-03-19 11:51:58,934 [INFO] PluginManage:359 - Loaded plugin thirdparty (category:base,tabindex:-1)
2026-03-19 11:51:58,934 [WARN] IntegrityCheckThread:84 - waiting for thirdparty lock release [integrity check]
2026-03-19 11:51:58,934 [INFO] IntegrityCheckThread:86 - entering critical section [integrity check]
2026-03-19 11:51:58,934 [INFO] PluginManage:310 - Check plugin tools
2026-03-19 11:51:58,935 [INFO] ThirdPartyUpdaterWithRetryManager:70 - Updater plugin not ready yet. [1/15]
2026-03-19 11:51:58,940 [INFO] PluginManage:359 - Loaded plugin tools (category:base,tabindex:7)
2026-03-19 11:51:58,940 [INFO] PluginManage:310 - Check plugin tutovideos
2026-03-19 11:51:59,345 [INFO] PluginManage:359 - Loaded plugin tutovideos (category:base,tabindex:-1)
2026-03-19 11:51:59,346 [INFO] PluginManage:310 - Check plugin updater
2026-03-19 11:51:59,381 [INFO] PluginManage:359 - Loaded plugin updater (category:base,tabindex:12)
2026-03-19 11:51:59,382 [INFO] PluginManage:310 - Check plugin userauth
2026-03-19 11:51:59,391 [INFO] UserAuth:118 - Init User Auth plugin
2026-03-19 11:51:59,393 [INFO] PluginManage:359 - Loaded plugin userauth (category:base,tabindex:14)
2026-03-19 11:51:59,395 [INFO] PluginManage:283 - PluginManage : Loaded plugins [18]
2026-03-19 11:51:59,780 [INFO] PinOutPanel:1589 - setPackage(No Configuration,No Configuration)
2026-03-19 11:51:59,899 [INFO] CADModel:165 - CPN selected for project level
2026-03-19 11:51:59,899 [INFO] CADModel:114 - Register for checkConnection events
2026-03-19 11:51:59,949 [INFO] IPUIPlugin:80 - create IPUIPlugin
2026-03-19 11:51:59,949 [INFO] PluginManager:220 - loadIPPluginJar : add adc
2026-03-19 11:52:00,023 [INFO] IPUIPlugin:80 - create IPUIPlugin
2026-03-19 11:52:00,024 [INFO] PluginManager:220 - loadIPPluginJar : add aes
2026-03-19 11:52:00,091 [INFO] IPUIPlugin:80 - create IPUIPlugin
2026-03-19 11:52:00,091 [INFO] PluginManager:220 - loadIPPluginJar : add can
2026-03-19 11:52:00,140 [INFO] IPUIPlugin:80 - create IPUIPlugin
2026-03-19 11:52:00,140 [INFO] PluginManager:220 - loadIPPluginJar : add comp
2026-03-19 11:52:00,196 [INFO] IPUIPlugin:80 - create IPUIPlugin
2026-03-19 11:52:00,196 [INFO] PluginManager:220 - loadIPPluginJar : add cryp
2026-03-19 11:52:00,236 [INFO] IPUIPlugin:80 - create IPUIPlugin
2026-03-19 11:52:00,236 [INFO] PluginManager:220 - loadIPPluginJar : add ddr_ctrl_phy
2026-03-19 11:52:00,241 [INFO] IPUIPlugin:80 - create IPUIPlugin
2026-03-19 11:52:00,241 [INFO] PluginManager:220 - loadIPPluginJar : add dfsdm
2026-03-19 11:52:00,266 [INFO] IPUIPlugin:80 - create IPUIPlugin
2026-03-19 11:52:00,267 [INFO] PluginManager:220 - loadIPPluginJar : add dma
2026-03-19 11:52:00,326 [INFO] IPUIPlugin:80 - create IPUIPlugin
2026-03-19 11:52:00,326 [INFO] PluginManager:220 - loadIPPluginJar : add dma3
2026-03-19 11:52:00,403 [INFO] IPUIPlugin:80 - create IPUIPlugin
2026-03-19 11:52:00,403 [INFO] PluginManager:220 - loadIPPluginJar : add extmemmanager
2026-03-19 11:52:00,437 [INFO] IPUIPlugin:80 - create IPUIPlugin
2026-03-19 11:52:00,437 [INFO] PluginManager:220 - loadIPPluginJar : add fatfs
2026-03-19 11:52:00,521 [INFO] IPUIPlugin:80 - create IPUIPlugin
2026-03-19 11:52:00,521 [INFO] PluginManager:220 - loadIPPluginJar : add fmc
2026-03-19 11:52:00,549 [INFO] IPUIPlugin:80 - create IPUIPlugin
2026-03-19 11:52:00,549 [INFO] PluginManager:220 - loadIPPluginJar : add freertos
2026-03-19 11:52:00,553 [INFO] IPUIPlugin:80 - create IPUIPlugin
2026-03-19 11:52:00,553 [INFO] PluginManager:220 - loadIPPluginJar : add genericplugin
2026-03-19 11:52:00,750 [INFO] IPUIPlugin:80 - create IPUIPlugin
2026-03-19 11:52:00,751 [INFO] PluginManager:220 - loadIPPluginJar : add gfxmmu
2026-03-19 11:52:00,997 [INFO] IPUIPlugin:80 - create IPUIPlugin
2026-03-19 11:52:00,999 [INFO] PluginManager:220 - loadIPPluginJar : add gic
2026-03-19 11:52:01,033 [INFO] IPUIPlugin:80 - create IPUIPlugin
2026-03-19 11:52:01,033 [INFO] PluginManager:220 - loadIPPluginJar : add gpio
2026-03-19 11:52:01,175 [INFO] IPUIPlugin:80 - create IPUIPlugin
2026-03-19 11:52:01,175 [INFO] PluginManager:220 - loadIPPluginJar : add gtzc
2026-03-19 11:52:01,180 [INFO] IPUIPlugin:80 - create IPUIPlugin
2026-03-19 11:52:01,180 [INFO] PluginManager:220 - loadIPPluginJar : add hash
2026-03-19 11:52:01,260 [INFO] IPUIPlugin:80 - create IPUIPlugin
2026-03-19 11:52:01,260 [INFO] PluginManager:220 - loadIPPluginJar : add i2c
2026-03-19 11:52:01,333 [INFO] IPUIPlugin:80 - create IPUIPlugin
2026-03-19 11:52:01,334 [INFO] PluginManager:220 - loadIPPluginJar : add i2s
2026-03-19 11:52:01,397 [INFO] IPUIPlugin:80 - create IPUIPlugin
2026-03-19 11:52:01,397 [INFO] PluginManager:220 - loadIPPluginJar : add i3c
2026-03-19 11:52:01,549 [INFO] IPUIPlugin:80 - create IPUIPlugin
2026-03-19 11:52:01,549 [INFO] PluginManager:220 - loadIPPluginJar : add ipddr
2026-03-19 11:52:01,700 [INFO] IPUIPlugin:80 - create IPUIPlugin
2026-03-19 11:52:01,700 [INFO] PluginManager:220 - loadIPPluginJar : add linkedlist
2026-03-19 11:52:01,707 [INFO] IPUIPlugin:80 - create IPUIPlugin
2026-03-19 11:52:01,707 [INFO] PluginManager:220 - loadIPPluginJar : add lorawan
2026-03-19 11:52:01,787 [INFO] IPUIPlugin:80 - create IPUIPlugin
2026-03-19 11:52:01,787 [INFO] PluginManager:220 - loadIPPluginJar : add ltdc
2026-03-19 11:52:01,833 [INFO] IPUIPlugin:80 - create IPUIPlugin
2026-03-19 11:52:01,834 [INFO] PluginManager:220 - loadIPPluginJar : add mdma
2026-03-19 11:52:01,891 [INFO] IPUIPlugin:80 - create IPUIPlugin
2026-03-19 11:52:01,892 [INFO] PluginManager:220 - loadIPPluginJar : add nvic
2026-03-19 11:52:01,936 [INFO] ThirdPartyUpdaterWithRetryManager:70 - Updater plugin not ready yet. [2/15]
2026-03-19 11:52:01,972 [INFO] IPUIPlugin:80 - create IPUIPlugin
2026-03-19 11:52:01,972 [INFO] PluginManager:220 - loadIPPluginJar : add opamp
2026-03-19 11:52:02,118 [INFO] IPUIPlugin:80 - create IPUIPlugin
2026-03-19 11:52:02,118 [INFO] PluginManager:220 - loadIPPluginJar : add openamp
2026-03-19 11:52:02,231 [INFO] IPUIPlugin:80 - create IPUIPlugin
2026-03-19 11:52:02,232 [INFO] PluginManager:220 - loadIPPluginJar : add pdm2pcm
2026-03-19 11:52:02,264 [INFO] IPUIPlugin:80 - create IPUIPlugin
2026-03-19 11:52:02,267 [INFO] PluginManager:220 - loadIPPluginJar : add plateformsettings
2026-03-19 11:52:02,329 [INFO] IPUIPlugin:80 - create IPUIPlugin
2026-03-19 11:52:02,329 [INFO] PluginManager:220 - loadIPPluginJar : add quadspi
2026-03-19 11:52:02,391 [INFO] IPUIPlugin:80 - create IPUIPlugin
2026-03-19 11:52:02,392 [INFO] PluginManager:220 - loadIPPluginJar : add radio
2026-03-19 11:52:02,435 [INFO] IPUIPlugin:80 - create IPUIPlugin
2026-03-19 11:52:02,435 [INFO] PluginManager:220 - loadIPPluginJar : add resmgrutility
2026-03-19 11:52:02,540 [INFO] IPUIPlugin:80 - create IPUIPlugin
2026-03-19 11:52:02,541 [INFO] PluginManager:220 - loadIPPluginJar : add sai
2026-03-19 11:52:02,624 [INFO] IPUIPlugin:80 - create IPUIPlugin
2026-03-19 11:52:02,624 [INFO] PluginManager:220 - loadIPPluginJar : add spi
2026-03-19 11:52:02,793 [INFO] IPUIPlugin:80 - create IPUIPlugin
2026-03-19 11:52:02,793 [INFO] PluginManager:220 - loadIPPluginJar : add stm32_wpan
2026-03-19 11:52:02,849 [INFO] IPUIPlugin:80 - create IPUIPlugin
2026-03-19 11:52:02,849 [INFO] PluginManager:220 - loadIPPluginJar : add tim
2026-03-19 11:52:02,978 [INFO] IPUIPlugin:80 - create IPUIPlugin
2026-03-19 11:52:02,978 [INFO] PluginManager:220 - loadIPPluginJar : add touchsensing
2026-03-19 11:52:02,982 [INFO] IPUIPlugin:80 - create IPUIPlugin
2026-03-19 11:52:02,982 [INFO] PluginManager:220 - loadIPPluginJar : add tracer_emb
2026-03-19 11:52:02,985 [INFO] IPUIPlugin:80 - create IPUIPlugin
2026-03-19 11:52:02,986 [INFO] PluginManager:220 - loadIPPluginJar : add ts
2026-03-19 11:52:03,029 [INFO] IPUIPlugin:80 - create IPUIPlugin
2026-03-19 11:52:03,029 [INFO] PluginManager:220 - loadIPPluginJar : add tsc
2026-03-19 11:52:03,034 [INFO] IPUIPlugin:80 - create IPUIPlugin
2026-03-19 11:52:03,034 [INFO] PluginManager:220 - loadIPPluginJar : add ucpd
2026-03-19 11:52:03,132 [INFO] IPUIPlugin:80 - create IPUIPlugin
2026-03-19 11:52:03,132 [INFO] PluginManager:220 - loadIPPluginJar : add usart
2026-03-19 11:52:03,222 [INFO] IPUIPlugin:80 - create IPUIPlugin
2026-03-19 11:52:03,223 [INFO] PluginManager:220 - loadIPPluginJar : add usbx
2026-03-19 11:52:03,391 [FATAL] Updater:351 - Updater called before beeing initialized
2026-03-19 11:52:03,459 [INFO] RulesReader:64 - Compatibility file has been processed (317 Rules)
2026-03-19 11:52:03,478 [INFO] RulesReader:64 - Compatibility file has been processed (317 Rules)
2026-03-19 11:52:03,494 [INFO] CADModel:165 - CPN selected for project level
2026-03-19 11:52:03,494 [INFO] CADModel:114 - Register for checkConnection events
2026-03-19 11:52:03,495 [FATAL] Updater:351 - Updater called before beeing initialized
2026-03-19 11:52:03,495 [ERROR] CADModel:125 - Updater not yet initialized, retry later 
2026-03-19 11:52:03,767 [FATAL] Updater:351 - Updater called before beeing initialized
2026-03-19 11:52:03,771 [INFO] CADModel:165 - CPN selected for project level
2026-03-19 11:52:03,771 [INFO] CADModel:114 - Register for checkConnection events
2026-03-19 11:52:03,771 [FATAL] Updater:351 - Updater called before beeing initialized
2026-03-19 11:52:03,772 [ERROR] CADModel:125 - Updater not yet initialized, retry later 
2026-03-19 11:52:03,778 [FATAL] Updater:351 - Updater called before beeing initialized
2026-03-19 11:52:03,964 [FATAL] Updater:351 - Updater called before beeing initialized
2026-03-19 11:52:03,976 [INFO] DbMcusAds:53 - JSON generation date=Wed Feb 18 15:32:49 CET 2026 (1771425169665)
2026-03-19 11:52:03,976 [FATAL] Updater:351 - Updater called before beeing initialized
2026-03-19 11:52:04,021 [WARN] DetailPanel:346 - Failed to get advertising image, set to default
2026-03-19 11:52:04,141 [FATAL] Updater:351 - Updater called before beeing initialized
2026-03-19 11:52:04,143 [FATAL] Updater:351 - Updater called before beeing initialized
2026-03-19 11:52:04,144 [FATAL] Updater:351 - Updater called before beeing initialized
2026-03-19 11:52:04,144 [WARN] DetailPanel:346 - Failed to get advertising image, set to default
2026-03-19 11:52:04,145 [FATAL] Updater:351 - Updater called before beeing initialized
2026-03-19 11:52:04,234 [ERROR] Updater:1198 - MainUpdater not yet initialized. External WinMGr cannot be set.
2026-03-19 11:52:04,240 [INFO] Updater:1134 - Updater Version found : 6.15.0
2026-03-19 11:52:04,264 [INFO] ApplicationProperties:184 - Using Application install path: C:\ST\STM32CubeIDE_1.19.0\STM32CubeIDE\plugins\com.st.stm32cube.common.mx_6.15.0.202507011659
2026-03-19 11:52:04,820 [INFO] MainUpdater:2872 - connection check result : 10
2026-03-19 11:52:04,821 [INFO] MainUpdater:289 - Updater Check For Update Now.
2026-03-19 11:52:04,821 [INFO] MicroXplorer:498 - Change Database Version : DB.6.0.150
2026-03-19 11:52:04,858 [INFO] McuFinderGlobals:63 - Set McuFinder mode to 2 (CubeIDE integrated)
2026-03-19 11:52:04,858 [INFO] UserAuth:171 - activating auth plugin
2026-03-19 11:52:04,864 [INFO] UserAuth:487 - Internet connection configuration mode: 1
2026-03-19 11:52:04,933 [INFO] JxBrowserEngine:152 - Initiate JxBrowser Engine with user profile folder
2026-03-19 11:52:04,938 [WARN] MainUpdater:1193 - Updater busy. Cannot search thirdparties
2026-03-19 11:52:04,938 [INFO] ThirdPartyUpdaterWithRetryManager:96 - Updater plugin is busy. [1/15]
2026-03-19 11:52:05,098 [INFO] CheckServerUpdateThread:120 - End of CheckServer Thread
2026-03-19 11:52:06,229 [INFO] WebApp:169 - Instantiating new browser for Auth
2026-03-19 11:52:07,711 [INFO] WebApp:463 - Apply proxy settings
2026-03-19 11:52:07,711 [INFO] WebApp:548 - Chromium requires no authentication
2026-03-19 11:52:07,783 [INFO] WebApp:491 - Direct internet connection detected
2026-03-19 11:52:07,896 [INFO] WebApp:900 - Register for checkConnection events
2026-03-19 11:52:07,896 [INFO] WebApp:463 - Apply proxy settings
2026-03-19 11:52:07,896 [INFO] WebApp:548 - Chromium requires no authentication
2026-03-19 11:52:07,897 [INFO] WebApp:491 - Direct internet connection detected
2026-03-19 11:52:08,372 [INFO] WebApp:191 - Connection restablished
2026-03-19 11:52:08,691 [WARN] PackLoader:240 - Cannot read IP mode file for STMicroelectronics.X-CUBE-AZRTOS-H7.3.5.0
2026-03-19 11:52:08,739 [WARN] PackLoader:240 - Cannot read IP mode file for STMicroelectronics.FP-SNS-MOTENVWB1.1.4.0
2026-03-19 11:52:08,754 [WARN] PackLoader:240 - Cannot read IP mode file for STMicroelectronics.FP-ATR-ASTRA1.2.0.2
2026-03-19 11:52:08,790 [WARN] PackLoader:240 - Cannot read IP mode file for STMicroelectronics.X-CUBE-SMBUS.2.1.0
2026-03-19 11:52:08,869 [WARN] PackLoader:240 - Cannot read IP mode file for STMicroelectronics.X-CUBE-AZRTOS-F7.1.1.0
2026-03-19 11:52:08,920 [WARN] PackLoader:240 - Cannot read IP mode file for STMicroelectronics.FP-SNS-MOTENV1.5.1.0
2026-03-19 11:52:08,949 [INFO] WebApp:225 - Starting web application
2026-03-19 11:52:08,950 [INFO] WebApp:593 - Web application path used C:\ST\STM32CubeIDE_1.19.0\STM32CubeIDE\plugins\com.st.stm32cube.common.mx_6.15.0.202507011659\db\plugins\mcufinder\reactClient1\index.html
2026-03-19 11:52:08,971 [WARN] PackLoader:240 - Cannot read IP mode file for WES.I-CUBE-Cesium.1.4.0
2026-03-19 11:52:09,045 [WARN] PackLoader:240 - Cannot read IP mode file for STMicroelectronics.X-CUBE-AZRTOS-H7.3.4.0
2026-03-19 11:52:09,079 [WARN] PackLoader:240 - Cannot read IP mode file for STMicroelectronics.X-CUBE-DISPLAY.3.0.0
2026-03-19 11:52:09,130 [WARN] PackLoader:240 - Cannot read IP mode file for STMicroelectronics.FP-SNS-MOTENVWB1.1.5.0
2026-03-19 11:52:09,202 [WARN] PackLoader:240 - Cannot read IP mode file for STMicroelectronics.X-CUBE-NFC10.1.0.0
2026-03-19 11:52:09,239 [WARN] PackLoader:240 - Cannot read IP mode file for STMicroelectronics.X-CUBE-ST60.1.1.0
2026-03-19 11:52:09,274 [WARN] PackLoader:240 - Cannot read IP mode file for emotas.I-CUBE-CANOPEN.1.3.0
2026-03-19 11:52:09,305 [WARN] PackLoader:240 - Cannot read IP mode file for STMicroelectronics.X-CUBE-GNSS1.7.1.0
2026-03-19 11:52:09,336 [WARN] PackLoader:240 - Cannot read IP mode file for STMicroelectronics.FP-SNS-STBOX1.2.1.0
2026-03-19 11:52:09,360 [WARN] PackLoader:240 - Cannot read IP mode file for STMicroelectronics.FP-SNS-SMARTAG2.1.2.0
2026-03-19 11:52:09,367 [WARN] PackLoader:240 - Cannot read IP mode file for STMicroelectronics.FP-SNS-FLIGHT1.5.1.0
2026-03-19 11:52:09,398 [INFO] LogOutputStream:77 - [STDOUT_REDIRECT] 1 : Invalid condition id : UX_CORESTACK_Condition cause : null
2026-03-19 11:52:09,399 [INFO] LogOutputStream:77 - [STDOUT_REDIRECT] 1 : Invalid condition id : UX_CORESTACK_Condition cause : null
2026-03-19 11:52:09,400 [INFO] LogOutputStream:77 - [STDOUT_REDIRECT] 1 : Invalid condition id : UX_CORESTACK_Condition cause : null
2026-03-19 11:52:09,401 [INFO] LogOutputStream:77 - [STDOUT_REDIRECT] 1 : Invalid condition id : UX_CORESTACK_Condition cause : null
2026-03-19 11:52:09,404 [INFO] LogOutputStream:77 - [STDOUT_REDIRECT] 1 : Invalid condition id : UX_CORESTACK_Condition cause : null
2026-03-19 11:52:09,408 [WARN] PackLoader:240 - Cannot read IP mode file for STMicroelectronics.X-CUBE-AZRTOS-WL.2.0.0
2026-03-19 11:52:09,452 [WARN] PackLoader:240 - Cannot read IP mode file for STMicroelectronics.X-CUBE-AZRTOS-H7RS.1.2.0
2026-03-19 11:52:09,479 [WARN] PackLoader:240 - Cannot read IP mode file for STMicroelectronics.X-CUBE-BLE2.3.3.0
2026-03-19 11:52:09,579 [WARN] PackLoader:240 - Cannot read IP mode file for Infineon.AIROC-Wi-Fi-Bluetooth-STM32.1.8.0
2026-03-19 11:52:09,617 [WARN] PackLoader:240 - Cannot read IP mode file for STMicroelectronics.X-CUBE-NFC9.1.0.0
2026-03-19 11:52:09,645 [WARN] PackLoader:240 - Cannot read IP mode file for STMicroelectronics.X-CUBE-BLE1.7.1.0
2026-03-19 11:52:09,667 [WARN] PackLoader:240 - Cannot read IP mode file for wolfSSL.I-CUBE-wolfMQTT.1.19.2
2026-03-19 11:52:09,690 [WARN] PackLoader:240 - Cannot read IP mode file for STMicroelectronics.X-CUBE-FREERTOS.1.4.0
2026-03-19 11:52:09,719 [WARN] PackLoader:240 - Cannot read IP mode file for STMicroelectronics.X-CUBE-EEPRMA1.5.2.0
2026-03-19 11:52:09,744 [WARN] PackLoader:240 - Cannot read IP mode file for wolfSSL.I-CUBE-wolfSSL.5.8.4
2026-03-19 11:52:09,753 [WARN] PackLoader:240 - Cannot read IP mode file for Cesanta.I-CUBE-Mongoose.7.20.0
2026-03-19 11:52:09,832 [WARN] PackLoader:240 - Cannot read IP mode file for STMicroelectronics.X-CUBE-MEMS1.12.0.0
2026-03-19 11:52:09,961 [WARN] PackLoader:240 - Cannot read IP mode file for STMicroelectronics.X-CUBE-AZRTOS-G0.1.1.0
2026-03-19 11:52:09,986 [WARN] PackLoader:240 - Cannot read IP mode file for STMicroelectronics.X-CUBE-NFC4.3.0.0
2026-03-19 11:52:10,013 [WARN] PackLoader:240 - Cannot read IP mode file for EmbeddedOffice.I-CUBE-FS-RTOS.1.0.1
2026-03-19 11:52:10,054 [WARN] PackLoader:240 - Cannot read IP mode file for STMicroelectronics.X-CUBE-WB05N.2.0.0
2026-03-19 11:52:10,063 [WARN] PackLoader:240 - Cannot read IP mode file for wolfSSL.I-CUBE-wolfTPM.3.8.0
2026-03-19 11:52:10,086 [WARN] PackLoader:240 - Cannot read IP mode file for STMicroelectronics.X-CUBE-TCPP.4.2.0
2026-03-19 11:52:10,107 [WARN] PackLoader:240 - Cannot read IP mode file for RealThread.X-CUBE-RT-Thread_Nano.4.1.1
2026-03-19 11:52:10,130 [WARN] PackLoader:240 - Cannot read IP mode file for STMicroelectronics.FP-ATR-SIGFOX1.3.2.0
2026-03-19 11:52:10,151 [WARN] PackLoader:240 - Cannot read IP mode file for STMicroelectronics.X-CUBE-FREERTOS.1.5.0
2026-03-19 11:52:10,176 [WARN] PackLoader:240 - Cannot read IP mode file for ITTIA_DB.I-CUBE-ITTIADB.8.9.0
2026-03-19 11:52:10,198 [WARN] PackLoader:240 - Cannot read IP mode file for STMicroelectronics.X-CUBE-NFC6.3.2.0
2026-03-19 11:52:10,219 [WARN] PackLoader:240 - Cannot read IP mode file for STMicroelectronics.X-CUBE-AI.10.2.0
2026-03-19 11:52:10,267 [WARN] PackLoader:240 - Cannot read IP mode file for SEGGER.I-CUBE-embOS.1.3.1
2026-03-19 11:52:10,316 [WARN] PackLoader:240 - Cannot read IP mode file for STMicroelectronics.X-CUBE-ALGOBUILD.1.4.0
2026-03-19 11:52:10,340 [WARN] PackLoader:240 - Cannot read IP mode file for STMicroelectronics.X-CUBE-PM33A1.1.0.0
2026-03-19 11:52:10,378 [WARN] PackLoader:240 - Cannot read IP mode file for STMicroelectronics.X-CUBE-AZRTOS-F4.1.1.0
2026-03-19 11:52:10,397 [WARN] PackLoader:240 - Cannot read IP mode file for STMicroelectronics.X-CUBE-ISPU.2.1.0
2026-03-19 11:52:10,426 [WARN] PackLoader:240 - Cannot read IP mode file for STMicroelectronics.X-CUBE-IPS.3.2.0
2026-03-19 11:52:10,450 [WARN] PackLoader:240 - Cannot read IP mode file for STMicroelectronics.X-CUBE-NFC12.1.0.0
2026-03-19 11:52:10,485 [WARN] PackLoader:240 - Cannot read IP mode file for STMicroelectronics.X-CUBE-AZRTOS-L5.2.0.0
2026-03-19 11:52:10,512 [WARN] PackLoader:240 - Cannot read IP mode file for STMicroelectronics.X-CUBE-TOUCHGFX.4.26.0
2026-03-19 11:52:10,532 [WARN] PackLoader:240 - Cannot read IP mode file for STMicroelectronics.X-CUBE-TOUCHGFX.4.26.1
2026-03-19 11:52:10,556 [WARN] PackLoader:240 - Cannot read IP mode file for STMicroelectronics.FP-SNS-STAIOTCFT.1.0.0
2026-03-19 11:52:10,576 [WARN] PackLoader:240 - Cannot read IP mode file for STMicroelectronics.X-CUBE-DPower.1.3.0
2026-03-19 11:52:10,622 [WARN] ConditionMgr:438 - getConditionDescription Invalid condition id : LAN8742 Phy interface Condition cause : null
2026-03-19 11:52:10,623 [WARN] PackLoader:240 - Cannot read IP mode file for STMicroelectronics.X-CUBE-AZRTOS-L4.2.0.0
2026-03-19 11:52:10,624 [WARN] ConditionMgr:1044 - genDependencies : Invalid condition id : LAN8742 Phy interface Condition cause : null
2026-03-19 11:52:10,625 [WARN] ConditionMgr:1044 - genDependencies : Invalid condition id : LAN8742 Phy interface Condition cause : null
2026-03-19 11:52:10,625 [WARN] ConditionMgr:1044 - genDependencies : Invalid condition id : LAN8742 Phy interface Condition cause : null
2026-03-19 11:52:10,653 [WARN] PackLoader:240 - Cannot read IP mode file for STMicroelectronics.X-CUBE-SFXS2LP1.4.0.0
2026-03-19 11:52:10,683 [WARN] PackLoader:240 - Cannot read IP mode file for STMicroelectronics.X-CUBE-ST67W61.1.2.0
2026-03-19 11:52:10,708 [WARN] PackLoader:240 - Cannot read IP mode file for STMicroelectronics.X-CUBE-BLEMGR.4.1.0
2026-03-19 11:52:10,745 [WARN] ConditionMgr:438 - getConditionDescription Invalid condition id : UX DEVICE CLASS RTOS Condition cause : null
2026-03-19 11:52:10,746 [WARN] ConditionMgr:438 - getConditionDescription Invalid condition id : UX DEVICE CLASS RTOS Condition cause : null
2026-03-19 11:52:10,747 [WARN] PackLoader:240 - Cannot read IP mode file for STMicroelectronics.X-CUBE-AZRTOS-WB.2.0.0
2026-03-19 11:52:10,748 [WARN] ConditionMgr:1044 - genDependencies : Invalid condition id : UX DEVICE CLASS RTOS Condition cause : null
2026-03-19 11:52:10,748 [WARN] ConditionMgr:1044 - genDependencies : Invalid condition id : UX DEVICE CLASS RTOS Condition cause : null
2026-03-19 11:52:10,748 [WARN] ConditionMgr:1044 - genDependencies : Invalid condition id : UX DEVICE CLASS RTOS Condition cause : null
2026-03-19 11:52:10,748 [WARN] ConditionMgr:1044 - genDependencies : Invalid condition id : UX DEVICE CLASS RTOS Condition cause : null
2026-03-19 11:52:10,748 [WARN] ConditionMgr:1044 - genDependencies : Invalid condition id : UX DEVICE CLASS RTOS Condition cause : null
2026-03-19 11:52:10,770 [WARN] ConditionMgr:438 - getConditionDescription Invalid condition id : Cortex-A Device cause : null
2026-03-19 11:52:10,802 [WARN] ConditionMgr:1044 - genDependencies : Invalid condition id : Cortex-A Device cause : null
2026-03-19 11:52:10,802 [WARN] ConditionMgr:1044 - genDependencies : Invalid condition id : Cortex-A Device cause : null
2026-03-19 11:52:10,802 [WARN] ConditionMgr:1044 - genDependencies : Invalid condition id : Cortex-A Device cause : null
2026-03-19 11:52:10,860 [WARN] PackLoader:240 - Cannot read IP mode file for STMicroelectronics.X-CUBE-STSE01.2.0.0
2026-03-19 11:52:10,897 [WARN] PackLoader:240 - Cannot read IP mode file for STMicroelectronics.X-CUBE-SUBG2.5.0.0
2026-03-19 11:52:10,952 [WARN] PackLoader:240 - Cannot read IP mode file for STMicroelectronics.X-CUBE-AZRTOS-G4.2.0.0
2026-03-19 11:52:10,961 [WARN] PackLoader:240 - Cannot read IP mode file for wolfSSL.I-CUBE-wolfSSH.1.4.20
2026-03-19 11:52:10,981 [WARN] PackLoader:240 - Cannot read IP mode file for STMicroelectronics.X-CUBE-NFC7.2.0.0
2026-03-19 11:52:11,001 [WARN] PackLoader:240 - Cannot read IP mode file for STMicroelectronics.X-CUBE-ALS.1.0.2
2026-03-19 11:52:11,028 [WARN] PackLoader:240 - Cannot read IP mode file for STMicroelectronics.X-CUBE-TOF1.3.4.3
2026-03-19 11:52:11,037 [INFO] ThirdParty:978 - Integrity check success = true
2026-03-19 11:52:11,037 [INFO] IntegrityCheckThread:100 - exiting critical section [integrity check]
2026-03-19 11:52:11,037 [INFO] IntegrityCheckThread:103 - End integrity checks thread
2026-03-19 11:53:19,510 [INFO] WebApp:194 - Connection lost
2026-03-19 11:53:19,708 [INFO] WebApp:191 - Connection restablished
2026-03-19 12:01:20,240 [INFO] WebApp:194 - Connection lost
2026-03-19 12:01:20,451 [INFO] WebApp:191 - Connection restablished
2026-03-19 12:23:19,563 [INFO] WebApp:194 - Connection lost
2026-03-19 12:23:19,760 [INFO] WebApp:191 - Connection restablished
2026-03-19 12:53:20,525 [INFO] WebApp:194 - Connection lost
2026-03-19 12:53:20,702 [INFO] WebApp:191 - Connection restablished
2026-03-19 13:54:58,599 [INFO] WebApp:194 - Connection lost
