20:20:47 **** Incremental Build of configuration Debug for project NAV_BOX ****
make -j12 all 
arm-none-eabi-gcc "../Core/Src/main.c" -mcpu=cortex-m4 -std=gnu11 -g3 -DDEBUG -DUSE_HAL_DRIVER -DSTM32F303x8 -c -I../Core/Inc -I../Drivers/STM32F3xx_HAL_Driver/Inc -I../Drivers/STM32F3xx_HAL_Driver/Inc/Legacy -I../Drivers/CMSIS/Device/ST/STM32F3xx/Include -I../Drivers/CMSIS/Include -O0 -ffunction-sections -fdata-sections -Wall -fstack-usage -fcyclomatic-complexity -MMD -MP -MF"Core/Src/main.d" -MT"Core/Src/main.o" --specs=nano.specs -mfpu=fpv4-sp-d16 -mfloat-abi=hard -mthumb -o "Core/Src/main.o"
arm-none-eabi-gcc "../Core/Src/stm32f3xx_hal_msp.c" -mcpu=cortex-m4 -std=gnu11 -g3 -DDEBUG -DUSE_HAL_DRIVER -DSTM32F303x8 -c -I../Core/Inc -I../Drivers/STM32F3xx_HAL_Driver/Inc -I../Drivers/STM32F3xx_HAL_Driver/Inc/Legacy -I../Drivers/CMSIS/Device/ST/STM32F3xx/Include -I../Drivers/CMSIS/Include -O0 -ffunction-sections -fdata-sections -Wall -fstack-usage -fcyclomatic-complexity -MMD -MP -MF"Core/Src/stm32f3xx_hal_msp.d" -MT"Core/Src/stm32f3xx_hal_msp.o" --specs=nano.specs -mfpu=fpv4-sp-d16 -mfloat-abi=hard -mthumb -o "Core/Src/stm32f3xx_hal_msp.o"
arm-none-eabi-gcc "../Core/Src/stm32f3xx_it.c" -mcpu=cortex-m4 -std=gnu11 -g3 -DDEBUG -DUSE_HAL_DRIVER -DSTM32F303x8 -c -I../Core/Inc -I../Drivers/STM32F3xx_HAL_Driver/Inc -I../Drivers/STM32F3xx_HAL_Driver/Inc/Legacy -I../Drivers/CMSIS/Device/ST/STM32F3xx/Include -I../Drivers/CMSIS/Include -O0 -ffunction-sections -fdata-sections -Wall -fstack-usage -fcyclomatic-complexity -MMD -MP -MF"Core/Src/stm32f3xx_it.d" -MT"Core/Src/stm32f3xx_it.o" --specs=nano.specs -mfpu=fpv4-sp-d16 -mfloat-abi=hard -mthumb -o "Core/Src/stm32f3xx_it.o"
In file included from ../Core/Src/main.c:35:
../Core/Inc/nslp_packets.h:120:1: warning: "/*" within comment [-Wcomment]
  120 | /*
      |  
../Core/Src/main.c: In function 'parse_gps_data':
../Core/Src/main.c:201:33: warning: unused variable 'parsecheck' [-Wunused-variable]
  201 |                         uint8_t parsecheck = UBX_ParseNavSolFrame(rx_buffer, sizeof(rx_buffer), &rawData, &solData);
      |                                 ^~~~~~~~~~
arm-none-eabi-g++ -o "NAV_BOX.elf" @"objects.list"   -mcpu=cortex-m4 -T"C:\Users\Admin\Documents\NoordungLabs\NAV_BOX_tofNlnd\NAV_BOX\STM32F303K8TX_FLASH.ld" --specs=nosys.specs -Wl,-Map="NAV_BOX.map" -Wl,--gc-sections -static --specs=nano.specs -mfpu=fpv4-sp-d16 -mfloat-abi=hard -mthumb -u _printf_float -u _scanf_float -Wl,--start-group -lc -lm -lstdc++ -lsupc++ -Wl,--end-group
Finished building target: NAV_BOX.elf
 
arm-none-eabi-size  NAV_BOX.elf 
arm-none-eabi-objdump -h -S NAV_BOX.elf  > "NAV_BOX.list"
   text	   data	    bss	    dec	    hex	filename
  63772	    508	   3320	  67600	  10810	NAV_BOX.elf
Finished building: default.size.stdout
 
Finished building: NAV_BOX.list
 

20:20:48 Build Finished. 0 errors, 2 warnings. (took 1s.167ms)

